2023-11-21 17:27:30,437 [INFO] Activator:176 - 


2023-11-21 17:27:30,446 [INFO] Activator:177 - !SESSION log4j initialized
2023-11-21 17:27:37,892 [INFO] LogOutputStream:77 - [STDOUT_REDIRECT] 
2023-11-21 17:28:01,259 [ERROR] LogOutputStream:75 - [STDERR_REDIRECT] SLF4J: Failed to load class "org.slf4j.impl.StaticLoggerBinder".
2023-11-21 17:28:01,260 [ERROR] LogOutputStream:75 - [STDERR_REDIRECT] SLF4J: Defaulting to no-operation (NOP) logger implementation
2023-11-21 17:28:01,262 [ERROR] LogOutputStream:75 - [STDERR_REDIRECT] SLF4J: See http://www.slf4j.org/codes.html#StaticLoggerBinder for further details.
2023-11-21 17:28:14,965 [INFO] ApplicationProperties:184 - Using Application install path: C:\ST\STM32CubeIDE_1.12.1\STM32CubeIDE\plugins\com.st.stm32cube.common.mx_6.8.1.202304191431
2023-11-21 17:28:14,979 [INFO] DbMcusXml:78 - Set database path to: C:\ST\STM32CubeIDE_1.12.1\STM32CubeIDE\plugins\com.st.stm32cube.common.mx_6.8.1.202304191431\\db\/mcu/
2023-11-21 17:28:14,980 [INFO] ApiDb:274 - Set plugin database path to: C:\ST\STM32CubeIDE_1.12.1\STM32CubeIDE\plugins\com.st.stm32cube.common.mx_6.8.1.202304191431\\db\/plugins/boardmanager/
2023-11-21 17:28:14,982 [WARN] ApiDb:259 - Overriding images path with different value:  => C:\ST\STM32CubeIDE_1.12.1\STM32CubeIDE\plugins\com.st.stm32cube.common.mx_6.8.1.202304191431\\db\/plugins/mcufinder/images/
2023-11-21 17:28:15,001 [INFO] ApiDb:250 - Set database path to: C:\Users\HP\.stmcufinder\plugins\mcufinder//mcu/
2023-11-21 17:28:15,003 [INFO] DbMcusAds:125 - Set database path to: C:\Users\HP\.stmcufinder\plugins\mcufinder//mcu/
2023-11-21 17:28:15,015 [INFO] CrossReferenceDbSqlite:203 - Set database path to: C:\Users\HP\.stmcufinder\plugins\mcufinder//mcu/cs/
2023-11-21 17:28:15,131 [INFO] DbMcusXml:78 - Set database path to: C:\ST\STM32CubeIDE_1.12.1\STM32CubeIDE\plugins\com.st.stm32cube.common.mx_6.8.1.202304191431\\db\/mcu/
2023-11-21 17:28:15,132 [INFO] ApiDb:274 - Set plugin database path to: C:\ST\STM32CubeIDE_1.12.1\STM32CubeIDE\plugins\com.st.stm32cube.common.mx_6.8.1.202304191431\\db\/plugins/boardmanager/
2023-11-21 17:28:15,132 [INFO] ApiDb:261 - Set plugin images path to: C:\ST\STM32CubeIDE_1.12.1\STM32CubeIDE\plugins\com.st.stm32cube.common.mx_6.8.1.202304191431\\db\/plugins/mcufinder/images/
2023-11-21 17:28:15,133 [WARN] DbFile:41 - Overriding database path with different value: C:\Users\HP\.stmcufinder\plugins\mcufinder/ => C:\Users\HP\.stmcufinder\plugins\mcufinder
2023-11-21 17:28:15,133 [INFO] ApiDb:250 - Set database path to: C:\Users\HP\.stmcufinder\plugins\mcufinder//mcu/
2023-11-21 17:28:15,133 [WARN] DbFile:41 - Overriding database path with different value: C:\Users\HP\.stmcufinder\plugins\mcufinder/ => C:\Users\HP\.stmcufinder\plugins\mcufinder
2023-11-21 17:28:15,133 [INFO] DbMcusAds:125 - Set database path to: C:\Users\HP\.stmcufinder\plugins\mcufinder//mcu/
2023-11-21 17:28:15,133 [WARN] DbFile:41 - Overriding database path with different value: C:\Users\HP\.stmcufinder\plugins\mcufinder/ => C:\Users\HP\.stmcufinder\plugins\mcufinder
2023-11-21 17:28:15,134 [WARN] DbFile:41 - Overriding database path with different value: C:\Users\HP\.stmcufinder\plugins\mcufinder/ => C:\Users\HP\.stmcufinder\plugins\mcufinder
2023-11-21 17:28:15,134 [INFO] CrossReferenceDbSqlite:203 - Set database path to: C:\Users\HP\.stmcufinder\plugins\mcufinder//mcu/cs/
2023-11-21 17:28:15,297 [INFO] MainPanel:253 - HeapMemory: 338690048
2023-11-21 17:28:15,471 [INFO] DbMcusXml:78 - Set database path to: C:\ST\STM32CubeIDE_1.12.1\STM32CubeIDE\plugins\com.st.stm32cube.common.mx_6.8.1.202304191431\\db\/mcu/
2023-11-21 17:28:15,471 [INFO] ApiDb:274 - Set plugin database path to: C:\ST\STM32CubeIDE_1.12.1\STM32CubeIDE\plugins\com.st.stm32cube.common.mx_6.8.1.202304191431\\db\/plugins/boardmanager/
2023-11-21 17:28:15,472 [INFO] ApiDb:261 - Set plugin images path to: C:\ST\STM32CubeIDE_1.12.1\STM32CubeIDE\plugins\com.st.stm32cube.common.mx_6.8.1.202304191431\\db\/plugins/mcufinder/images/
2023-11-21 17:28:15,472 [WARN] DbFile:41 - Overriding database path with different value: C:\Users\HP\.stmcufinder\plugins\mcufinder/ => C:\Users\HP\.stmcufinder\plugins\mcufinder
2023-11-21 17:28:15,473 [INFO] ApiDb:250 - Set database path to: C:\Users\HP\.stmcufinder\plugins\mcufinder//mcu/
2023-11-21 17:28:15,473 [WARN] DbFile:41 - Overriding database path with different value: C:\Users\HP\.stmcufinder\plugins\mcufinder/ => C:\Users\HP\.stmcufinder\plugins\mcufinder
2023-11-21 17:28:15,473 [INFO] DbMcusAds:125 - Set database path to: C:\Users\HP\.stmcufinder\plugins\mcufinder//mcu/
2023-11-21 17:28:15,473 [WARN] DbFile:41 - Overriding database path with different value: C:\Users\HP\.stmcufinder\plugins\mcufinder/ => C:\Users\HP\.stmcufinder\plugins\mcufinder
2023-11-21 17:28:15,473 [WARN] DbFile:41 - Overriding database path with different value: C:\Users\HP\.stmcufinder\plugins\mcufinder/ => C:\Users\HP\.stmcufinder\plugins\mcufinder
2023-11-21 17:28:15,473 [INFO] CrossReferenceDbSqlite:203 - Set database path to: C:\Users\HP\.stmcufinder\plugins\mcufinder//mcu/cs/
2023-11-21 17:28:15,502 [INFO] ApplicationProperties:184 - Using Application install path: C:\ST\STM32CubeIDE_1.12.1\STM32CubeIDE\plugins\com.st.stm32cube.common.mx_6.8.1.202304191431
2023-11-21 17:28:15,504 [INFO] PluginManage:196 - Search for loadable plugins [exclusion list=, ]
2023-11-21 17:28:15,523 [INFO] PluginManage:310 - Check plugin analytics
2023-11-21 17:28:15,751 [INFO] AnalyticsPlugin:253 - Accepted Software Licenses: 
2023-11-21 17:28:15,751 [INFO] AnalyticsPlugin:255 - Accepted CMSIS Pack Licenses: 
2023-11-21 17:28:15,752 [INFO] AnalyticsPlugin:257 - Accepted Firmware Licenses: FW.G4.1.5.0,FW.F7.1.17.0
2023-11-21 17:28:15,761 [INFO] PluginManage:359 - Loaded plugin analytics (category:tool,tabindex:-1)
2023-11-21 17:28:15,761 [INFO] PluginManage:310 - Check plugin cadmodel
2023-11-21 17:28:15,785 [INFO] CADModel:105 - Init CAD model plugin
2023-11-21 17:28:15,785 [INFO] PluginManage:359 - Loaded plugin cadmodel (category:power,tabindex:5)
2023-11-21 17:28:15,785 [INFO] PluginManage:310 - Check plugin clock
2023-11-21 17:28:15,813 [INFO] PluginManage:359 - Loaded plugin clock (category:base,tabindex:2)
2023-11-21 17:28:15,814 [INFO] PluginManage:310 - Check plugin ddr
2023-11-21 17:28:15,819 [INFO] PluginManage:359 - Loaded plugin ddr (category:tool,tabindex:6)
2023-11-21 17:28:15,819 [INFO] PluginManage:310 - Check plugin filemanager
2023-11-21 17:28:16,041 [INFO] PluginManage:359 - Loaded plugin filemanager (category:base,tabindex:10)
2023-11-21 17:28:16,041 [INFO] PluginManage:310 - Check plugin ipmanager
2023-11-21 17:28:16,053 [INFO] PluginManage:359 - Loaded plugin ipmanager (category:base,tabindex:5)
2023-11-21 17:28:16,053 [INFO] PluginManage:310 - Check plugin lpbam
2023-11-21 17:28:16,075 [INFO] PluginManage:359 - Loaded plugin lpbam (category:base,tabindex:0)
2023-11-21 17:28:16,075 [INFO] PluginManage:310 - Check plugin pinoutandconfiguration
2023-11-21 17:28:16,102 [INFO] PluginManage:359 - Loaded plugin pinoutandconfiguration (category:base,tabindex:1)
2023-11-21 17:28:16,103 [INFO] PluginManage:310 - Check plugin pinoutconfig
2023-11-21 17:28:16,240 [WARN] SupportedApi:132 - Cannot load RTOS API schema: s4s-elt-must-match.1: The content of 'definitions' must match (annotation?, (simpleType | complexType)?, (unique | key | keyref)*)). A problem was found starting at: attribute.
2023-11-21 17:28:16,424 [INFO] PluginManage:359 - Loaded plugin pinoutconfig (category:base,tabindex:0)
2023-11-21 17:28:16,424 [INFO] PluginManage:310 - Check plugin power
2023-11-21 17:28:16,449 [INFO] PluginManage:359 - Loaded plugin power (category:power,tabindex:4)
2023-11-21 17:28:16,449 [INFO] PluginManage:310 - Check plugin projectmanager
2023-11-21 17:28:16,467 [INFO] PluginManage:359 - Loaded plugin projectmanager (category:projectmanager,tabindex:3)
2023-11-21 17:28:16,467 [INFO] PluginManage:310 - Check plugin thirdparty
2023-11-21 17:28:16,747 [INFO] PluginManage:359 - Loaded plugin thirdparty (category:base,tabindex:-1)
2023-11-21 17:28:16,747 [WARN] IntegrityCheckThread:84 - waiting for thirdparty lock release [integrity check]
2023-11-21 17:28:16,747 [INFO] PluginManage:310 - Check plugin tools
2023-11-21 17:28:16,747 [INFO] IntegrityCheckThread:86 - entering critical section [integrity check]
2023-11-21 17:28:16,749 [INFO] ThirdPartyUpdaterWithRetryManager:70 - Updater plugin not ready yet. [1/15]
2023-11-21 17:28:16,780 [INFO] PluginManage:359 - Loaded plugin tools (category:base,tabindex:7)
2023-11-21 17:28:16,780 [INFO] PluginManage:310 - Check plugin tutovideos
2023-11-21 17:28:17,126 [INFO] PluginManage:359 - Loaded plugin tutovideos (category:base,tabindex:-1)
2023-11-21 17:28:17,127 [INFO] PluginManage:310 - Check plugin updater
2023-11-21 17:28:17,203 [INFO] PluginManage:359 - Loaded plugin updater (category:base,tabindex:12)
2023-11-21 17:28:17,204 [INFO] PluginManage:283 - PluginManage : Loaded plugins [15]
2023-11-21 17:28:17,579 [INFO] PinOutPanel:1499 - setPackage(No Configuration,No Configuration)
2023-11-21 17:28:17,670 [INFO] CADModel:165 - CPN selected for project level
2023-11-21 17:28:17,670 [INFO] CADModel:114 - Register for checkConnection events
2023-11-21 17:28:17,715 [INFO] IPUIPlugin:80 - create IPUIPlugin
2023-11-21 17:28:17,716 [INFO] PluginManager:220 - loadIPPluginJar : add adc
2023-11-21 17:28:17,754 [INFO] IPUIPlugin:80 - create IPUIPlugin
2023-11-21 17:28:17,754 [INFO] PluginManager:220 - loadIPPluginJar : add aes
2023-11-21 17:28:17,799 [INFO] IPUIPlugin:80 - create IPUIPlugin
2023-11-21 17:28:17,799 [INFO] PluginManager:220 - loadIPPluginJar : add can
2023-11-21 17:28:17,836 [INFO] IPUIPlugin:80 - create IPUIPlugin
2023-11-21 17:28:17,837 [INFO] PluginManager:220 - loadIPPluginJar : add comp
2023-11-21 17:28:17,899 [INFO] IPUIPlugin:80 - create IPUIPlugin
2023-11-21 17:28:17,899 [INFO] PluginManager:220 - loadIPPluginJar : add cryp
2023-11-21 17:28:17,937 [INFO] IPUIPlugin:80 - create IPUIPlugin
2023-11-21 17:28:17,937 [INFO] PluginManager:220 - loadIPPluginJar : add dfsdm
2023-11-21 17:28:17,962 [INFO] IPUIPlugin:80 - create IPUIPlugin
2023-11-21 17:28:17,962 [INFO] PluginManager:220 - loadIPPluginJar : add dma
2023-11-21 17:28:18,013 [INFO] IPUIPlugin:80 - create IPUIPlugin
2023-11-21 17:28:18,013 [INFO] PluginManager:220 - loadIPPluginJar : add dma3
2023-11-21 17:28:18,035 [INFO] IPUIPlugin:80 - create IPUIPlugin
2023-11-21 17:28:18,035 [INFO] PluginManager:220 - loadIPPluginJar : add fatfs
2023-11-21 17:28:18,091 [INFO] IPUIPlugin:80 - create IPUIPlugin
2023-11-21 17:28:18,092 [INFO] PluginManager:220 - loadIPPluginJar : add fmc
2023-11-21 17:28:18,130 [INFO] IPUIPlugin:80 - create IPUIPlugin
2023-11-21 17:28:18,130 [INFO] PluginManager:220 - loadIPPluginJar : add freertos
2023-11-21 17:28:18,153 [INFO] IPUIPlugin:80 - create IPUIPlugin
2023-11-21 17:28:18,154 [INFO] PluginManager:220 - loadIPPluginJar : add genericplugin
2023-11-21 17:28:18,272 [INFO] IPUIPlugin:80 - create IPUIPlugin
2023-11-21 17:28:18,272 [INFO] PluginManager:220 - loadIPPluginJar : add gfxmmu
2023-11-21 17:28:18,402 [INFO] IPUIPlugin:80 - create IPUIPlugin
2023-11-21 17:28:18,402 [INFO] PluginManager:220 - loadIPPluginJar : add gic
2023-11-21 17:28:18,417 [INFO] IPUIPlugin:80 - create IPUIPlugin
2023-11-21 17:28:18,417 [INFO] PluginManager:220 - loadIPPluginJar : add gpio
2023-11-21 17:28:18,516 [INFO] IPUIPlugin:80 - create IPUIPlugin
2023-11-21 17:28:18,516 [INFO] PluginManager:220 - loadIPPluginJar : add gtzc
2023-11-21 17:28:18,549 [INFO] IPUIPlugin:80 - create IPUIPlugin
2023-11-21 17:28:18,549 [INFO] PluginManager:220 - loadIPPluginJar : add hash
2023-11-21 17:28:18,597 [INFO] IPUIPlugin:80 - create IPUIPlugin
2023-11-21 17:28:18,597 [INFO] PluginManager:220 - loadIPPluginJar : add i2c
2023-11-21 17:28:18,634 [INFO] IPUIPlugin:80 - create IPUIPlugin
2023-11-21 17:28:18,634 [INFO] PluginManager:220 - loadIPPluginJar : add i2s
2023-11-21 17:28:18,678 [INFO] IPUIPlugin:80 - create IPUIPlugin
2023-11-21 17:28:18,678 [INFO] PluginManager:220 - loadIPPluginJar : add i3c
2023-11-21 17:28:18,841 [INFO] IPUIPlugin:80 - create IPUIPlugin
2023-11-21 17:28:18,841 [INFO] PluginManager:220 - loadIPPluginJar : add ipddr
2023-11-21 17:28:18,951 [INFO] IPUIPlugin:80 - create IPUIPlugin
2023-11-21 17:28:18,952 [INFO] PluginManager:220 - loadIPPluginJar : add linkedlist
2023-11-21 17:28:19,008 [INFO] IPUIPlugin:80 - create IPUIPlugin
2023-11-21 17:28:19,008 [INFO] PluginManager:220 - loadIPPluginJar : add lorawan
2023-11-21 17:28:19,051 [INFO] IPUIPlugin:80 - create IPUIPlugin
2023-11-21 17:28:19,051 [INFO] PluginManager:220 - loadIPPluginJar : add ltdc
2023-11-21 17:28:19,069 [INFO] IPUIPlugin:80 - create IPUIPlugin
2023-11-21 17:28:19,069 [INFO] PluginManager:220 - loadIPPluginJar : add mdma
2023-11-21 17:28:19,085 [INFO] IPUIPlugin:80 - create IPUIPlugin
2023-11-21 17:28:19,085 [INFO] PluginManager:220 - loadIPPluginJar : add nvic
2023-11-21 17:28:19,133 [INFO] IPUIPlugin:80 - create IPUIPlugin
2023-11-21 17:28:19,133 [INFO] PluginManager:220 - loadIPPluginJar : add opamp
2023-11-21 17:28:19,207 [INFO] IPUIPlugin:80 - create IPUIPlugin
2023-11-21 17:28:19,207 [INFO] PluginManager:220 - loadIPPluginJar : add openamp
2023-11-21 17:28:19,260 [INFO] IPUIPlugin:80 - create IPUIPlugin
2023-11-21 17:28:19,261 [INFO] PluginManager:220 - loadIPPluginJar : add pdm2pcm
2023-11-21 17:28:19,277 [INFO] IPUIPlugin:80 - create IPUIPlugin
2023-11-21 17:28:19,280 [INFO] PluginManager:220 - loadIPPluginJar : add plateformsettings
2023-11-21 17:28:19,304 [INFO] IPUIPlugin:80 - create IPUIPlugin
2023-11-21 17:28:19,305 [INFO] PluginManager:220 - loadIPPluginJar : add quadspi
2023-11-21 17:28:19,320 [INFO] IPUIPlugin:80 - create IPUIPlugin
2023-11-21 17:28:19,320 [INFO] PluginManager:220 - loadIPPluginJar : add resmgrutility
2023-11-21 17:28:19,370 [INFO] IPUIPlugin:80 - create IPUIPlugin
2023-11-21 17:28:19,370 [INFO] PluginManager:220 - loadIPPluginJar : add sai
2023-11-21 17:28:19,410 [INFO] IPUIPlugin:80 - create IPUIPlugin
2023-11-21 17:28:19,410 [INFO] PluginManager:220 - loadIPPluginJar : add spi
2023-11-21 17:28:19,482 [INFO] IPUIPlugin:80 - create IPUIPlugin
2023-11-21 17:28:19,482 [INFO] PluginManager:220 - loadIPPluginJar : add stm32_wpan
2023-11-21 17:28:19,507 [INFO] IPUIPlugin:80 - create IPUIPlugin
2023-11-21 17:28:19,507 [INFO] PluginManager:220 - loadIPPluginJar : add tim
2023-11-21 17:28:19,574 [INFO] IPUIPlugin:80 - create IPUIPlugin
2023-11-21 17:28:19,574 [INFO] PluginManager:220 - loadIPPluginJar : add touchsensing
2023-11-21 17:28:19,598 [INFO] IPUIPlugin:80 - create IPUIPlugin
2023-11-21 17:28:19,598 [INFO] PluginManager:220 - loadIPPluginJar : add tracer_emb
2023-11-21 17:28:19,632 [INFO] IPUIPlugin:80 - create IPUIPlugin
2023-11-21 17:28:19,632 [INFO] PluginManager:220 - loadIPPluginJar : add ts
2023-11-21 17:28:19,655 [INFO] IPUIPlugin:80 - create IPUIPlugin
2023-11-21 17:28:19,655 [INFO] PluginManager:220 - loadIPPluginJar : add tsc
2023-11-21 17:28:19,678 [INFO] IPUIPlugin:80 - create IPUIPlugin
2023-11-21 17:28:19,678 [INFO] PluginManager:220 - loadIPPluginJar : add ucpd
2023-11-21 17:28:19,724 [INFO] IPUIPlugin:80 - create IPUIPlugin
2023-11-21 17:28:19,724 [INFO] PluginManager:220 - loadIPPluginJar : add usart
2023-11-21 17:28:19,756 [INFO] ThirdPartyUpdaterWithRetryManager:70 - Updater plugin not ready yet. [2/15]
2023-11-21 17:28:19,770 [INFO] IPUIPlugin:80 - create IPUIPlugin
2023-11-21 17:28:19,770 [INFO] PluginManager:220 - loadIPPluginJar : add usbx
2023-11-21 17:28:19,934 [INFO] CADModel:165 - CPN selected for project level
2023-11-21 17:28:19,934 [INFO] CADModel:114 - Register for checkConnection events
2023-11-21 17:28:19,935 [FATAL] Updater:308 - Updater called before beeing initialized
2023-11-21 17:28:19,935 [ERROR] CADModel:125 - Updater not yet initialized, retry later 
2023-11-21 17:28:20,163 [INFO] CADModel:165 - CPN selected for project level
2023-11-21 17:28:20,163 [INFO] CADModel:114 - Register for checkConnection events
2023-11-21 17:28:20,163 [FATAL] Updater:308 - Updater called before beeing initialized
2023-11-21 17:28:20,163 [ERROR] CADModel:125 - Updater not yet initialized, retry later 
2023-11-21 17:28:20,169 [FATAL] Updater:308 - Updater called before beeing initialized
2023-11-21 17:28:20,329 [FATAL] Updater:308 - Updater called before beeing initialized
2023-11-21 17:28:20,341 [INFO] DbMcusAds:53 - JSON generation date=Tue Mar 07 09:50:55 CET 2023 (1678179055335)
2023-11-21 17:28:20,342 [FATAL] Updater:308 - Updater called before beeing initialized
2023-11-21 17:28:20,420 [WARN] DetailPanel:346 - Failed to get advertising image, set to default
2023-11-21 17:28:20,532 [FATAL] Updater:308 - Updater called before beeing initialized
2023-11-21 17:28:20,535 [FATAL] Updater:308 - Updater called before beeing initialized
2023-11-21 17:28:20,536 [FATAL] Updater:308 - Updater called before beeing initialized
2023-11-21 17:28:20,536 [WARN] DetailPanel:346 - Failed to get advertising image, set to default
2023-11-21 17:28:20,537 [FATAL] Updater:308 - Updater called before beeing initialized
2023-11-21 17:28:20,616 [ERROR] Updater:1120 - MainUpdater not yet initialized. External WinMGr cannot be set.
2023-11-21 17:28:20,627 [INFO] Updater:1056 - Updater Version found : 6.8.1
2023-11-21 17:28:20,662 [INFO] ApplicationProperties:184 - Using Application install path: C:\ST\STM32CubeIDE_1.12.1\STM32CubeIDE\plugins\com.st.stm32cube.common.mx_6.8.1.202304191431
2023-11-21 17:28:20,930 [INFO] MainUpdater:2854 - connection check result : 10
2023-11-21 17:28:20,930 [INFO] MainUpdater:3548 - Updater definition file requires update
2023-11-21 17:28:20,931 [INFO] MainUpdater:283 - Updater Check For Update Now.
2023-11-21 17:28:20,932 [INFO] MicroXplorer:498 - Change Database Version : DB.6.0.81
2023-11-21 17:28:21,079 [INFO] ServerAccessManage:473 - Download File updaters.zip
2023-11-21 17:28:21,302 [INFO] FileExtend:240 - Unzip File : updaters.zip
2023-11-21 17:28:21,302 [INFO] FileExtend:255 - Standard Zip Deflate
2023-11-21 17:28:21,919 [INFO] ServerAccessManage:473 - Download File PacksControlFlags.xml
2023-11-21 17:28:22,132 [INFO] ServerAccessManage:473 - Download File cubemx.pidx
2023-11-21 17:28:22,758 [WARN] MainUpdater:1187 - Updater busy. Cannot search thirdparties
2023-11-21 17:28:22,759 [INFO] ThirdPartyUpdaterWithRetryManager:96 - Updater plugin is busy. [1/15]
2023-11-21 17:28:23,440 [INFO] ServerAccessManage:473 - Download File STMicroelectronics.X-CUBE-TOF1.pdsc
2023-11-21 17:28:24,554 [ERROR] ServerAccessManage:1089 - Problem, file not found on Server
2023-11-21 17:28:25,770 [WARN] MainUpdater:1187 - Updater busy. Cannot search thirdparties
2023-11-21 17:28:25,770 [INFO] ThirdPartyUpdaterWithRetryManager:96 - Updater plugin is busy. [2/15]
2023-11-21 17:28:25,782 [ERROR] ServerAccessManage:1096 - Problem, Http access forbiden
2023-11-21 17:28:25,783 [ERROR] ServerAccessManage:651 - Problem, Http access forbiden : RoweBots.I-CUBE-UNISONRTOS.pdsc.
2023-11-21 17:28:26,047 [WARN] PackLoader:240 - Cannot read IP mode file for STMicroelectronics.X-CUBE-TOF1.3.4.0
2023-11-21 17:28:26,097 [INFO] PopulateThirdPartyThread:66 - Ending populate Thread
2023-11-21 17:28:26,105 [INFO] ThirdParty:1030 - CMSIS Pack Vendor :STMicroelectronics X-CUBE-TOF1 3.4.0
2023-11-21 17:28:26,105 [INFO] LoadServerUpdatesThread:373 - End of LoadServerUpdate Thread
2023-11-21 17:28:26,184 [INFO] CheckServerUpdateThread:120 - End of CheckServer Thread
2023-11-21 17:28:26,308 [INFO] MainUpdater:2854 - connection check result : 10
2023-11-21 17:28:26,316 [INFO] MainUpdater:2854 - connection check result : 10
2023-11-21 17:28:26,521 [INFO] MicroXplorer:468 - Change Database Path : 
2023-11-21 17:28:26,521 [INFO] MicroXplorer:498 - Change Database Version : DB.6.0.81
2023-11-21 17:28:26,522 [WARN] ThirdParty:871 - waiting for thirdparty lock release [close project]
2023-11-21 17:28:29,047 [WARN] PackLoader:240 - Cannot read IP mode file for STMicroelectronics.X-CUBE-SMBUS.2.1.0
2023-11-21 17:28:29,109 [WARN] PackLoader:240 - Cannot read IP mode file for STMicroelectronics.X-CUBE-AZRTOS-F7.1.1.0
2023-11-21 17:28:29,135 [WARN] PackLoader:240 - Cannot read IP mode file for STMicroelectronics.FP-SNS-MOTENV1.4.3.2
2023-11-21 17:28:29,156 [ERROR] RealEvaluatedCondition:428 - Found unsupported composite condition: CLASS='Data Exchange' GROUP='STM32_MetaDataManager'
2023-11-21 17:28:29,156 [ERROR] RealEvaluatedCondition:428 - Found unsupported composite condition: GROUP='STM32_MetaDataManager' CLASS='Data Exchange'
2023-11-21 17:28:29,159 [WARN] PackLoader:240 - Cannot read IP mode file for STMicroelectronics.FP-SNS-MOTENV1.4.3.1
2023-11-21 17:28:29,186 [WARN] PackLoader:240 - Cannot read IP mode file for STMicroelectronics.FP-SNS-FLIGHT1.5.0.1
2023-11-21 17:28:29,240 [WARN] PackLoader:240 - Cannot read IP mode file for STMicroelectronics.X-CUBE-BLE1.6.2.4
2023-11-21 17:28:29,254 [WARN] PackLoader:240 - Cannot read IP mode file for STMicroelectronics.FP-SNS-FLIGHT1.5.0.2
2023-11-21 17:28:29,279 [WARN] PackLoader:240 - Cannot read IP mode file for STMicroelectronics.X-CUBE-DISPLAY.3.0.0
2023-11-21 17:28:29,341 [WARN] PackLoader:240 - Cannot read IP mode file for STMicroelectronics.X-CUBE-BLE1.7.0.0
2023-11-21 17:28:29,374 [WARN] PackLoader:240 - Cannot read IP mode file for STMicroelectronics.X-CUBE-TOUCHGFX.4.22.0
2023-11-21 17:28:29,394 [WARN] PackLoader:240 - Cannot read IP mode file for STMicroelectronics.X-CUBE-TOUCHGFX.4.22.1
2023-11-21 17:28:29,418 [WARN] PackLoader:240 - Cannot read IP mode file for STMicroelectronics.FP-SNS-SMARTAG2.1.2.0
2023-11-21 17:28:29,456 [INFO] LogOutputStream:77 - [STDOUT_REDIRECT] 1 : Invalid condition id : UX_CORESTACK_Condition cause : null
2023-11-21 17:28:29,457 [INFO] LogOutputStream:77 - [STDOUT_REDIRECT] 1 : Invalid condition id : UX_CORESTACK_Condition cause : null
2023-11-21 17:28:29,460 [INFO] LogOutputStream:77 - [STDOUT_REDIRECT] 1 : Invalid condition id : UX_CORESTACK_Condition cause : null
2023-11-21 17:28:29,463 [INFO] LogOutputStream:77 - [STDOUT_REDIRECT] 1 : Invalid condition id : UX_CORESTACK_Condition cause : null
2023-11-21 17:28:29,465 [INFO] LogOutputStream:77 - [STDOUT_REDIRECT] 1 : Invalid condition id : UX_CORESTACK_Condition cause : null
2023-11-21 17:28:29,471 [WARN] PackLoader:240 - Cannot read IP mode file for STMicroelectronics.X-CUBE-AZRTOS-WL.2.0.0
2023-11-21 17:28:29,496 [WARN] PackLoader:240 - Cannot read IP mode file for WES.I-CUBE-Cesium.1.3.0
2023-11-21 17:28:29,517 [WARN] PackLoader:240 - Cannot read IP mode file for STMicroelectronics.X-CUBE-BLE2.3.3.0
2023-11-21 17:28:29,538 [WARN] PackLoader:240 - Cannot read IP mode file for STMicroelectronics.X-CUBE-TOUCHGFX.4.21.4
2023-11-21 17:28:29,559 [WARN] PackLoader:240 - Cannot read IP mode file for STMicroelectronics.X-CUBE-ALGOBUILD.1.3.0
2023-11-21 17:28:29,604 [WARN] PackLoader:240 - Cannot read IP mode file for STMicroelectronics.X-CUBE-AZRTOS-G0.1.1.0
2023-11-21 17:28:29,626 [WARN] PackLoader:240 - Cannot read IP mode file for STMicroelectronics.X-CUBE-NFC4.3.0.0
2023-11-21 17:28:29,651 [WARN] PackLoader:240 - Cannot read IP mode file for STMicroelectronics.X-CUBE-BLEMGR.3.0.0
2023-11-21 17:28:29,660 [WARN] PackLoader:240 - Cannot read IP mode file for STMicroelectronics.FP-ATR-SIGFOX1.3.2.0
2023-11-21 17:28:29,729 [WARN] PackLoader:240 - Cannot read IP mode file for SEGGER.I-CUBE-embOS.1.3.1
2023-11-21 17:28:29,811 [WARN] PackLoader:240 - Cannot read IP mode file for STMicroelectronics.X-CUBE-GNSS1.6.0.0
2023-11-21 17:28:29,851 [WARN] PackLoader:240 - Cannot read IP mode file for STMicroelectronics.X-CUBE-AZRTOS-F4.1.1.0
2023-11-21 17:28:29,879 [WARN] PackLoader:240 - Cannot read IP mode file for wolfSSL.I-CUBE-wolfSSL.5.6.0
2023-11-21 17:28:29,920 [WARN] PackLoader:240 - Cannot read IP mode file for STMicroelectronics.X-CUBE-AZRTOS-L5.2.0.0
2023-11-21 17:28:30,017 [WARN] PackLoader:240 - Cannot read IP mode file for STMicroelectronics.X-CUBE-MEMS1.9.6.0
2023-11-21 17:28:30,273 [WARN] PackLoader:240 - Cannot read IP mode file for STMicroelectronics.X-CUBE-EEPRMA1.4.2.0
2023-11-21 17:28:30,296 [WARN] PackLoader:240 - Cannot read IP mode file for ITTIA_DB.I-CUBE-ITTIADB.8.8.0
2023-11-21 17:28:30,318 [WARN] PackLoader:240 - Cannot read IP mode file for emotas.I-CUBE-CANOPEN.1.1.3
2023-11-21 17:28:30,340 [WARN] PackLoader:240 - Cannot read IP mode file for STMicroelectronics.X-CUBE-BLEMGR.2.0.0
2023-11-21 17:28:30,390 [WARN] ConditionMgr:438 - getConditionDescription Invalid condition id : UX DEVICE CLASS RTOS Condition cause : null
2023-11-21 17:28:30,390 [WARN] ConditionMgr:438 - getConditionDescription Invalid condition id : UX DEVICE CLASS RTOS Condition cause : null
2023-11-21 17:28:30,398 [WARN] PackLoader:240 - Cannot read IP mode file for STMicroelectronics.X-CUBE-AZRTOS-H7.3.1.0
2023-11-21 17:28:30,400 [WARN] ConditionMgr:1039 - genDependencies : Invalid condition id : UX DEVICE CLASS RTOS Condition cause : null
2023-11-21 17:28:30,400 [WARN] ConditionMgr:1039 - genDependencies : Invalid condition id : UX DEVICE CLASS RTOS Condition cause : null
2023-11-21 17:28:30,402 [WARN] ConditionMgr:1039 - genDependencies : Invalid condition id : UX DEVICE CLASS RTOS Condition cause : null
2023-11-21 17:28:30,403 [WARN] ConditionMgr:1039 - genDependencies : Invalid condition id : UX DEVICE CLASS RTOS Condition cause : null
2023-11-21 17:28:30,403 [WARN] ConditionMgr:1039 - genDependencies : Invalid condition id : UX DEVICE CLASS RTOS Condition cause : null
2023-11-21 17:28:30,425 [WARN] PackLoader:240 - Cannot read IP mode file for STMicroelectronics.X-CUBE-NFC7.1.0.1
2023-11-21 17:28:30,452 [WARN] PackLoader:240 - Cannot read IP mode file for STMicroelectronics.X-CUBE-NFC6.3.0.0
2023-11-21 17:28:30,483 [WARN] PackLoader:240 - Cannot read IP mode file for STMicroelectronics.X-CUBE-EEPRMA1.4.1.0
2023-11-21 17:28:30,550 [WARN] PackLoader:240 - Cannot read IP mode file for STMicroelectronics.X-CUBE-AI.8.1.0
2023-11-21 17:28:30,600 [WARN] ConditionMgr:438 - getConditionDescription Invalid condition id : LAN8742 Phy interface Condition cause : null
2023-11-21 17:28:30,601 [WARN] PackLoader:240 - Cannot read IP mode file for STMicroelectronics.X-CUBE-AZRTOS-L4.2.0.0
2023-11-21 17:28:30,603 [WARN] ConditionMgr:1039 - genDependencies : Invalid condition id : LAN8742 Phy interface Condition cause : null
2023-11-21 17:28:30,603 [WARN] ConditionMgr:1039 - genDependencies : Invalid condition id : LAN8742 Phy interface Condition cause : null
2023-11-21 17:28:30,604 [WARN] ConditionMgr:1039 - genDependencies : Invalid condition id : LAN8742 Phy interface Condition cause : null
2023-11-21 17:28:30,626 [WARN] PackLoader:240 - Cannot read IP mode file for STMicroelectronics.X-CUBE-SFXS2LP1.4.0.0
2023-11-21 17:28:30,660 [WARN] PackLoader:240 - Cannot read IP mode file for STMicroelectronics.X-CUBE-ISPU.1.1.0
2023-11-21 17:28:30,691 [WARN] ConditionMgr:438 - getConditionDescription Invalid condition id : UX DEVICE CLASS RTOS Condition cause : null
2023-11-21 17:28:30,691 [WARN] ConditionMgr:438 - getConditionDescription Invalid condition id : UX DEVICE CLASS RTOS Condition cause : null
2023-11-21 17:28:30,693 [WARN] PackLoader:240 - Cannot read IP mode file for STMicroelectronics.X-CUBE-AZRTOS-WB.2.0.0
2023-11-21 17:28:30,694 [WARN] ConditionMgr:1039 - genDependencies : Invalid condition id : UX DEVICE CLASS RTOS Condition cause : null
2023-11-21 17:28:30,694 [WARN] ConditionMgr:1039 - genDependencies : Invalid condition id : UX DEVICE CLASS RTOS Condition cause : null
2023-11-21 17:28:30,695 [WARN] ConditionMgr:1039 - genDependencies : Invalid condition id : UX DEVICE CLASS RTOS Condition cause : null
2023-11-21 17:28:30,695 [WARN] ConditionMgr:1039 - genDependencies : Invalid condition id : UX DEVICE CLASS RTOS Condition cause : null
2023-11-21 17:28:30,695 [WARN] ConditionMgr:1039 - genDependencies : Invalid condition id : UX DEVICE CLASS RTOS Condition cause : null
2023-11-21 17:28:30,712 [WARN] PackLoader:240 - Cannot read IP mode file for STMicroelectronics.X-CUBE-FREERTOS.1.0.1
2023-11-21 17:28:30,745 [WARN] PackLoader:240 - Cannot read IP mode file for STMicroelectronics.X-CUBE-AZRTOS-L5.1.1.0
2023-11-21 17:28:30,765 [WARN] PackLoader:240 - Cannot read IP mode file for STMicroelectronics.X-CUBE-AI.8.0.1
2023-11-21 17:28:30,793 [WARN] PackLoader:240 - Cannot read IP mode file for STMicroelectronics.X-CUBE-SUBG2.5.0.0
2023-11-21 17:28:30,839 [WARN] PackLoader:240 - Cannot read IP mode file for STMicroelectronics.X-CUBE-TOF1.3.3.1
2023-11-21 17:28:30,888 [WARN] PackLoader:240 - Cannot read IP mode file for STMicroelectronics.X-CUBE-AZRTOS-G4.2.0.0
2023-11-21 17:28:30,914 [WARN] PackLoader:240 - Cannot read IP mode file for STMicroelectronics.X-CUBE-TOF1.3.3.0
2023-11-21 17:28:30,978 [WARN] PackLoader:240 - Cannot read IP mode file for Infineon.AIROC-Wi-Fi-Bluetooth-STM32.1.5.1
2023-11-21 17:28:30,990 [WARN] PackLoader:240 - Cannot read IP mode file for STMicroelectronics.FP-SNS-MOTENVWB1.1.3.0
2023-11-21 17:28:31,058 [WARN] PackLoader:240 - Cannot read IP mode file for STMicroelectronics.X-CUBE-MEMS1.10.0.0
2023-11-21 17:28:31,191 [WARN] PackLoader:240 - Cannot read IP mode file for STMicroelectronics.X-CUBE-FREERTOS.1.1.0
2023-11-21 17:28:31,208 [WARN] PackLoader:240 - Cannot read IP mode file for portGmbH.I-Cube-SoM-uGOAL.1.1.0
2023-11-21 17:28:31,223 [WARN] PackLoader:240 - Cannot read IP mode file for STMicroelectronics.X-CUBE-ALS.1.0.1
2023-11-21 17:28:31,271 [WARN] PackLoader:240 - Cannot read IP mode file for STMicroelectronics.X-CUBE-AZRTOS-WB.1.1.0
2023-11-21 17:28:31,280 [WARN] PackLoader:240 - Cannot read IP mode file for STMicroelectronics.FP-ATR-ASTRA1.2.0.0
2023-11-21 17:28:31,295 [WARN] PackLoader:240 - Cannot read IP mode file for STMicroelectronics.X-CUBE-TOF1.3.4.0
2023-11-21 17:28:31,312 [INFO] ThirdParty:978 - Integrity check success = true
2023-11-21 17:28:31,312 [INFO] IntegrityCheckThread:100 - exiting critical section [integrity check]
2023-11-21 17:28:31,312 [INFO] IntegrityCheckThread:103 - End integrity checks thread
2023-11-21 17:28:31,312 [INFO] ThirdParty:873 - entering critical section [close project]
2023-11-21 17:28:31,315 [INFO] ThirdParty:883 - exiting critical section [close project]
2023-11-21 17:28:31,321 [INFO] PinOutPanel:1499 - setPackage(No Configuration,No Configuration)
2023-11-21 17:28:31,329 [INFO] UtilMem:75 - Begin LoadConfig() Used Memory: 496775808 Bytes (567279616)
2023-11-21 17:28:31,331 [INFO] MicroXplorer:468 - Change Database Path : 
2023-11-21 17:28:31,331 [INFO] MicroXplorer:498 - Change Database Version : DB.6.0.81
2023-11-21 17:28:31,332 [INFO] OpenFileManager:308 - Change cursor
2023-11-21 17:28:31,457 [INFO] Mcu:1937 - Initializing MCU STM32F746ZGTx STM32F746ZGTx STM32F746ZGT6
2023-11-21 17:28:35,254 [INFO] Context:659 - Trying to add GPIOservice into a context  which must be forbidden
2023-11-21 17:28:36,684 [INFO] RtosManager:555 - Registered RTOS mode: class=CMSIS, group=RTOS, mode=CMSIS_V1, owner=FREERTOS
2023-11-21 17:28:36,684 [INFO] RtosManager:555 - Registered RTOS mode: class=CMSIS, group=RTOS2, mode=CMSIS_V2, owner=FREERTOS
2023-11-21 17:28:36,684 [INFO] RtosManager:555 - Registered RTOS mode: class=RTOS, group=Core, mode=CMSIS_V1, owner=FREERTOS
2023-11-21 17:28:36,684 [INFO] RtosManager:555 - Registered RTOS mode: class=RTOS, group=Core, mode=CMSIS_V2, owner=FREERTOS
2023-11-21 17:28:36,685 [WARN] ModelIntegratedComponent:184 - Missing modes for component STMicroelectronics:FreeRTOS:0.0.1:STMicroelectronics:RTOS:FreeRTOS:Core:::10.2.0:
2023-11-21 17:28:36,704 [WARN] ModelIntegratedComponent:63 - No mode defined for component null
2023-11-21 17:28:36,704 [WARN] ModelIntegratedComponent:63 - No mode defined for component null
2023-11-21 17:28:36,704 [WARN] ModelIntegratedComponent:63 - No mode defined for component null
2023-11-21 17:28:36,704 [WARN] ModelIntegratedComponent:63 - No mode defined for component null
2023-11-21 17:28:36,705 [WARN] ModelIntegratedComponent:63 - No mode defined for component null
2023-11-21 17:28:36,705 [WARN] ModelIntegratedComponent:63 - No mode defined for component null
2023-11-21 17:28:36,705 [WARN] ModelIntegratedComponent:63 - No mode defined for component null
2023-11-21 17:28:36,705 [WARN] ModelIntegratedComponent:63 - No mode defined for component null
2023-11-21 17:28:36,705 [WARN] ModelIntegratedComponent:63 - No mode defined for component null
2023-11-21 17:28:36,705 [WARN] ModelIntegratedComponent:63 - No mode defined for component null
2023-11-21 17:28:36,705 [WARN] ModelIntegratedComponent:63 - No mode defined for component null
2023-11-21 17:28:36,706 [WARN] ModelIntegratedComponent:63 - No mode defined for component null
2023-11-21 17:28:36,706 [WARN] ModelIntegratedComponent:63 - No mode defined for component null
2023-11-21 17:28:36,706 [WARN] ModelIntegratedComponent:63 - No mode defined for component null
2023-11-21 17:28:36,706 [WARN] ModelIntegratedComponent:63 - No mode defined for component null
2023-11-21 17:28:36,706 [WARN] ModelIntegratedComponent:63 - No mode defined for component null
2023-11-21 17:28:36,706 [WARN] ModelIntegratedComponent:63 - No mode defined for component null
2023-11-21 17:28:36,706 [WARN] ModelIntegratedComponent:63 - No mode defined for component null
2023-11-21 17:28:36,706 [WARN] ModelIntegratedComponent:63 - No mode defined for component null
2023-11-21 17:28:36,706 [WARN] ModelIntegratedComponent:63 - No mode defined for component null
2023-11-21 17:28:36,706 [WARN] ModelIntegratedComponent:63 - No mode defined for component null
2023-11-21 17:28:36,706 [WARN] ModelIntegratedComponent:63 - No mode defined for component null
2023-11-21 17:28:36,706 [WARN] ModelIntegratedComponent:63 - No mode defined for component null
2023-11-21 17:28:36,707 [WARN] ModelIntegratedComponent:63 - No mode defined for component null
2023-11-21 17:28:36,707 [WARN] ModelIntegratedComponent:63 - No mode defined for component null
2023-11-21 17:28:36,707 [WARN] ModelIntegratedComponent:63 - No mode defined for component null
2023-11-21 17:28:36,707 [WARN] ModelIntegratedComponent:63 - No mode defined for component null
2023-11-21 17:28:36,707 [WARN] ModelIntegratedComponent:63 - No mode defined for component null
2023-11-21 17:28:36,707 [WARN] ModelIntegratedComponent:63 - No mode defined for component null
2023-11-21 17:28:36,707 [WARN] ModelIntegratedComponent:63 - No mode defined for component null
2023-11-21 17:28:36,707 [WARN] ModelIntegratedComponent:63 - No mode defined for component null
2023-11-21 17:28:36,707 [WARN] ModelIntegratedComponent:63 - No mode defined for component null
2023-11-21 17:28:36,707 [WARN] ModelIntegratedComponent:63 - No mode defined for component null
2023-11-21 17:28:36,819 [INFO] ThirdPartyModel:298 - Start build external matchings
2023-11-21 17:28:37,567 [INFO] ThirdPartyModel:316 - End build external matchings
2023-11-21 17:28:37,600 [INFO] ImportTextPane:194 - (OptionalMessage_ERROR) IP (ETH) : Invalid parameter (PHY_Name)
2023-11-21 17:28:37,601 [INFO] ImportTextPane:194 - (OptionalMessage_ERROR) IP (ETH) : Invalid parameter (PHY_Value)
2023-11-21 17:28:37,601 [INFO] ImportTextPane:194 - (OptionalMessage_ERROR) IP (ETH) : Invalid parameter (PhyAddress)
2023-11-21 17:28:37,610 [INFO] ImportTextPane:194 - (OptionalMessage_ERROR) IP (RCC) : Invalid parameter (48MHZClocksFreq_Value)
2023-11-21 17:28:37,610 [INFO] ImportTextPane:194 - (OptionalMessage_ERROR) IP (RCC) : Invalid parameter (ADC12outputFreq_Value)
2023-11-21 17:28:37,610 [INFO] ImportTextPane:194 - (OptionalMessage_ERROR) IP (RCC) : Invalid parameter (ADC34outputFreq_Value)
2023-11-21 17:28:37,610 [INFO] ImportTextPane:194 - (OptionalMessage_ERROR) IP (RCC) : Invalid parameter (FamilyName)
2023-11-21 17:28:37,611 [INFO] ImportTextPane:194 - (OptionalMessage_ERROR) IP (RCC) : Invalid parameter (I2SClocksFreq_Value)
2023-11-21 17:28:37,611 [INFO] ImportTextPane:194 - (OptionalMessage_ERROR) IP (RCC) : Parameter (LCDTFToutputFreq_Value) has invalid value (96000000)
2023-11-21 17:28:37,611 [INFO] ImportTextPane:194 - (OptionalMessage_ERROR) IP (RCC) : Invalid parameter (MCOFreq_Value)
2023-11-21 17:28:37,612 [INFO] ImportTextPane:194 - (OptionalMessage_ERROR) IP (RCC) : Invalid parameter (PLLMCOFreq_Value)
2023-11-21 17:28:37,612 [INFO] ImportTextPane:194 - (OptionalMessage_ERROR) IP (RCC) : Invalid parameter (PLLMUL)
2023-11-21 17:28:37,612 [INFO] ImportTextPane:194 - (OptionalMessage_ERROR) IP (RCC) : Invalid parameter (PRESCALERUSB)
2023-11-21 17:28:37,613 [INFO] ImportTextPane:194 - (OptionalMessage_ERROR) IP (RCC) : Invalid parameter (RTCHSEDivFreq_Value)
2023-11-21 17:28:37,613 [INFO] ImportTextPane:194 - (OptionalMessage_ERROR) IP (RCC) : Parameter (SDMMCFreq_Value) has invalid value (72000000)
2023-11-21 17:28:37,613 [INFO] ImportTextPane:194 - (OptionalMessage_ERROR) IP (RCC) : Invalid parameter (SYSCLKSourceVirtual)
2023-11-21 17:28:37,613 [INFO] ImportTextPane:194 - (OptionalMessage_ERROR) IP (RCC) : Invalid parameter (TIM15Freq_Value)
2023-11-21 17:28:37,613 [INFO] ImportTextPane:194 - (OptionalMessage_ERROR) IP (RCC) : Invalid parameter (TIM16Freq_Value)
2023-11-21 17:28:37,613 [INFO] ImportTextPane:194 - (OptionalMessage_ERROR) IP (RCC) : Invalid parameter (TIM17Freq_Value)
2023-11-21 17:28:37,613 [INFO] ImportTextPane:194 - (OptionalMessage_ERROR) IP (RCC) : Invalid parameter (TIM1Freq_Value)
2023-11-21 17:28:37,613 [INFO] ImportTextPane:194 - (OptionalMessage_ERROR) IP (RCC) : Invalid parameter (TIM20Freq_Value)
2023-11-21 17:28:37,613 [INFO] ImportTextPane:194 - (OptionalMessage_ERROR) IP (RCC) : Invalid parameter (TIM2Freq_Value)
2023-11-21 17:28:37,613 [INFO] ImportTextPane:194 - (OptionalMessage_ERROR) IP (RCC) : Invalid parameter (TIM3Freq_Value)
2023-11-21 17:28:37,614 [INFO] ImportTextPane:194 - (OptionalMessage_ERROR) IP (RCC) : Invalid parameter (TIM8Freq_Value)
2023-11-21 17:28:37,614 [INFO] ImportTextPane:194 - (OptionalMessage_ERROR) IP (RCC) : Invalid parameter (VCOOutput2Freq_Value)
2023-11-21 17:28:37,614 [INFO] ImportTextPane:194 - (OptionalMessage_ERROR) IP (RCC) : Invalid parameter (VcooutputI2S)
2023-11-21 17:28:38,243 [INFO] UtilMem:75 - End LoadConfig() Used Memory: 523981496 Bytes (606076928)
2023-11-21 17:28:38,403 [INFO] ApiDb:581 - Connected to CubeFinder SQLite database (C:\Users\HP\.stmcufinder\plugins\mcufinder\mcu\cube-finder-db.db)
2023-11-21 17:28:38,532 [INFO] ApiDb:668 - CubeFinder database Data Model version=2.1
2023-11-21 17:28:38,532 [INFO] ApiDb:669 - CubeFinder database Configuration version=3.0.37
2023-11-21 17:28:38,533 [INFO] ApiDb:670 - CubeFinder database generation date=2023-10-13 (1697197505)
2023-11-21 17:28:38,533 [INFO] ApiDb:671 - CubeFinder database FW Pack versions=[FP-ATR-ASTRA1_V2.0.0, FP-SNS-FLIGHT1_V5.0.1, FP-SNS-FLIGHT1_V5.0.2, FP-SNS-MOTENV1_V4.3.1, FP-SNS-MOTENV1_V4.3.2, FP-SNS-SMARTAG2_V1.2.0, I-CUBE-ITTIADB_V8.6.3-1, STM32Cube_FW_C0_V1.1.0, STM32Cube_FW_F4_V1.27.1, STM32Cube_FW_F7_V1.17.0, STM32Cube_FW_G0_V1.6.1, STM32Cube_FW_G4_V1.5.1, STM32Cube_FW_H5_V0.5.1, STM32Cube_FW_H5_V1.1.1, STM32Cube_FW_H7_V1.11.0, STM32Cube_FW_L0_V1.12.2, STM32Cube_FW_L5_V1.5.0, STM32Cube_FW_U5_V1.3.0, STM32Cube_FW_U5_V1.3.0RC4, STM32Cube_FW_WBA_V1.0.0RC1, STM32Cube_FW_WBA_V1.1.0RC1, STM32Cube_FW_WBA_V1.1.1, STM32Cube_FW_WB_V1.15.0RC1, STM32Cube_FW_WB_V1.16.0, STM32Cube_FW_WB_V1.16.0RC2, STM32Cube_FW_WB_V1.17.3, STM32Cube_FW_WL_V1.3.0, X-CUBE-ALGOBUILD_V1.3.0, X-CUBE-ALS_V1.0.1, X-CUBE-AZRTOS-F4_V1.1.0, X-CUBE-AZRTOS-F7_V1.1.0, X-CUBE-AZRTOS-G0_V1.1.0, X-CUBE-AZRTOS-G4_V2.0.0, X-CUBE-AZRTOS-H7_V3.1.0, X-CUBE-AZRTOS-L4_V1.0.0, X-CUBE-AZRTOS-L4_V2.0.0, X-CUBE-AZRTOS-L5_V1.1.0, X-CUBE-AZRTOS-WB_V2.0.0, X-CUBE-AZRTOS-WL_V2.0.0, X-CUBE-BLE1_V7.0.0, X-CUBE-BLE2_V3.3.0, X-CUBE-BLEMGR_V2.0.0, X-CUBE-EEPRMA1_V4.1.0, X-CUBE-FREERTOS_V1.1.0, X-CUBE-GNSS1_V6.0.0, X-CUBE-MEMS1_V10.0.0, X-CUBE-MEMS1_V9.1.0, X-CUBE-MEMS1_V9.4.0, X-CUBE-MEMS1_V9.6.0, X-CUBE-NFC4_V3.0.0, X-CUBE-NFC7_V1.0.1, X-CUBE-SFXS2LP1_V4.0.0, X-CUBE-SUBG2_V5.0.0, X-CUBE-TOF1_V3.3.1]
2023-11-21 17:28:42,103 [INFO] ApiDb:240 - Found 297 in-development CPN: [B-G473E-ZEST1S, B-WB1M-WPAN1, B-WL5M-SUBG1, NUCLEO-C031C6, NUCLEO-H503RB, NUCLEO-H563ZI, NUCLEO-U545RE-Q, NUCLEO-U5A5ZJ-Q, NUCLEO-WBA52CG, STEVAL-PROTEUS1, STEVAL-STWINBX1, STM320518-EVAL, STM32C0116-DK, STM32C011D6Y3TR, STM32C011D6Y6TR, STM32C011F4P3, STM32C011F4P6, STM32C011F4U3, STM32C011F4U6TR, STM32C011F6P3, STM32C011F6P6, STM32C011F6U3, STM32C011F6U6TR, STM32C011J4M3, STM32C011J4M6, STM32C011J6M3, STM32C011J6M6, STM32C0316-DK, STM32C031C4T3, STM32C031C4T6, STM32C031C4U3, STM32C031C4U6, STM32C031C6T3, STM32C031C6T6, STM32C031C6U3, STM32C031C6U6, STM32C031F4P3, STM32C031F4P6, STM32C031F6P3, STM32C031F6P6, STM32C031G4U3, STM32C031G4U6, STM32C031G6U3, STM32C031G6U6, STM32C031K4T3, STM32C031K4T6, STM32C031K4U3, STM32C031K4U6, STM32C031K6T3, STM32C031K6T6, STM32C031K6U3, STM32C031K6U6, STM32G071K8TXN, STM32G071K8UXN, STM32G081GBU6N, STM32G081KBT6N, STM32G081KBUXN, STM32G0B1CCT6N, STM32G0B1KCT6, STM32G0B1NEY6TR, STM32G0B1RCT6N, STM32G0C1CCT6, STM32G0C1CCT6N, STM32G0C1CCU6N, STM32G0C1CET6N, STM32G0C1CEU6N, STM32G0C1KCT6, STM32G0C1NEY6TR, STM32G0C1RCI6N, STM32G0C1RCT6N, STM32G0C1REI6N, STM32G0C1RET6N, STM32G0C1VCI6, STM32G0C1VEI6, STM32G471CCT6, STM32G471CCU6, STM32G471CET3, STM32G471CET6, STM32G471CEU3, STM32G471CEU6, STM32G471MCT6, STM32G471MET3, STM32G471MET6, STM32G471MEY6TR, STM32G471QCT6, STM32G471QET3, STM32G471RCT6, STM32G471RET3, STM32G471RET6, STM32G471VCH6, STM32G471VCI6, STM32G471VCT6, STM32G471VEH3, STM32G471VEH6, STM32G471VEI3, STM32G471VEI6, STM32G471VET3, STM32G471VET6, STM32G474CCT6, STM32H503CBT6, STM32H503CBU6, STM32H503EBY6TR, STM32H503KBU6, STM32H503RBT6, STM32H562AGI6, STM32H562AII6, STM32H562IGK6, STM32H562IGT6, STM32H562IIK6, STM32H562IIT6, STM32H562RGT6, STM32H562RGV6, STM32H562RIT6, STM32H562RIV6, STM32H562VGT6, STM32H562VIT6, STM32H562ZGT6, STM32H562ZIT6, STM32H563AGI6, STM32H563AII3Q, STM32H563AII6, STM32H563IGK6, STM32H563IGT6, STM32H563IIK3Q, STM32H563IIK6, STM32H563IIT3Q, STM32H563IIT6, STM32H563MIY3QTR, STM32H563RGT6, STM32H563RGV6, STM32H563RIT6, STM32H563RIV6, STM32H563VGT6, STM32H563VIT3Q, STM32H563VIT6, STM32H563ZGT6, STM32H563ZIT3Q, STM32H563ZIT6, STM32H573AII3Q, STM32H573AII6, STM32H573I-DK, STM32H573IIK3Q, STM32H573IIK6, STM32H573IIT3Q, STM32H573IIT6, STM32H573MIY3QTR, STM32H573RIT6, STM32H573RIV6, STM32H573VIT3Q, STM32H573VIT6, STM32H573ZIT3Q, STM32H573ZIT6, STM32L4R5QGI6STR, STM32MP131AAE3, STM32MP131AAF3, STM32MP131AAG3, STM32MP131CAE3, STM32MP131CAF3, STM32MP131CAG3, STM32MP131DAE7, STM32MP131DAF7, STM32MP131DAG7, STM32MP131FAE7, STM32MP131FAF7, STM32MP131FAG7, STM32MP133AAE3, STM32MP133AAF3, STM32MP133AAG3, STM32MP133CAE3, STM32MP133CAF3, STM32MP133CAG3, STM32MP133DAE7, STM32MP133DAF7, STM32MP133DAG7, STM32MP133FAE7, STM32MP133FAF7, STM32MP133FAG7, STM32MP135AAE3, STM32MP135AAF3, STM32MP135AAG3, STM32MP135CAE3, STM32MP135CAF3, STM32MP135CAG3, STM32MP135DAE7, STM32MP135DAF7, STM32MP135DAG7, STM32MP135F-DK, STM32MP135FAE7, STM32MP135FAF7, STM32MP135FAF7T, STM32MP135FAF7U, STM32MP135FAG7, STM32U535CBT6, STM32U535CBT6Q, STM32U535CBU6, STM32U535CBU6Q, STM32U535CCT6, STM32U535CCT6Q, STM32U535CCU6, STM32U535CCU6Q, STM32U535CET6, STM32U535CET6Q, STM32U535CEU6, STM32U535CEU6Q, STM32U535JEY6QTR, STM32U535NCY6QTR, STM32U535NEY6QTR, STM32U535RBI6, STM32U535RBI6Q, STM32U535RBT6, STM32U535RBT6Q, STM32U535RCI6, STM32U535RCI6Q, STM32U535RCT6, STM32U535RCT6Q, STM32U535REI6, STM32U535REI6Q, STM32U535RET6, STM32U535RET6Q, STM32U535VCI6, STM32U535VCI6Q, STM32U535VCT6, STM32U535VCT6Q, STM32U535VEI6, STM32U535VEI6Q, STM32U535VET6, STM32U535VET6Q, STM32U545CET6, STM32U545CET6Q, STM32U545CEU6, STM32U545CEU6Q, STM32U545JEY6QTR, STM32U545NEY6QTR, STM32U545REI6, STM32U545REI6Q, STM32U545RET6, STM32U545RET6Q, STM32U545VEI6, STM32U545VEI6Q, STM32U545VET6, STM32U545VET6Q, STM32U595AIH6, STM32U595AIH6Q, STM32U595AJH6, STM32U595AJH6Q, STM32U595QII6, STM32U595QII6Q, STM32U595QJI6, STM32U595QJI6Q, STM32U595RIT6, STM32U595RIT6Q, STM32U595RJT6, STM32U595RJT6Q, STM32U595VIT6, STM32U595VIT6Q, STM32U595VJT6, STM32U595VJT6Q, STM32U595ZIT6, STM32U595ZIT6Q, STM32U595ZIY6QTR, STM32U595ZJT6, STM32U595ZJT6Q, STM32U595ZJY6QTR, STM32U599BJY6QTR, STM32U599NIH6Q, STM32U599NJH6Q, STM32U599VIT6Q, STM32U599VJT6, STM32U599VJT6Q, STM32U599ZIT6Q, STM32U599ZIY6QTR, STM32U599ZJT6Q, STM32U599ZJY6QTR, STM32U5A5AJH6, STM32U5A5AJH6Q, STM32U5A5QJI6, STM32U5A5QJI6Q, STM32U5A5RJT6, STM32U5A5RJT6Q, STM32U5A5VJT6, STM32U5A5VJT6Q, STM32U5A5ZJT6, STM32U5A5ZJT6Q, STM32U5A5ZJY6QTR, STM32U5A9BJY6QTR, STM32U5A9J-DK, STM32U5A9NJH6Q, STM32U5A9VJT6Q, STM32U5A9ZJT6Q, STM32U5A9ZJY6QTR, STM32WB1MMCH6, STM32WBA52CEU6, STM32WBA52CEU6T, STM32WBA52CGU6, STM32WBA52CGU6T, STM32WL5MOCH6, STM32WL5MOCH6TR]
2023-11-21 17:28:42,108 [INFO] DbMcus:216 - Found 3825 MCUs, 3825 are supported
2023-11-21 17:28:42,112 [INFO] ApiDb:423 - Load user favorites file C:\Users\HP/.stm32cubeide/favorites.mcus.txt: 0 item(s)
2023-11-21 17:28:42,112 [INFO] ApiDb:427 - User favorites MCUs=[]
2023-11-21 17:28:42,114 [INFO] DbMcus:222 - Set 0 / 0 favorites MCUs
2023-11-21 17:28:42,967 [WARN] ThirdParty:833 - waiting for thirdparty lock release [change project]
2023-11-21 17:28:42,967 [INFO] ThirdParty:835 - entering critical section [change project]
2023-11-21 17:28:42,968 [INFO] ThirdParty:1030 - CMSIS Pack Vendor :STMicroelectronics X-CUBE-ISPU 1.1.0
2023-11-21 17:28:42,968 [INFO] ThirdParty:1030 - CMSIS Pack Vendor :STMicroelectronics X-CUBE-GNSS1 6.0.0
2023-11-21 17:28:42,968 [INFO] ThirdParty:1030 - CMSIS Pack Vendor :STMicroelectronics USB_HOST 2.0.0
2023-11-21 17:28:42,968 [INFO] ThirdParty:1030 - CMSIS Pack Vendor :STMicroelectronics X-CUBE-AZRTOS-F4 1.1.0
2023-11-21 17:28:42,968 [INFO] ThirdParty:1030 - CMSIS Pack Vendor :STMicroelectronics LIBJPEG 8.0.0
2023-11-21 17:28:42,968 [INFO] ThirdParty:1030 - CMSIS Pack Vendor :STMicroelectronics X-CUBE-SMBUS 2.1.0
2023-11-21 17:28:42,968 [INFO] ThirdParty:1030 - CMSIS Pack Vendor :wolfSSL I-CUBE-wolfSSL 5.6.0
2023-11-21 17:28:42,968 [INFO] ThirdParty:1030 - CMSIS Pack Vendor :STMicroelectronics USB_DEVICE 3.0.0
2023-11-21 17:28:42,969 [INFO] ThirdParty:1030 - CMSIS Pack Vendor :STMicroelectronics X-CUBE-AZRTOS-WB 2.0.0
2023-11-21 17:28:42,969 [INFO] ThirdParty:1030 - CMSIS Pack Vendor :STMicroelectronics X-CUBE-FREERTOS 1.0.1
2023-11-21 17:28:42,969 [INFO] ThirdParty:1030 - CMSIS Pack Vendor :STMicroelectronics X-CUBE-AZRTOS-F7 1.1.0
2023-11-21 17:28:42,969 [INFO] ThirdParty:1030 - CMSIS Pack Vendor :STMicroelectronics X-CUBE-TOUCHGFX 4.21.4
2023-11-21 17:28:42,969 [INFO] ThirdParty:1030 - CMSIS Pack Vendor :STMicroelectronics X-CUBE-AZRTOS-L5 2.0.0
2023-11-21 17:28:42,969 [INFO] ThirdParty:1030 - CMSIS Pack Vendor :STMicroelectronics USB_DEVICE 2.0.0
2023-11-21 17:28:42,969 [INFO] ThirdParty:1030 - CMSIS Pack Vendor :STMicroelectronics X-CUBE-MEMS1 9.6.0
2023-11-21 17:28:42,969 [INFO] ThirdParty:1030 - CMSIS Pack Vendor :STMicroelectronics X-CUBE-EEPRMA1 4.2.0
2023-11-21 17:28:42,969 [INFO] ThirdParty:1030 - CMSIS Pack Vendor :ITTIA_DB I-CUBE-ITTIADB 8.8.0
2023-11-21 17:28:42,969 [INFO] ThirdParty:1030 - CMSIS Pack Vendor :STMicroelectronics FP-SNS-MOTENV1 4.3.2
2023-11-21 17:28:42,969 [INFO] ThirdParty:1030 - CMSIS Pack Vendor :STMicroelectronics FP-SNS-MOTENV1 4.3.1
2023-11-21 17:28:42,969 [INFO] ThirdParty:1030 - CMSIS Pack Vendor :STMicroelectronics FP-SNS-FLIGHT1 5.0.1
2023-11-21 17:28:42,969 [INFO] ThirdParty:1030 - CMSIS Pack Vendor :STMicroelectronics X-CUBE-ALGOBUILD 1.3.0
2023-11-21 17:28:42,970 [INFO] ThirdParty:1030 - CMSIS Pack Vendor :STMicroelectronics X-CUBE-BLE1 6.2.4
2023-11-21 17:28:42,970 [INFO] ThirdParty:1030 - CMSIS Pack Vendor :STMicroelectronics X-CUBE-AZRTOS-L5 1.1.0
2023-11-21 17:28:42,970 [INFO] ThirdParty:1030 - CMSIS Pack Vendor :STMicroelectronics FreeRTOS 0.0.1
2023-11-21 17:28:42,970 [INFO] ThirdParty:1030 - CMSIS Pack Vendor :STMicroelectronics X-CUBE-AZRTOS-G0 1.1.0
2023-11-21 17:28:42,970 [INFO] ThirdParty:1030 - CMSIS Pack Vendor :emotas I-CUBE-CANOPEN 1.1.3
2023-11-21 17:28:42,970 [INFO] ThirdParty:1030 - CMSIS Pack Vendor :STMicroelectronics X-CUBE-BLEMGR 2.0.0
2023-11-21 17:28:42,970 [INFO] ThirdParty:1030 - CMSIS Pack Vendor :STMicroelectronics X-CUBE-AI 8.0.1
2023-11-21 17:28:42,970 [INFO] ThirdParty:1030 - CMSIS Pack Vendor :STMicroelectronics X-CUBE-NFC4 3.0.0
2023-11-21 17:28:42,970 [INFO] ThirdParty:1030 - CMSIS Pack Vendor :STMicroelectronics X-CUBE-SUBG2 5.0.0
2023-11-21 17:28:42,970 [INFO] ThirdParty:1030 - CMSIS Pack Vendor :STMicroelectronics STM32_WPAN 1.0.0
2023-11-21 17:28:42,970 [INFO] ThirdParty:1030 - CMSIS Pack Vendor :STMicroelectronics lwIP 2.0.3
2023-11-21 17:28:42,971 [INFO] ThirdParty:1030 - CMSIS Pack Vendor :STMicroelectronics FP-SNS-FLIGHT1 5.0.2
2023-11-21 17:28:42,971 [INFO] ThirdParty:1030 - CMSIS Pack Vendor :STMicroelectronics USB_HOST 1.0.0
2023-11-21 17:28:42,971 [INFO] ThirdParty:1030 - CMSIS Pack Vendor :STMicroelectronics X-CUBE-TOF1 3.3.1
2023-11-21 17:28:42,971 [INFO] ThirdParty:1030 - CMSIS Pack Vendor :STMicroelectronics X-CUBE-AZRTOS-G4 2.0.0
2023-11-21 17:28:42,971 [INFO] ThirdParty:1030 - CMSIS Pack Vendor :STMicroelectronics PDM2PCM 3.1.0
2023-11-21 17:28:42,971 [INFO] ThirdParty:1030 - CMSIS Pack Vendor :STMicroelectronics X-CUBE-AZRTOS-H7 3.1.0
2023-11-21 17:28:42,971 [INFO] ThirdParty:1030 - CMSIS Pack Vendor :STMicroelectronics X-CUBE-TOF1 3.3.0
2023-11-21 17:28:42,971 [INFO] ThirdParty:1030 - CMSIS Pack Vendor :Infineon AIROC-Wi-Fi-Bluetooth-STM32 1.5.1
2023-11-21 17:28:42,971 [INFO] ThirdParty:1030 - CMSIS Pack Vendor :STMicroelectronics X-CUBE-BLEMGR 3.0.0
2023-11-21 17:28:42,971 [INFO] ThirdParty:1030 - CMSIS Pack Vendor :STMicroelectronics PDM2PCM 3.3.0
2023-11-21 17:28:42,971 [INFO] ThirdParty:1030 - CMSIS Pack Vendor :STMicroelectronics X-CUBE-DISPLAY 3.0.0
2023-11-21 17:28:42,971 [INFO] ThirdParty:1030 - CMSIS Pack Vendor :STMicroelectronics FP-SNS-MOTENVWB1 1.3.0
2023-11-21 17:28:42,971 [INFO] ThirdParty:1030 - CMSIS Pack Vendor :STMicroelectronics X-CUBE-BLE1 7.0.0
2023-11-21 17:28:42,971 [INFO] ThirdParty:1030 - CMSIS Pack Vendor :STMicroelectronics FP-ATR-SIGFOX1 3.2.0
2023-11-21 17:28:42,971 [INFO] ThirdParty:1030 - CMSIS Pack Vendor :STMicroelectronics HAL Drivers 0.0.0
2023-11-21 17:28:42,971 [INFO] ThirdParty:1030 - CMSIS Pack Vendor :STMicroelectronics MBEDTLS 2.16.2
2023-11-21 17:28:42,971 [INFO] ThirdParty:1030 - CMSIS Pack Vendor :STMicroelectronics X-CUBE-MEMS1 10.0.0
2023-11-21 17:28:42,971 [INFO] ThirdParty:1030 - CMSIS Pack Vendor :STMicroelectronics X-CUBE-FREERTOS 1.1.0
2023-11-21 17:28:42,971 [INFO] ThirdParty:1030 - CMSIS Pack Vendor :STMicroelectronics X-CUBE-TOUCHGFX 4.22.0
2023-11-21 17:28:42,971 [INFO] ThirdParty:1030 - CMSIS Pack Vendor :STMicroelectronics X-CUBE-NFC7 1.0.1
2023-11-21 17:28:42,972 [INFO] ThirdParty:1030 - CMSIS Pack Vendor :STMicroelectronics MBEDTLS 2.14.1
2023-11-21 17:28:42,972 [INFO] ThirdParty:1030 - CMSIS Pack Vendor :STMicroelectronics X-CUBE-TOUCHGFX 4.22.1
2023-11-21 17:28:42,972 [INFO] ThirdParty:1030 - CMSIS Pack Vendor :STMicroelectronics X-CUBE-NFC6 3.0.0
2023-11-21 17:28:42,972 [INFO] ThirdParty:1030 - CMSIS Pack Vendor :STMicroelectronics X-CUBE-EEPRMA1 4.1.0
2023-11-21 17:28:42,972 [INFO] ThirdParty:1030 - CMSIS Pack Vendor :portGmbH I-Cube-SoM-uGOAL 1.1.0
2023-11-21 17:28:42,972 [INFO] ThirdParty:1030 - CMSIS Pack Vendor :STMicroelectronics X-CUBE-ALS 1.0.1
2023-11-21 17:28:42,972 [INFO] ThirdParty:1030 - CMSIS Pack Vendor :STMicroelectronics ThreadX 1.0.0
2023-11-21 17:28:42,972 [INFO] ThirdParty:1030 - CMSIS Pack Vendor :STMicroelectronics FP-SNS-SMARTAG2 1.2.0
2023-11-21 17:28:42,972 [INFO] ThirdParty:1030 - CMSIS Pack Vendor :STMicroelectronics X-CUBE-AZRTOS-WB 1.1.0
2023-11-21 17:28:42,972 [INFO] ThirdParty:1030 - CMSIS Pack Vendor :STMicroelectronics X-CUBE-AZRTOS-WL 2.0.0
2023-11-21 17:28:42,972 [INFO] ThirdParty:1030 - CMSIS Pack Vendor :SEGGER I-CUBE-embOS 1.3.1
2023-11-21 17:28:42,972 [INFO] ThirdParty:1030 - CMSIS Pack Vendor :STMicroelectronics USB_DEVICE 1.0.0
2023-11-21 17:28:42,972 [INFO] ThirdParty:1030 - CMSIS Pack Vendor :STMicroelectronics X-CUBE-AI 8.1.0
2023-11-21 17:28:42,972 [INFO] ThirdParty:1030 - CMSIS Pack Vendor :STMicroelectronics X-CUBE-AZRTOS-L4 2.0.0
2023-11-21 17:28:42,973 [INFO] ThirdParty:1030 - CMSIS Pack Vendor :STMicroelectronics ThreadX 0.0.2
2023-11-21 17:28:42,973 [INFO] ThirdParty:1030 - CMSIS Pack Vendor :WES I-CUBE-Cesium 1.3.0
2023-11-21 17:28:42,973 [INFO] ThirdParty:1030 - CMSIS Pack Vendor :STMicroelectronics FP-ATR-ASTRA1 2.0.0
2023-11-21 17:28:42,973 [INFO] ThirdParty:1030 - CMSIS Pack Vendor :STMicroelectronics lwIP 2.1.2
2023-11-21 17:28:42,973 [INFO] ThirdParty:1030 - CMSIS Pack Vendor :STMicroelectronics X-CUBE-SFXS2LP1 4.0.0
2023-11-21 17:28:42,973 [INFO] ThirdParty:1030 - CMSIS Pack Vendor :STMicroelectronics X-CUBE-BLE2 3.3.0
2023-11-21 17:28:42,973 [INFO] ThirdParty:1030 - CMSIS Pack Vendor :STMicroelectronics X-CUBE-TOF1 3.4.0
2023-11-21 17:28:42,973 [INFO] ThirdParty:1030 - CMSIS Pack Vendor :STMicroelectronics PDM2PCM 3.2.0
2023-11-21 17:28:42,973 [INFO] ThirdParty:841 - exiting critical section [change project]
2023-11-21 17:28:44,459 [INFO] PinOutPanel:1499 - setPackage(No Configuration,No Configuration)
2023-11-21 17:28:44,462 [INFO] PinOutPanel:1499 - setPackage(STM32F746ZGTx,LQFP144)
2023-11-21 17:28:46,537 [INFO] UtilMem:75 - Before build in PCC Used Memory: 619399400 Bytes (720371712)
2023-11-21 17:28:48,113 [INFO] UtilMem:75 - After build in PCC Used Memory: 621062656 Bytes (720371712)
2023-11-21 17:28:48,187 [INFO] IPUIPlugin:80 - create IPUIPlugin
2023-11-21 17:28:48,187 [INFO] IPUIPlugin:80 - create IPUIPlugin
2023-11-21 17:28:48,187 [INFO] IPUIPlugin:80 - create IPUIPlugin
2023-11-21 17:28:48,187 [INFO] IPUIPlugin:80 - create IPUIPlugin
2023-11-21 17:28:48,187 [INFO] IPUIPlugin:80 - create IPUIPlugin
2023-11-21 17:28:48,188 [INFO] IPUIPlugin:80 - create IPUIPlugin
2023-11-21 17:28:48,188 [INFO] IPUIPlugin:80 - create IPUIPlugin
2023-11-21 17:28:48,188 [INFO] IPUIPlugin:80 - create IPUIPlugin
2023-11-21 17:28:48,189 [INFO] IPUIPlugin:80 - create IPUIPlugin
2023-11-21 17:28:48,189 [INFO] IPUIPlugin:80 - create IPUIPlugin
2023-11-21 17:28:48,190 [INFO] IPUIPlugin:80 - create IPUIPlugin
2023-11-21 17:28:48,190 [INFO] IPUIPlugin:80 - create IPUIPlugin
2023-11-21 17:28:48,190 [INFO] IPUIPlugin:80 - create IPUIPlugin
2023-11-21 17:28:48,190 [INFO] IPUIPlugin:80 - create IPUIPlugin
2023-11-21 17:28:48,191 [INFO] IPUIPlugin:80 - create IPUIPlugin
2023-11-21 17:28:48,191 [INFO] IPUIPlugin:80 - create IPUIPlugin
2023-11-21 17:28:48,191 [INFO] IPUIPlugin:80 - create IPUIPlugin
2023-11-21 17:28:48,192 [INFO] IPUIPlugin:80 - create IPUIPlugin
2023-11-21 17:28:48,192 [INFO] IPUIPlugin:80 - create IPUIPlugin
2023-11-21 17:28:48,192 [INFO] IPUIPlugin:80 - create IPUIPlugin
2023-11-21 17:28:48,192 [INFO] IPUIPlugin:80 - create IPUIPlugin
2023-11-21 17:28:48,193 [INFO] IPUIPlugin:80 - create IPUIPlugin
2023-11-21 17:28:48,195 [INFO] IPUIPlugin:80 - create IPUIPlugin
2023-11-21 17:28:48,196 [INFO] IPUIPlugin:80 - create IPUIPlugin
2023-11-21 17:28:48,196 [INFO] IPUIPlugin:80 - create IPUIPlugin
2023-11-21 17:28:48,197 [INFO] IPUIPlugin:80 - create IPUIPlugin
2023-11-21 17:28:48,197 [INFO] IPUIPlugin:80 - create IPUIPlugin
2023-11-21 17:28:48,197 [INFO] IPUIPlugin:80 - create IPUIPlugin
2023-11-21 17:28:48,198 [INFO] IPUIPlugin:80 - create IPUIPlugin
2023-11-21 17:28:48,198 [INFO] IPUIPlugin:80 - create IPUIPlugin
2023-11-21 17:28:48,199 [INFO] IPUIPlugin:80 - create IPUIPlugin
2023-11-21 17:28:48,199 [INFO] IPUIPlugin:80 - create IPUIPlugin
2023-11-21 17:28:48,199 [INFO] IPUIPlugin:80 - create IPUIPlugin
2023-11-21 17:28:48,200 [INFO] IPUIPlugin:80 - create IPUIPlugin
2023-11-21 17:28:48,200 [INFO] IPUIPlugin:80 - create IPUIPlugin
2023-11-21 17:28:48,201 [INFO] IPUIPlugin:80 - create IPUIPlugin
2023-11-21 17:28:48,202 [INFO] IPUIPlugin:80 - create IPUIPlugin
2023-11-21 17:28:48,202 [INFO] IPUIPlugin:80 - create IPUIPlugin
2023-11-21 17:28:48,203 [INFO] IPUIPlugin:80 - create IPUIPlugin
2023-11-21 17:28:48,203 [INFO] IPUIPlugin:80 - create IPUIPlugin
2023-11-21 17:28:48,204 [INFO] IPUIPlugin:80 - create IPUIPlugin
2023-11-21 17:28:48,204 [INFO] IPUIPlugin:80 - create IPUIPlugin
2023-11-21 17:28:48,204 [INFO] IPUIPlugin:80 - create IPUIPlugin
2023-11-21 17:28:48,205 [INFO] IPUIPlugin:80 - create IPUIPlugin
2023-11-21 17:28:48,205 [INFO] IPUIPlugin:80 - create IPUIPlugin
2023-11-21 17:28:48,206 [INFO] IPUIPlugin:80 - create IPUIPlugin
2023-11-21 17:28:48,206 [INFO] IPUIPlugin:80 - create IPUIPlugin
2023-11-21 17:28:48,206 [INFO] IPUIPlugin:80 - create IPUIPlugin
2023-11-21 17:28:48,207 [INFO] IPUIPlugin:80 - create IPUIPlugin
2023-11-21 17:28:48,207 [INFO] IPUIPlugin:80 - create IPUIPlugin
2023-11-21 17:28:48,208 [INFO] IPUIPlugin:80 - create IPUIPlugin
2023-11-21 17:28:48,208 [INFO] IPUIPlugin:80 - create IPUIPlugin
2023-11-21 17:28:48,209 [INFO] IPUIPlugin:80 - create IPUIPlugin
2023-11-21 17:28:48,209 [INFO] IPUIPlugin:80 - create IPUIPlugin
2023-11-21 17:28:48,209 [INFO] IPUIPlugin:80 - create IPUIPlugin
2023-11-21 17:28:48,210 [INFO] IPUIPlugin:80 - create IPUIPlugin
2023-11-21 17:28:48,210 [INFO] IPUIPlugin:80 - create IPUIPlugin
2023-11-21 17:28:48,211 [INFO] IPUIPlugin:80 - create IPUIPlugin
2023-11-21 17:28:48,212 [INFO] IPUIPlugin:80 - create IPUIPlugin
2023-11-21 17:28:48,212 [INFO] IPUIPlugin:80 - create IPUIPlugin
2023-11-21 17:28:48,213 [INFO] IPUIPlugin:80 - create IPUIPlugin
2023-11-21 17:28:48,213 [INFO] IPUIPlugin:80 - create IPUIPlugin
2023-11-21 17:28:48,214 [INFO] IPUIPlugin:80 - create IPUIPlugin
2023-11-21 17:28:48,215 [INFO] IPUIPlugin:80 - create IPUIPlugin
2023-11-21 17:28:48,215 [INFO] IPUIPlugin:80 - create IPUIPlugin
2023-11-21 17:28:48,216 [INFO] IPUIPlugin:80 - create IPUIPlugin
2023-11-21 17:28:48,217 [INFO] IPUIPlugin:80 - create IPUIPlugin
2023-11-21 17:28:48,217 [INFO] IPUIPlugin:80 - create IPUIPlugin
2023-11-21 17:28:48,218 [INFO] IPUIPlugin:80 - create IPUIPlugin
2023-11-21 17:28:48,219 [INFO] IPUIPlugin:80 - create IPUIPlugin
2023-11-21 17:28:48,219 [INFO] IPUIPlugin:80 - create IPUIPlugin
2023-11-21 17:28:48,220 [INFO] IPUIPlugin:80 - create IPUIPlugin
2023-11-21 17:28:48,220 [INFO] IPUIPlugin:80 - create IPUIPlugin
2023-11-21 17:28:48,221 [INFO] IPUIPlugin:80 - create IPUIPlugin
2023-11-21 17:28:48,392 [INFO] ApiDbMcu:507 - Load IP Config File for PDM2PCM
2023-11-21 17:28:49,022 [INFO] CADModel:165 - CPN selected for project levelSTM32F746ZGT6
2023-11-21 17:28:49,022 [INFO] CADModel:114 - Register for checkConnection events
2023-11-21 17:28:49,079 [INFO] OpenFileManager:328 - Restore cursor
2023-11-21 17:28:54,780 [INFO] ParamManager:886 - [Generic UI] PropertyChangeEvent: TAB_STATUS_CHANGED , "dont care", "never mind"
2023-11-21 17:28:54,819 [INFO] ParamManager:886 - [Generic UI] PropertyChangeEvent: TAB_STATUS_CHANGED , "dont care", "never mind"
2023-11-21 17:28:54,835 [INFO] ADCParametersView:116 -                Rank 1 : false
2023-11-21 17:28:54,959 [INFO] ADCParametersView:116 -                Rank 1 : false
2023-11-21 17:28:54,959 [INFO] ADCParametersView:116 -                Rank 1 : false
2023-11-21 17:28:54,960 [INFO] ADCParametersView:116 -                Rank 1 : false
2023-11-21 17:28:54,960 [INFO] ADCParametersView:116 -                Rank 1 : false
2023-11-21 17:28:54,960 [INFO] ADCParametersView:116 -                Rank 1 : false
2023-11-21 17:28:54,960 [INFO] ADCParametersView:116 -                Rank 1 : false
2023-11-21 17:28:54,961 [INFO] ADCParametersView:116 -                Rank 1 : false
2023-11-21 17:28:54,961 [INFO] ADCParametersView:116 -                Rank 1 : false
2023-11-21 17:28:54,961 [INFO] ADCParametersView:116 -                Rank 1 : false
2023-11-21 17:28:54,961 [INFO] ADCParametersView:116 -                Rank 1 : false
2023-11-21 17:28:54,962 [INFO] ADCParametersView:116 -                Rank 1 : false
2023-11-21 17:28:54,962 [INFO] ADCParametersView:116 -                Rank 1 : false
2023-11-21 17:28:54,962 [INFO] ADCParametersView:116 -                Rank 1 : false
2023-11-21 17:28:54,962 [INFO] ADCParametersView:116 -                Rank 1 : false
2023-11-21 17:28:54,979 [INFO] ADCParametersView:116 -                Rank 1 : false
2023-11-21 17:28:55,218 [INFO] NvicIntPanel:101 - NVIC parent = com.st.microxplorer.plugins.ip.nvic.MultiNvicIntPanel[,0,0,0x0,invalid,layout=javax.swing.BoxLayout,alignmentX=0.0,alignmentY=0.0,border=,flags=9,maximumSize=,minimumSize=,preferredSize=]
2023-11-21 17:28:55,428 [INFO] NvicIntPanel:101 - NVIC parent = com.st.microxplorer.plugins.ip.nvic.MultiNvicIntPanel[,0,0,0x0,invalid,layout=javax.swing.BoxLayout,alignmentX=0.0,alignmentY=0.0,border=,flags=9,maximumSize=,minimumSize=,preferredSize=]
2023-11-21 17:28:55,543 [INFO] ADCParametersView:116 -                Rank 1 : false
2023-11-21 17:28:55,544 [INFO] ADCParametersView:116 -                Rank 1 : false
2023-11-21 17:28:55,544 [INFO] ADCParametersView:116 -                Rank 1 : false
2023-11-21 17:28:55,544 [INFO] ADCParametersView:116 -                Rank 1 : false
2023-11-21 17:28:55,545 [INFO] ADCParametersView:116 -                Rank 1 : false
2023-11-21 17:28:55,545 [INFO] ADCParametersView:116 -                Rank 1 : false
2023-11-21 17:28:55,545 [INFO] ADCParametersView:116 -                Rank 1 : false
2023-11-21 17:28:55,545 [INFO] ADCParametersView:116 -                Rank 1 : false
2023-11-21 17:28:55,546 [INFO] ADCParametersView:116 -                Rank 1 : false
2023-11-21 17:28:55,546 [INFO] ADCParametersView:116 -                Rank 1 : false
2023-11-21 17:28:55,546 [INFO] ADCParametersView:116 -                Rank 1 : false
2023-11-21 17:28:55,546 [INFO] ADCParametersView:116 -                Rank 1 : false
2023-11-21 17:28:55,546 [INFO] ADCParametersView:116 -                Rank 1 : false
2023-11-21 17:28:55,546 [INFO] ADCParametersView:116 -                Rank 1 : false
2023-11-21 17:28:55,605 [INFO] ADCParametersView:116 -                Rank 1 : false
2023-11-21 17:28:55,691 [INFO] ADCParametersView:116 -                Rank 1 : false
2023-11-21 17:28:55,691 [INFO] ADCParametersView:116 -                Rank 1 : false
2023-11-21 17:28:55,692 [INFO] ADCParametersView:116 -                Rank 1 : false
2023-11-21 17:28:55,692 [INFO] ADCParametersView:116 -                Rank 1 : false
2023-11-21 17:28:55,692 [INFO] ADCParametersView:116 -                Rank 1 : false
2023-11-21 17:28:55,693 [INFO] ADCParametersView:116 -                Rank 1 : false
2023-11-21 17:28:55,693 [INFO] ADCParametersView:116 -                Rank 1 : false
2023-11-21 17:28:55,693 [INFO] ADCParametersView:116 -                Rank 1 : false
2023-11-21 17:28:55,693 [INFO] ADCParametersView:116 -                Rank 1 : false
2023-11-21 17:28:55,694 [INFO] ADCParametersView:116 -                Rank 1 : false
2023-11-21 17:28:55,694 [INFO] ADCParametersView:116 -                Rank 1 : false
2023-11-21 17:28:55,694 [INFO] ADCParametersView:116 -                Rank 1 : false
2023-11-21 17:28:55,694 [INFO] ADCParametersView:116 -                Rank 1 : false
2023-11-21 17:28:55,694 [INFO] ADCParametersView:116 -                Rank 1 : false
2023-11-21 17:28:55,763 [INFO] ADCParametersView:116 -                Rank 1 : false
2023-11-21 17:28:57,640 [INFO] ADCParametersView:116 -                Rank 1 : false
2023-11-21 17:28:57,641 [INFO] ADCParametersView:116 -                Rank 1 : false
2023-11-21 17:28:57,641 [INFO] ADCParametersView:116 -                Rank 1 : false
2023-11-21 17:28:57,641 [INFO] ADCParametersView:116 -                Rank 1 : false
2023-11-21 17:28:57,641 [INFO] ADCParametersView:116 -                Rank 1 : false
2023-11-21 17:28:57,641 [INFO] ADCParametersView:116 -                Rank 1 : false
2023-11-21 17:28:57,642 [INFO] ADCParametersView:116 -                Rank 1 : false
2023-11-21 17:28:57,642 [INFO] ADCParametersView:116 -                Rank 1 : false
2023-11-21 17:28:57,642 [INFO] ADCParametersView:116 -                Rank 1 : false
2023-11-21 17:28:57,642 [INFO] ADCParametersView:116 -                Rank 1 : false
2023-11-21 17:28:57,642 [INFO] ADCParametersView:116 -                Rank 1 : false
2023-11-21 17:28:57,642 [INFO] ADCParametersView:116 -                Rank 1 : false
2023-11-21 17:28:57,642 [INFO] ADCParametersView:116 -                Rank 1 : false
2023-11-21 17:28:57,642 [INFO] ADCParametersView:116 -                Rank 1 : false
2023-11-21 17:28:57,698 [INFO] ADCParametersView:116 -                Rank 1 : false
2023-11-21 17:29:00,908 [INFO] ADCParametersView:116 -                Rank 1 : false
2023-11-21 17:29:00,908 [INFO] ADCParametersView:116 -                Rank 1 : false
2023-11-21 17:29:00,908 [INFO] ADCParametersView:116 -                Rank 1 : false
2023-11-21 17:29:00,909 [INFO] ADCParametersView:116 -                Rank 1 : false
2023-11-21 17:29:00,909 [INFO] ADCParametersView:116 -                Rank 1 : false
2023-11-21 17:29:00,909 [INFO] ADCParametersView:116 -                Rank 1 : false
2023-11-21 17:29:00,909 [INFO] ADCParametersView:116 -                Rank 1 : false
2023-11-21 17:29:00,909 [INFO] ADCParametersView:116 -                Rank 1 : false
2023-11-21 17:29:00,910 [INFO] ADCParametersView:116 -                Rank 1 : false
2023-11-21 17:29:00,910 [INFO] ADCParametersView:116 -                Rank 1 : false
2023-11-21 17:29:00,910 [INFO] ADCParametersView:116 -                Rank 1 : false
2023-11-21 17:29:00,910 [INFO] ADCParametersView:116 -                Rank 1 : false
2023-11-21 17:29:00,910 [INFO] ADCParametersView:116 -                Rank 1 : false
2023-11-21 17:29:00,910 [INFO] ADCParametersView:116 -                Rank 1 : false
2023-11-21 17:29:00,960 [INFO] ADCParametersView:116 -                Rank 1 : false
2023-11-21 17:29:01,028 [INFO] ADCParametersView:116 -                Rank 1 : false
2023-11-21 17:29:01,029 [INFO] ADCParametersView:116 -                Rank 1 : false
2023-11-21 17:29:01,029 [INFO] ADCParametersView:116 -                Rank 1 : false
2023-11-21 17:29:01,029 [INFO] ADCParametersView:116 -                Rank 1 : false
2023-11-21 17:29:01,029 [INFO] ADCParametersView:116 -                Rank 1 : false
2023-11-21 17:29:01,029 [INFO] ADCParametersView:116 -                Rank 1 : false
2023-11-21 17:29:01,029 [INFO] ADCParametersView:116 -                Rank 1 : false
2023-11-21 17:29:01,029 [INFO] ADCParametersView:116 -                Rank 1 : false
2023-11-21 17:29:01,030 [INFO] ADCParametersView:116 -                Rank 1 : false
2023-11-21 17:29:01,030 [INFO] ADCParametersView:116 -                Rank 1 : false
2023-11-21 17:29:01,030 [INFO] ADCParametersView:116 -                Rank 1 : false
2023-11-21 17:29:01,030 [INFO] ADCParametersView:116 -                Rank 1 : false
2023-11-21 17:29:01,030 [INFO] ADCParametersView:116 -                Rank 1 : false
2023-11-21 17:29:01,030 [INFO] ADCParametersView:116 -                Rank 1 : false
2023-11-21 17:29:01,093 [INFO] ADCParametersView:116 -                Rank 1 : false
2023-11-21 17:29:01,242 [INFO] ADCParametersView:116 -                Rank 1 : false
2023-11-21 17:29:01,243 [INFO] ADCParametersView:116 -                Rank 1 : false
2023-11-21 17:29:01,243 [INFO] ADCParametersView:116 -                Rank 1 : false
2023-11-21 17:29:01,243 [INFO] ADCParametersView:116 -                Rank 1 : false
2023-11-21 17:29:01,243 [INFO] ADCParametersView:116 -                Rank 1 : false
2023-11-21 17:29:01,243 [INFO] ADCParametersView:116 -                Rank 1 : false
2023-11-21 17:29:01,244 [INFO] ADCParametersView:116 -                Rank 1 : false
2023-11-21 17:29:01,244 [INFO] ADCParametersView:116 -                Rank 1 : false
2023-11-21 17:29:01,244 [INFO] ADCParametersView:116 -                Rank 1 : false
2023-11-21 17:29:01,244 [INFO] ADCParametersView:116 -                Rank 1 : false
2023-11-21 17:29:01,244 [INFO] ADCParametersView:116 -                Rank 1 : false
2023-11-21 17:29:01,244 [INFO] ADCParametersView:116 -                Rank 1 : false
2023-11-21 17:29:01,244 [INFO] ADCParametersView:116 -                Rank 1 : false
2023-11-21 17:29:01,244 [INFO] ADCParametersView:116 -                Rank 1 : false
2023-11-21 17:29:01,306 [INFO] ADCParametersView:116 -                Rank 1 : false
2023-11-21 17:29:01,372 [INFO] ADCParametersView:116 -                Rank 1 : false
2023-11-21 17:29:01,372 [INFO] ADCParametersView:116 -                Rank 1 : false
2023-11-21 17:29:01,372 [INFO] ADCParametersView:116 -                Rank 1 : false
2023-11-21 17:29:01,373 [INFO] ADCParametersView:116 -                Rank 1 : false
2023-11-21 17:29:01,373 [INFO] ADCParametersView:116 -                Rank 1 : false
2023-11-21 17:29:01,373 [INFO] ADCParametersView:116 -                Rank 1 : false
2023-11-21 17:29:01,373 [INFO] ADCParametersView:116 -                Rank 1 : false
2023-11-21 17:29:01,373 [INFO] ADCParametersView:116 -                Rank 1 : false
2023-11-21 17:29:01,373 [INFO] ADCParametersView:116 -                Rank 1 : false
2023-11-21 17:29:01,374 [INFO] ADCParametersView:116 -                Rank 1 : false
2023-11-21 17:29:01,374 [INFO] ADCParametersView:116 -                Rank 1 : false
2023-11-21 17:29:01,374 [INFO] ADCParametersView:116 -                Rank 1 : false
2023-11-21 17:29:01,374 [INFO] ADCParametersView:116 -                Rank 1 : false
2023-11-21 17:29:01,374 [INFO] ADCParametersView:116 -                Rank 1 : false
2023-11-21 17:29:01,432 [INFO] ADCParametersView:116 -                Rank 1 : false
2023-11-21 17:37:04,412 [INFO] UtilMem:75 - End SaveConfig() Used Memory: 608533968 Bytes (720371712)
2023-11-21 17:37:05,278 [INFO] UtilMem:75 - End SaveConfig() Used Memory: 590016176 Bytes (720371712)
2023-11-21 17:37:09,221 [INFO] UtilMem:75 - End SaveConfig() Used Memory: 605719752 Bytes (720371712)
2023-11-21 17:37:10,306 [INFO] BlockDiagram:2759 - set Specific Code input for plugin: TIM1_8F7
2023-11-21 17:37:10,306 [INFO] BlockDiagram:2759 - set Specific Code input for plugin: TIM1_8F7
2023-11-21 17:37:10,306 [INFO] BlockDiagram:2759 - set Specific Code input for plugin: TIM1_8F7
2023-11-21 17:37:10,306 [INFO] BlockDiagram:2759 - set Specific Code input for plugin: SYS
2023-11-21 17:37:10,306 [INFO] BlockDiagram:2759 - set Specific Code input for plugin: ADC
2023-11-21 17:37:10,306 [INFO] BlockDiagram:2759 - set Specific Code input for plugin: RCC
2023-11-21 17:37:10,306 [INFO] BlockDiagram:2759 - set Specific Code input for plugin: USB_OTG_FS
2023-11-21 17:37:10,307 [INFO] BlockDiagram:2759 - set Specific Code input for plugin: NVIC
2023-11-21 17:37:10,307 [INFO] BlockDiagram:2759 - set Specific Code input for plugin: USART
2023-11-21 17:37:10,307 [INFO] BlockDiagram:2759 - set Specific Code input for plugin: GPIO
2023-11-21 17:37:10,307 [INFO] BlockDiagram:2759 - set Specific Code input for plugin: ETH
2023-11-21 17:37:10,310 [INFO] CodeGenerator:793 - code generatio: config db path: C:\ST\STM32CubeIDE_1.12.1\STM32CubeIDE\plugins\com.st.stm32cube.common.mx_6.8.1.202304191431\\db\
2023-11-21 17:37:11,033 [INFO] CodeEngine:255 - oldGeneratedFile, C:\Users\HP\Desktop\studia\sm\02_11_2023\02_11_2023\MXTmpFiles\license.tmp_save
2023-11-21 17:37:11,531 [INFO] CodeEngine:279 - Generated code: C:\Users\HP\Desktop\studia\sm\02_11_2023\02_11_2023\MXTmpFiles\license.tmp
2023-11-21 17:37:11,707 [INFO] CodeEngine:255 - oldGeneratedFile, C:\Users\HP\Desktop\studia\sm\02_11_2023\02_11_2023\MXTmpFiles\gpio.tmp_save
2023-11-21 17:37:12,130 [INFO] CodeEngine:279 - Generated code: C:\Users\HP\Desktop\studia\sm\02_11_2023\02_11_2023\MXTmpFiles\gpio.tmp
2023-11-21 17:37:13,215 [WARN] IPConfigManager:2937 - Warning: the RefConfig PWREx_EnableUSBVoltageDetector is not available in your config.xml file
2023-11-21 17:37:13,253 [INFO] CodeEngine:255 - oldGeneratedFile, C:\Users\HP\Desktop\studia\sm\02_11_2023\02_11_2023\MXTmpFiles\cortex.tmp_save
2023-11-21 17:37:13,462 [INFO] CodeEngine:279 - Generated code: C:\Users\HP\Desktop\studia\sm\02_11_2023\02_11_2023\MXTmpFiles\cortex.tmp
2023-11-21 17:37:13,509 [INFO] CodeEngine:255 - oldGeneratedFile, C:\Users\HP\Desktop\studia\sm\02_11_2023\02_11_2023\Core\Src\stm32f7xx_it.c_save
2023-11-21 17:37:13,698 [INFO] CodeEngine:279 - Generated code: C:\Users\HP\Desktop\studia\sm\02_11_2023\02_11_2023\Core\Src\stm32f7xx_it.c
2023-11-21 17:37:13,741 [INFO] CodeEngine:255 - oldGeneratedFile, C:\Users\HP\Desktop\studia\sm\02_11_2023\02_11_2023\Core\Inc\stm32f7xx_it.h_save
2023-11-21 17:37:13,885 [INFO] CodeEngine:279 - Generated code: C:\Users\HP\Desktop\studia\sm\02_11_2023\02_11_2023\Core\Inc\stm32f7xx_it.h
2023-11-21 17:37:13,931 [INFO] CodeEngine:255 - oldGeneratedFile, C:\Users\HP\Desktop\studia\sm\02_11_2023\02_11_2023\Core\Src\stm32f7xx_hal_msp.c_save
2023-11-21 17:37:14,454 [INFO] CodeEngine:279 - Generated code: C:\Users\HP\Desktop\studia\sm\02_11_2023\02_11_2023\Core\Src\stm32f7xx_hal_msp.c
2023-11-21 17:37:14,492 [INFO] CodeEngine:255 - oldGeneratedFile, C:\Users\HP\Desktop\studia\sm\02_11_2023\02_11_2023\MXTmpFiles\system.tmp_save
2023-11-21 17:37:14,683 [INFO] CodeEngine:279 - Generated code: C:\Users\HP\Desktop\studia\sm\02_11_2023\02_11_2023\MXTmpFiles\system.tmp
2023-11-21 17:37:14,729 [INFO] CodeEngine:311 - oldGeneratedFile, C:\Users\HP\Desktop\studia\sm\02_11_2023\02_11_2023\Core\Inc\stm32f7xx_hal_conf.h_save
2023-11-21 17:37:15,018 [INFO] CodeEngine:335 - Generated code: C:\Users\HP\Desktop\studia\sm\02_11_2023\02_11_2023\Core\Inc\stm32f7xx_hal_conf.h
2023-11-21 17:37:15,136 [WARN] IPConfigManager:3431 - IP not found : TIM
2023-11-21 17:37:15,136 [WARN] IPConfigManager:3431 - IP not found : USB_OTG
2023-11-21 17:37:15,138 [WARN] CodeGenerator:3754 - IP not found : null
2023-11-21 17:37:15,139 [WARN] CodeGenerator:3754 - IP not found : null
2023-11-21 17:37:15,380 [INFO] CodeEngine:255 - oldGeneratedFile, C:\Users\HP\Desktop\studia\sm\02_11_2023\02_11_2023\Core\Inc\main.h_save
2023-11-21 17:37:15,731 [INFO] CodeEngine:279 - Generated code: C:\Users\HP\Desktop\studia\sm\02_11_2023\02_11_2023\Core\Inc\main.h
2023-11-21 17:37:15,761 [INFO] CodeEngine:255 - oldGeneratedFile, C:\Users\HP\Desktop\studia\sm\02_11_2023\02_11_2023\Core\Src\main.c_save
2023-11-21 17:37:16,012 [INFO] CodeEngine:279 - Generated code: C:\Users\HP\Desktop\studia\sm\02_11_2023\02_11_2023\Core\Src\main.c
2023-11-21 17:37:17,210 [INFO] ProjectBuilder:2996 - Time for Copy HAL[1] : 280mS.
2023-11-21 17:37:17,231 [INFO] ProjectBuilder:4304 - Project Generator version: 3.19.2
2023-11-21 17:37:17,656 [INFO] ConfigFileManager:1483 - The Die is : DIE449
2023-11-21 17:37:17,678 [INFO] ApiDbMcu:507 - Load IP Config File for FATFS
2023-11-21 17:37:17,693 [INFO] ApiDbMcu:507 - Load IP Config File for FREERTOS
2023-11-21 17:37:17,703 [INFO] ApiDbMcu:507 - Load IP Config File for LIBJPEG
2023-11-21 17:37:17,720 [INFO] ApiDbMcu:507 - Load IP Config File for LWIP
2023-11-21 17:37:17,735 [INFO] ApiDbMcu:507 - Load IP Config File for MBEDTLS
2023-11-21 17:37:17,762 [INFO] ApiDbMcu:507 - Load IP Config File for USB_DEVICE
2023-11-21 17:37:17,782 [INFO] ApiDbMcu:507 - Load IP Config File for USB_HOST
2023-11-21 17:37:19,411 [INFO] LogOutputStream:77 - [STDOUT_REDIRECT] 
2023-11-21 17:37:22,557 [INFO] ProjectBuilder:4505 - Time for Generating toolchain IDE Files: 5325mS.
2023-11-21 17:37:22,560 [INFO] ProjectBuilder:2867 - Time for Copy CMSIS : 2mS.
2023-11-21 17:37:22,567 [INFO] ProjectBuilder:2867 - Time for Copy CMSIS : 2mS.
