2023-11-02 15:19:50,347 [INFO] Activator:176 - 


2023-11-02 15:19:50,347 [INFO] Activator:177 - !SESSION log4j initialized
2023-11-02 15:19:57,249 [INFO] LogOutputStream:77 - [STDOUT_REDIRECT] 
2023-11-02 15:20:19,476 [ERROR] LogOutputStream:75 - [STDERR_REDIRECT] SLF4J: Failed to load class "org.slf4j.impl.StaticLoggerBinder".
2023-11-02 15:20:19,476 [ERROR] LogOutputStream:75 - [STDERR_REDIRECT] SLF4J: Defaulting to no-operation (NOP) logger implementation
2023-11-02 15:20:19,478 [ERROR] LogOutputStream:75 - [STDERR_REDIRECT] SLF4J: See http://www.slf4j.org/codes.html#StaticLoggerBinder for further details.
2023-11-02 15:22:10,868 [INFO] ApplicationProperties:184 - Using Application install path: C:\ST\STM32CubeIDE_1.12.1\STM32CubeIDE\plugins\com.st.stm32cube.common.mx_6.8.1.202304191431
2023-11-02 15:22:10,908 [INFO] DbMcusXml:78 - Set database path to: C:\ST\STM32CubeIDE_1.12.1\STM32CubeIDE\plugins\com.st.stm32cube.common.mx_6.8.1.202304191431\\db\/mcu/
2023-11-02 15:22:10,909 [INFO] ApiDb:274 - Set plugin database path to: C:\ST\STM32CubeIDE_1.12.1\STM32CubeIDE\plugins\com.st.stm32cube.common.mx_6.8.1.202304191431\\db\/plugins/boardmanager/
2023-11-02 15:22:10,912 [WARN] ApiDb:259 - Overriding images path with different value:  => C:\ST\STM32CubeIDE_1.12.1\STM32CubeIDE\plugins\com.st.stm32cube.common.mx_6.8.1.202304191431\\db\/plugins/mcufinder/images/
2023-11-02 15:22:10,939 [INFO] ApiDb:250 - Set database path to: C:\Users\HP\.stmcufinder\plugins\mcufinder//mcu/
2023-11-02 15:22:10,942 [INFO] DbMcusAds:125 - Set database path to: C:\Users\HP\.stmcufinder\plugins\mcufinder//mcu/
2023-11-02 15:22:10,954 [INFO] CrossReferenceDbSqlite:203 - Set database path to: C:\Users\HP\.stmcufinder\plugins\mcufinder//mcu/cs/
2023-11-02 15:22:11,168 [INFO] RulesReader:64 - Compatibility file has been processed (293 Rules)
2023-11-02 15:22:11,325 [INFO] DbMcusXml:78 - Set database path to: C:\ST\STM32CubeIDE_1.12.1\STM32CubeIDE\plugins\com.st.stm32cube.common.mx_6.8.1.202304191431\\db\/mcu/
2023-11-02 15:22:11,325 [INFO] ApiDb:274 - Set plugin database path to: C:\ST\STM32CubeIDE_1.12.1\STM32CubeIDE\plugins\com.st.stm32cube.common.mx_6.8.1.202304191431\\db\/plugins/boardmanager/
2023-11-02 15:22:11,325 [INFO] ApiDb:261 - Set plugin images path to: C:\ST\STM32CubeIDE_1.12.1\STM32CubeIDE\plugins\com.st.stm32cube.common.mx_6.8.1.202304191431\\db\/plugins/mcufinder/images/
2023-11-02 15:22:11,326 [WARN] DbFile:41 - Overriding database path with different value: C:\Users\HP\.stmcufinder\plugins\mcufinder/ => C:\Users\HP\.stmcufinder\plugins\mcufinder
2023-11-02 15:22:11,326 [INFO] ApiDb:250 - Set database path to: C:\Users\HP\.stmcufinder\plugins\mcufinder//mcu/
2023-11-02 15:22:11,326 [WARN] DbFile:41 - Overriding database path with different value: C:\Users\HP\.stmcufinder\plugins\mcufinder/ => C:\Users\HP\.stmcufinder\plugins\mcufinder
2023-11-02 15:22:11,326 [INFO] DbMcusAds:125 - Set database path to: C:\Users\HP\.stmcufinder\plugins\mcufinder//mcu/
2023-11-02 15:22:11,327 [WARN] DbFile:41 - Overriding database path with different value: C:\Users\HP\.stmcufinder\plugins\mcufinder/ => C:\Users\HP\.stmcufinder\plugins\mcufinder
2023-11-02 15:22:11,327 [WARN] DbFile:41 - Overriding database path with different value: C:\Users\HP\.stmcufinder\plugins\mcufinder/ => C:\Users\HP\.stmcufinder\plugins\mcufinder
2023-11-02 15:22:11,327 [INFO] CrossReferenceDbSqlite:203 - Set database path to: C:\Users\HP\.stmcufinder\plugins\mcufinder//mcu/cs/
2023-11-02 15:22:11,487 [INFO] MainPanel:253 - HeapMemory: 535822336
2023-11-02 15:22:11,686 [INFO] DbMcusXml:78 - Set database path to: C:\ST\STM32CubeIDE_1.12.1\STM32CubeIDE\plugins\com.st.stm32cube.common.mx_6.8.1.202304191431\\db\/mcu/
2023-11-02 15:22:11,686 [INFO] ApiDb:274 - Set plugin database path to: C:\ST\STM32CubeIDE_1.12.1\STM32CubeIDE\plugins\com.st.stm32cube.common.mx_6.8.1.202304191431\\db\/plugins/boardmanager/
2023-11-02 15:22:11,686 [INFO] ApiDb:261 - Set plugin images path to: C:\ST\STM32CubeIDE_1.12.1\STM32CubeIDE\plugins\com.st.stm32cube.common.mx_6.8.1.202304191431\\db\/plugins/mcufinder/images/
2023-11-02 15:22:11,687 [WARN] DbFile:41 - Overriding database path with different value: C:\Users\HP\.stmcufinder\plugins\mcufinder/ => C:\Users\HP\.stmcufinder\plugins\mcufinder
2023-11-02 15:22:11,687 [INFO] ApiDb:250 - Set database path to: C:\Users\HP\.stmcufinder\plugins\mcufinder//mcu/
2023-11-02 15:22:11,688 [WARN] DbFile:41 - Overriding database path with different value: C:\Users\HP\.stmcufinder\plugins\mcufinder/ => C:\Users\HP\.stmcufinder\plugins\mcufinder
2023-11-02 15:22:11,688 [INFO] DbMcusAds:125 - Set database path to: C:\Users\HP\.stmcufinder\plugins\mcufinder//mcu/
2023-11-02 15:22:11,688 [WARN] DbFile:41 - Overriding database path with different value: C:\Users\HP\.stmcufinder\plugins\mcufinder/ => C:\Users\HP\.stmcufinder\plugins\mcufinder
2023-11-02 15:22:11,688 [WARN] DbFile:41 - Overriding database path with different value: C:\Users\HP\.stmcufinder\plugins\mcufinder/ => C:\Users\HP\.stmcufinder\plugins\mcufinder
2023-11-02 15:22:11,688 [INFO] CrossReferenceDbSqlite:203 - Set database path to: C:\Users\HP\.stmcufinder\plugins\mcufinder//mcu/cs/
2023-11-02 15:22:11,735 [INFO] ApplicationProperties:184 - Using Application install path: C:\ST\STM32CubeIDE_1.12.1\STM32CubeIDE\plugins\com.st.stm32cube.common.mx_6.8.1.202304191431
2023-11-02 15:22:11,737 [INFO] PluginManage:196 - Search for loadable plugins [exclusion list=, ]
2023-11-02 15:22:11,740 [INFO] PluginManage:310 - Check plugin analytics
2023-11-02 15:22:12,048 [INFO] AnalyticsPlugin:253 - Accepted Software Licenses: 
2023-11-02 15:22:12,048 [INFO] AnalyticsPlugin:255 - Accepted CMSIS Pack Licenses: 
2023-11-02 15:22:12,049 [INFO] AnalyticsPlugin:257 - Accepted Firmware Licenses: FW.G4.1.5.0,FW.F7.1.17.0
2023-11-02 15:22:12,062 [INFO] PluginManage:359 - Loaded plugin analytics (category:tool,tabindex:-1)
2023-11-02 15:22:12,062 [INFO] PluginManage:310 - Check plugin cadmodel
2023-11-02 15:22:12,104 [INFO] CADModel:105 - Init CAD model plugin
2023-11-02 15:22:12,104 [INFO] PluginManage:359 - Loaded plugin cadmodel (category:power,tabindex:5)
2023-11-02 15:22:12,104 [INFO] PluginManage:310 - Check plugin clock
2023-11-02 15:22:12,138 [INFO] PluginManage:359 - Loaded plugin clock (category:base,tabindex:2)
2023-11-02 15:22:12,138 [INFO] PluginManage:310 - Check plugin ddr
2023-11-02 15:22:12,144 [INFO] PluginManage:359 - Loaded plugin ddr (category:tool,tabindex:6)
2023-11-02 15:22:12,144 [INFO] PluginManage:310 - Check plugin filemanager
2023-11-02 15:22:12,405 [INFO] PluginManage:359 - Loaded plugin filemanager (category:base,tabindex:10)
2023-11-02 15:22:12,405 [INFO] PluginManage:310 - Check plugin ipmanager
2023-11-02 15:22:12,419 [INFO] PluginManage:359 - Loaded plugin ipmanager (category:base,tabindex:5)
2023-11-02 15:22:12,420 [INFO] PluginManage:310 - Check plugin lpbam
2023-11-02 15:22:12,451 [INFO] PluginManage:359 - Loaded plugin lpbam (category:base,tabindex:0)
2023-11-02 15:22:12,452 [INFO] PluginManage:310 - Check plugin pinoutandconfiguration
2023-11-02 15:22:12,501 [INFO] PluginManage:359 - Loaded plugin pinoutandconfiguration (category:base,tabindex:1)
2023-11-02 15:22:12,501 [INFO] PluginManage:310 - Check plugin pinoutconfig
2023-11-02 15:22:12,659 [WARN] SupportedApi:132 - Cannot load RTOS API schema: s4s-elt-must-match.1: The content of 'definitions' must match (annotation?, (simpleType | complexType)?, (unique | key | keyref)*)). A problem was found starting at: attribute.
2023-11-02 15:22:12,925 [INFO] PluginManage:359 - Loaded plugin pinoutconfig (category:base,tabindex:0)
2023-11-02 15:22:12,926 [INFO] PluginManage:310 - Check plugin power
2023-11-02 15:22:12,968 [INFO] PluginManage:359 - Loaded plugin power (category:power,tabindex:4)
2023-11-02 15:22:12,969 [INFO] PluginManage:310 - Check plugin projectmanager
2023-11-02 15:22:12,995 [INFO] PluginManage:359 - Loaded plugin projectmanager (category:projectmanager,tabindex:3)
2023-11-02 15:22:12,995 [INFO] PluginManage:310 - Check plugin thirdparty
2023-11-02 15:22:13,452 [INFO] PluginManage:359 - Loaded plugin thirdparty (category:base,tabindex:-1)
2023-11-02 15:22:13,452 [WARN] IntegrityCheckThread:84 - waiting for thirdparty lock release [integrity check]
2023-11-02 15:22:13,453 [INFO] PluginManage:310 - Check plugin tools
2023-11-02 15:22:13,454 [INFO] IntegrityCheckThread:86 - entering critical section [integrity check]
2023-11-02 15:22:13,457 [INFO] ThirdPartyUpdaterWithRetryManager:70 - Updater plugin not ready yet. [1/15]
2023-11-02 15:22:13,502 [INFO] PluginManage:359 - Loaded plugin tools (category:base,tabindex:7)
2023-11-02 15:22:13,502 [INFO] PluginManage:310 - Check plugin tutovideos
2023-11-02 15:22:13,966 [INFO] PluginManage:359 - Loaded plugin tutovideos (category:base,tabindex:-1)
2023-11-02 15:22:13,966 [INFO] PluginManage:310 - Check plugin updater
2023-11-02 15:22:14,007 [INFO] PluginManage:359 - Loaded plugin updater (category:base,tabindex:12)
2023-11-02 15:22:14,008 [INFO] PluginManage:283 - PluginManage : Loaded plugins [15]
2023-11-02 15:22:14,513 [INFO] PinOutPanel:1499 - setPackage(No Configuration,No Configuration)
2023-11-02 15:22:14,651 [INFO] CADModel:165 - CPN selected for project level
2023-11-02 15:22:14,652 [INFO] CADModel:114 - Register for checkConnection events
2023-11-02 15:22:14,698 [INFO] IPUIPlugin:80 - create IPUIPlugin
2023-11-02 15:22:14,699 [INFO] PluginManager:220 - loadIPPluginJar : add adc
2023-11-02 15:22:14,765 [INFO] IPUIPlugin:80 - create IPUIPlugin
2023-11-02 15:22:14,765 [INFO] PluginManager:220 - loadIPPluginJar : add aes
2023-11-02 15:22:14,836 [INFO] IPUIPlugin:80 - create IPUIPlugin
2023-11-02 15:22:14,836 [INFO] PluginManager:220 - loadIPPluginJar : add can
2023-11-02 15:22:14,873 [INFO] IPUIPlugin:80 - create IPUIPlugin
2023-11-02 15:22:14,873 [INFO] PluginManager:220 - loadIPPluginJar : add comp
2023-11-02 15:22:14,932 [INFO] IPUIPlugin:80 - create IPUIPlugin
2023-11-02 15:22:14,932 [INFO] PluginManager:220 - loadIPPluginJar : add cryp
2023-11-02 15:22:14,980 [INFO] IPUIPlugin:80 - create IPUIPlugin
2023-11-02 15:22:14,980 [INFO] PluginManager:220 - loadIPPluginJar : add dfsdm
2023-11-02 15:22:15,005 [INFO] IPUIPlugin:80 - create IPUIPlugin
2023-11-02 15:22:15,006 [INFO] PluginManager:220 - loadIPPluginJar : add dma
2023-11-02 15:22:15,083 [INFO] IPUIPlugin:80 - create IPUIPlugin
2023-11-02 15:22:15,083 [INFO] PluginManager:220 - loadIPPluginJar : add dma3
2023-11-02 15:22:15,120 [INFO] IPUIPlugin:80 - create IPUIPlugin
2023-11-02 15:22:15,120 [INFO] PluginManager:220 - loadIPPluginJar : add fatfs
2023-11-02 15:22:15,205 [INFO] IPUIPlugin:80 - create IPUIPlugin
2023-11-02 15:22:15,205 [INFO] PluginManager:220 - loadIPPluginJar : add fmc
2023-11-02 15:22:15,232 [INFO] IPUIPlugin:80 - create IPUIPlugin
2023-11-02 15:22:15,233 [INFO] PluginManager:220 - loadIPPluginJar : add freertos
2023-11-02 15:22:15,260 [INFO] IPUIPlugin:80 - create IPUIPlugin
2023-11-02 15:22:15,260 [INFO] PluginManager:220 - loadIPPluginJar : add genericplugin
2023-11-02 15:22:15,438 [INFO] IPUIPlugin:80 - create IPUIPlugin
2023-11-02 15:22:15,438 [INFO] PluginManager:220 - loadIPPluginJar : add gfxmmu
2023-11-02 15:22:15,672 [INFO] IPUIPlugin:80 - create IPUIPlugin
2023-11-02 15:22:15,672 [INFO] PluginManager:220 - loadIPPluginJar : add gic
2023-11-02 15:22:15,705 [INFO] IPUIPlugin:80 - create IPUIPlugin
2023-11-02 15:22:15,705 [INFO] PluginManager:220 - loadIPPluginJar : add gpio
2023-11-02 15:22:15,849 [INFO] IPUIPlugin:80 - create IPUIPlugin
2023-11-02 15:22:15,849 [INFO] PluginManager:220 - loadIPPluginJar : add gtzc
2023-11-02 15:22:15,898 [INFO] IPUIPlugin:80 - create IPUIPlugin
2023-11-02 15:22:15,898 [INFO] PluginManager:220 - loadIPPluginJar : add hash
2023-11-02 15:22:15,974 [INFO] IPUIPlugin:80 - create IPUIPlugin
2023-11-02 15:22:15,975 [INFO] PluginManager:220 - loadIPPluginJar : add i2c
2023-11-02 15:22:16,019 [INFO] IPUIPlugin:80 - create IPUIPlugin
2023-11-02 15:22:16,019 [INFO] PluginManager:220 - loadIPPluginJar : add i2s
2023-11-02 15:22:16,064 [INFO] IPUIPlugin:80 - create IPUIPlugin
2023-11-02 15:22:16,064 [INFO] PluginManager:220 - loadIPPluginJar : add i3c
2023-11-02 15:22:16,255 [INFO] IPUIPlugin:80 - create IPUIPlugin
2023-11-02 15:22:16,256 [INFO] PluginManager:220 - loadIPPluginJar : add ipddr
2023-11-02 15:22:16,378 [INFO] IPUIPlugin:80 - create IPUIPlugin
2023-11-02 15:22:16,378 [INFO] PluginManager:220 - loadIPPluginJar : add linkedlist
2023-11-02 15:22:16,433 [INFO] IPUIPlugin:80 - create IPUIPlugin
2023-11-02 15:22:16,433 [INFO] PluginManager:220 - loadIPPluginJar : add lorawan
2023-11-02 15:22:16,464 [INFO] ThirdPartyUpdaterWithRetryManager:70 - Updater plugin not ready yet. [2/15]
2023-11-02 15:22:16,489 [INFO] IPUIPlugin:80 - create IPUIPlugin
2023-11-02 15:22:16,489 [INFO] PluginManager:220 - loadIPPluginJar : add ltdc
2023-11-02 15:22:16,511 [INFO] IPUIPlugin:80 - create IPUIPlugin
2023-11-02 15:22:16,512 [INFO] PluginManager:220 - loadIPPluginJar : add mdma
2023-11-02 15:22:16,530 [INFO] IPUIPlugin:80 - create IPUIPlugin
2023-11-02 15:22:16,530 [INFO] PluginManager:220 - loadIPPluginJar : add nvic
2023-11-02 15:22:16,594 [INFO] IPUIPlugin:80 - create IPUIPlugin
2023-11-02 15:22:16,594 [INFO] PluginManager:220 - loadIPPluginJar : add opamp
2023-11-02 15:22:16,664 [INFO] IPUIPlugin:80 - create IPUIPlugin
2023-11-02 15:22:16,664 [INFO] PluginManager:220 - loadIPPluginJar : add openamp
2023-11-02 15:22:16,722 [INFO] IPUIPlugin:80 - create IPUIPlugin
2023-11-02 15:22:16,722 [INFO] PluginManager:220 - loadIPPluginJar : add pdm2pcm
2023-11-02 15:22:16,737 [INFO] IPUIPlugin:80 - create IPUIPlugin
2023-11-02 15:22:16,740 [INFO] PluginManager:220 - loadIPPluginJar : add plateformsettings
2023-11-02 15:22:16,768 [INFO] IPUIPlugin:80 - create IPUIPlugin
2023-11-02 15:22:16,768 [INFO] PluginManager:220 - loadIPPluginJar : add quadspi
2023-11-02 15:22:16,791 [INFO] IPUIPlugin:80 - create IPUIPlugin
2023-11-02 15:22:16,792 [INFO] PluginManager:220 - loadIPPluginJar : add resmgrutility
2023-11-02 15:22:16,843 [INFO] IPUIPlugin:80 - create IPUIPlugin
2023-11-02 15:22:16,843 [INFO] PluginManager:220 - loadIPPluginJar : add sai
2023-11-02 15:22:16,882 [INFO] IPUIPlugin:80 - create IPUIPlugin
2023-11-02 15:22:16,883 [INFO] PluginManager:220 - loadIPPluginJar : add spi
2023-11-02 15:22:16,943 [INFO] IPUIPlugin:80 - create IPUIPlugin
2023-11-02 15:22:16,943 [INFO] PluginManager:220 - loadIPPluginJar : add stm32_wpan
2023-11-02 15:22:16,965 [INFO] IPUIPlugin:80 - create IPUIPlugin
2023-11-02 15:22:16,966 [INFO] PluginManager:220 - loadIPPluginJar : add tim
2023-11-02 15:22:17,017 [INFO] IPUIPlugin:80 - create IPUIPlugin
2023-11-02 15:22:17,018 [INFO] PluginManager:220 - loadIPPluginJar : add touchsensing
2023-11-02 15:22:17,040 [INFO] IPUIPlugin:80 - create IPUIPlugin
2023-11-02 15:22:17,040 [INFO] PluginManager:220 - loadIPPluginJar : add tracer_emb
2023-11-02 15:22:17,063 [INFO] IPUIPlugin:80 - create IPUIPlugin
2023-11-02 15:22:17,063 [INFO] PluginManager:220 - loadIPPluginJar : add ts
2023-11-02 15:22:17,084 [INFO] IPUIPlugin:80 - create IPUIPlugin
2023-11-02 15:22:17,084 [INFO] PluginManager:220 - loadIPPluginJar : add tsc
2023-11-02 15:22:17,108 [INFO] IPUIPlugin:80 - create IPUIPlugin
2023-11-02 15:22:17,108 [INFO] PluginManager:220 - loadIPPluginJar : add ucpd
2023-11-02 15:22:17,150 [INFO] IPUIPlugin:80 - create IPUIPlugin
2023-11-02 15:22:17,150 [INFO] PluginManager:220 - loadIPPluginJar : add usart
2023-11-02 15:22:17,190 [INFO] IPUIPlugin:80 - create IPUIPlugin
2023-11-02 15:22:17,190 [INFO] PluginManager:220 - loadIPPluginJar : add usbx
2023-11-02 15:22:17,336 [INFO] CADModel:165 - CPN selected for project level
2023-11-02 15:22:17,336 [INFO] CADModel:114 - Register for checkConnection events
2023-11-02 15:22:17,336 [FATAL] Updater:308 - Updater called before beeing initialized
2023-11-02 15:22:17,336 [ERROR] CADModel:125 - Updater not yet initialized, retry later 
2023-11-02 15:22:17,532 [INFO] CADModel:165 - CPN selected for project level
2023-11-02 15:22:17,532 [INFO] CADModel:114 - Register for checkConnection events
2023-11-02 15:22:17,532 [FATAL] Updater:308 - Updater called before beeing initialized
2023-11-02 15:22:17,532 [ERROR] CADModel:125 - Updater not yet initialized, retry later 
2023-11-02 15:22:17,537 [FATAL] Updater:308 - Updater called before beeing initialized
2023-11-02 15:22:17,688 [FATAL] Updater:308 - Updater called before beeing initialized
2023-11-02 15:22:17,705 [INFO] DbMcusAds:53 - JSON generation date=Tue Mar 07 09:50:55 CET 2023 (1678179055114)
2023-11-02 15:22:17,706 [FATAL] Updater:308 - Updater called before beeing initialized
2023-11-02 15:22:17,788 [WARN] DetailPanel:346 - Failed to get advertising image, set to default
2023-11-02 15:22:17,909 [FATAL] Updater:308 - Updater called before beeing initialized
2023-11-02 15:22:17,912 [FATAL] Updater:308 - Updater called before beeing initialized
2023-11-02 15:22:17,913 [FATAL] Updater:308 - Updater called before beeing initialized
2023-11-02 15:22:17,913 [WARN] DetailPanel:346 - Failed to get advertising image, set to default
2023-11-02 15:22:17,915 [FATAL] Updater:308 - Updater called before beeing initialized
2023-11-02 15:22:17,990 [ERROR] Updater:1120 - MainUpdater not yet initialized. External WinMGr cannot be set.
2023-11-02 15:22:18,000 [INFO] Updater:1056 - Updater Version found : 6.8.1
2023-11-02 15:22:18,032 [INFO] ApplicationProperties:184 - Using Application install path: C:\ST\STM32CubeIDE_1.12.1\STM32CubeIDE\plugins\com.st.stm32cube.common.mx_6.8.1.202304191431
2023-11-02 15:22:18,202 [INFO] MainUpdater:2854 - connection check result : 10
2023-11-02 15:22:18,202 [INFO] MainUpdater:3548 - Updater definition file requires update
2023-11-02 15:22:18,205 [INFO] MainUpdater:283 - Updater Check For Update Now.
2023-11-02 15:22:18,206 [INFO] MicroXplorer:498 - Change Database Version : DB.6.0.81
2023-11-02 15:22:18,237 [INFO] ServerAccessManage:473 - Download File updaters.zip
2023-11-02 15:22:18,305 [INFO] FileExtend:240 - Unzip File : updaters.zip
2023-11-02 15:22:18,305 [INFO] FileExtend:255 - Standard Zip Deflate
2023-11-02 15:22:18,791 [INFO] ServerAccessManage:473 - Download File PacksControlFlags.xml
2023-11-02 15:22:18,875 [INFO] ServerAccessManage:473 - Download File cubemx.pidx
2023-11-02 15:22:19,408 [INFO] ServerAccessManage:473 - Download File STMicroelectronics.X-CUBE-BLEMGR.pdsc
2023-11-02 15:22:19,475 [WARN] MainUpdater:1187 - Updater busy. Cannot search thirdparties
2023-11-02 15:22:19,476 [INFO] ThirdPartyUpdaterWithRetryManager:96 - Updater plugin is busy. [1/15]
2023-11-02 15:22:20,726 [ERROR] ServerAccessManage:1096 - Problem, Http access forbiden
2023-11-02 15:22:20,726 [ERROR] ServerAccessManage:651 - Problem, Http access forbiden : RoweBots.I-CUBE-UNISONRTOS.pdsc.
2023-11-02 15:22:20,957 [WARN] PackLoader:240 - Cannot read IP mode file for STMicroelectronics.X-CUBE-BLEMGR.3.0.0
2023-11-02 15:22:20,962 [INFO] PopulateThirdPartyThread:66 - Ending populate Thread
2023-11-02 15:22:20,967 [INFO] ThirdParty:1030 - CMSIS Pack Vendor :STMicroelectronics X-CUBE-BLEMGR 3.0.0
2023-11-02 15:22:20,967 [INFO] LoadServerUpdatesThread:373 - End of LoadServerUpdate Thread
2023-11-02 15:22:21,078 [INFO] CheckServerUpdateThread:120 - End of CheckServer Thread
2023-11-02 15:22:21,197 [INFO] MainUpdater:2854 - connection check result : 10
2023-11-02 15:22:21,204 [INFO] MainUpdater:2854 - connection check result : 10
2023-11-02 15:22:21,388 [INFO] MicroXplorer:468 - Change Database Path : 
2023-11-02 15:22:21,388 [INFO] MicroXplorer:498 - Change Database Version : DB.6.0.81
2023-11-02 15:22:21,388 [WARN] ThirdParty:871 - waiting for thirdparty lock release [close project]
2023-11-02 15:22:22,696 [WARN] PackLoader:240 - Cannot read IP mode file for STMicroelectronics.X-CUBE-SMBUS.2.1.0
2023-11-02 15:22:22,737 [WARN] PackLoader:240 - Cannot read IP mode file for STMicroelectronics.X-CUBE-AZRTOS-F7.1.1.0
2023-11-02 15:22:22,754 [WARN] PackLoader:240 - Cannot read IP mode file for STMicroelectronics.FP-SNS-MOTENV1.4.3.2
2023-11-02 15:22:22,769 [ERROR] RealEvaluatedCondition:428 - Found unsupported composite condition: GROUP='STM32_MetaDataManager' CLASS='Data Exchange'
2023-11-02 15:22:22,769 [ERROR] RealEvaluatedCondition:428 - Found unsupported composite condition: GROUP='STM32_MetaDataManager' CLASS='Data Exchange'
2023-11-02 15:22:22,770 [WARN] PackLoader:240 - Cannot read IP mode file for STMicroelectronics.FP-SNS-MOTENV1.4.3.1
2023-11-02 15:22:22,784 [WARN] PackLoader:240 - Cannot read IP mode file for STMicroelectronics.FP-SNS-FLIGHT1.5.0.1
2023-11-02 15:22:22,799 [WARN] PackLoader:240 - Cannot read IP mode file for STMicroelectronics.X-CUBE-BLE1.6.2.4
2023-11-02 15:22:22,804 [WARN] PackLoader:240 - Cannot read IP mode file for STMicroelectronics.FP-SNS-FLIGHT1.5.0.2
2023-11-02 15:22:22,820 [WARN] PackLoader:240 - Cannot read IP mode file for STMicroelectronics.X-CUBE-DISPLAY.3.0.0
2023-11-02 15:22:22,835 [WARN] PackLoader:240 - Cannot read IP mode file for STMicroelectronics.X-CUBE-BLE1.7.0.0
2023-11-02 15:22:22,847 [WARN] PackLoader:240 - Cannot read IP mode file for STMicroelectronics.X-CUBE-TOUCHGFX.4.22.0
2023-11-02 15:22:22,856 [WARN] PackLoader:240 - Cannot read IP mode file for STMicroelectronics.X-CUBE-TOUCHGFX.4.22.1
2023-11-02 15:22:22,867 [WARN] PackLoader:240 - Cannot read IP mode file for STMicroelectronics.FP-SNS-SMARTAG2.1.2.0
2023-11-02 15:22:22,888 [INFO] LogOutputStream:77 - [STDOUT_REDIRECT] 1 : Invalid condition id : UX_CORESTACK_Condition cause : null
2023-11-02 15:22:22,888 [INFO] LogOutputStream:77 - [STDOUT_REDIRECT] 1 : Invalid condition id : UX_CORESTACK_Condition cause : null
2023-11-02 15:22:22,889 [INFO] LogOutputStream:77 - [STDOUT_REDIRECT] 1 : Invalid condition id : UX_CORESTACK_Condition cause : null
2023-11-02 15:22:22,890 [INFO] LogOutputStream:77 - [STDOUT_REDIRECT] 1 : Invalid condition id : UX_CORESTACK_Condition cause : null
2023-11-02 15:22:22,892 [INFO] LogOutputStream:77 - [STDOUT_REDIRECT] 1 : Invalid condition id : UX_CORESTACK_Condition cause : null
2023-11-02 15:22:22,897 [WARN] PackLoader:240 - Cannot read IP mode file for STMicroelectronics.X-CUBE-AZRTOS-WL.2.0.0
2023-11-02 15:22:22,918 [WARN] PackLoader:240 - Cannot read IP mode file for WES.I-CUBE-Cesium.1.3.0
2023-11-02 15:22:22,932 [WARN] PackLoader:240 - Cannot read IP mode file for STMicroelectronics.X-CUBE-BLE2.3.3.0
2023-11-02 15:22:22,943 [WARN] PackLoader:240 - Cannot read IP mode file for STMicroelectronics.X-CUBE-TOUCHGFX.4.21.4
2023-11-02 15:22:22,955 [WARN] PackLoader:240 - Cannot read IP mode file for STMicroelectronics.X-CUBE-ALGOBUILD.1.3.0
2023-11-02 15:22:22,984 [WARN] PackLoader:240 - Cannot read IP mode file for STMicroelectronics.X-CUBE-AZRTOS-G0.1.1.0
2023-11-02 15:22:22,998 [WARN] PackLoader:240 - Cannot read IP mode file for STMicroelectronics.X-CUBE-NFC4.3.0.0
2023-11-02 15:22:23,007 [WARN] PackLoader:240 - Cannot read IP mode file for STMicroelectronics.X-CUBE-BLEMGR.3.0.0
2023-11-02 15:22:23,013 [WARN] PackLoader:240 - Cannot read IP mode file for STMicroelectronics.FP-ATR-SIGFOX1.3.2.0
2023-11-02 15:22:23,053 [WARN] PackLoader:240 - Cannot read IP mode file for SEGGER.I-CUBE-embOS.1.3.1
2023-11-02 15:22:23,108 [WARN] PackLoader:240 - Cannot read IP mode file for STMicroelectronics.X-CUBE-GNSS1.6.0.0
2023-11-02 15:22:23,140 [WARN] PackLoader:240 - Cannot read IP mode file for STMicroelectronics.X-CUBE-AZRTOS-F4.1.1.0
2023-11-02 15:22:23,154 [WARN] PackLoader:240 - Cannot read IP mode file for wolfSSL.I-CUBE-wolfSSL.5.6.0
2023-11-02 15:22:23,183 [WARN] PackLoader:240 - Cannot read IP mode file for STMicroelectronics.X-CUBE-AZRTOS-L5.2.0.0
2023-11-02 15:22:23,247 [WARN] PackLoader:240 - Cannot read IP mode file for STMicroelectronics.X-CUBE-MEMS1.9.6.0
2023-11-02 15:22:23,392 [WARN] PackLoader:240 - Cannot read IP mode file for STMicroelectronics.X-CUBE-EEPRMA1.4.2.0
2023-11-02 15:22:23,406 [WARN] PackLoader:240 - Cannot read IP mode file for ITTIA_DB.I-CUBE-ITTIADB.8.8.0
2023-11-02 15:22:23,423 [WARN] PackLoader:240 - Cannot read IP mode file for emotas.I-CUBE-CANOPEN.1.1.3
2023-11-02 15:22:23,441 [WARN] PackLoader:240 - Cannot read IP mode file for STMicroelectronics.X-CUBE-BLEMGR.2.0.0
2023-11-02 15:22:23,475 [WARN] ConditionMgr:438 - getConditionDescription Invalid condition id : UX DEVICE CLASS RTOS Condition cause : null
2023-11-02 15:22:23,476 [WARN] ConditionMgr:438 - getConditionDescription Invalid condition id : UX DEVICE CLASS RTOS Condition cause : null
2023-11-02 15:22:23,479 [WARN] PackLoader:240 - Cannot read IP mode file for STMicroelectronics.X-CUBE-AZRTOS-H7.3.1.0
2023-11-02 15:22:23,481 [WARN] ConditionMgr:1039 - genDependencies : Invalid condition id : UX DEVICE CLASS RTOS Condition cause : null
2023-11-02 15:22:23,481 [WARN] ConditionMgr:1039 - genDependencies : Invalid condition id : UX DEVICE CLASS RTOS Condition cause : null
2023-11-02 15:22:23,481 [WARN] ConditionMgr:1039 - genDependencies : Invalid condition id : UX DEVICE CLASS RTOS Condition cause : null
2023-11-02 15:22:23,482 [WARN] ConditionMgr:1039 - genDependencies : Invalid condition id : UX DEVICE CLASS RTOS Condition cause : null
2023-11-02 15:22:23,482 [WARN] ConditionMgr:1039 - genDependencies : Invalid condition id : UX DEVICE CLASS RTOS Condition cause : null
2023-11-02 15:22:23,495 [WARN] PackLoader:240 - Cannot read IP mode file for STMicroelectronics.X-CUBE-NFC7.1.0.1
2023-11-02 15:22:23,510 [WARN] PackLoader:240 - Cannot read IP mode file for STMicroelectronics.X-CUBE-NFC6.3.0.0
2023-11-02 15:22:23,526 [WARN] PackLoader:240 - Cannot read IP mode file for STMicroelectronics.X-CUBE-EEPRMA1.4.1.0
2023-11-02 15:22:23,539 [WARN] PackLoader:240 - Cannot read IP mode file for STMicroelectronics.X-CUBE-AI.8.1.0
2023-11-02 15:22:23,573 [WARN] ConditionMgr:438 - getConditionDescription Invalid condition id : LAN8742 Phy interface Condition cause : null
2023-11-02 15:22:23,574 [WARN] PackLoader:240 - Cannot read IP mode file for STMicroelectronics.X-CUBE-AZRTOS-L4.2.0.0
2023-11-02 15:22:23,575 [WARN] ConditionMgr:1039 - genDependencies : Invalid condition id : LAN8742 Phy interface Condition cause : null
2023-11-02 15:22:23,576 [WARN] ConditionMgr:1039 - genDependencies : Invalid condition id : LAN8742 Phy interface Condition cause : null
2023-11-02 15:22:23,576 [WARN] ConditionMgr:1039 - genDependencies : Invalid condition id : LAN8742 Phy interface Condition cause : null
2023-11-02 15:22:23,593 [WARN] PackLoader:240 - Cannot read IP mode file for STMicroelectronics.X-CUBE-SFXS2LP1.4.0.0
2023-11-02 15:22:23,608 [WARN] PackLoader:240 - Cannot read IP mode file for STMicroelectronics.X-CUBE-ISPU.1.1.0
2023-11-02 15:22:23,630 [WARN] ConditionMgr:438 - getConditionDescription Invalid condition id : UX DEVICE CLASS RTOS Condition cause : null
2023-11-02 15:22:23,631 [WARN] ConditionMgr:438 - getConditionDescription Invalid condition id : UX DEVICE CLASS RTOS Condition cause : null
2023-11-02 15:22:23,634 [WARN] PackLoader:240 - Cannot read IP mode file for STMicroelectronics.X-CUBE-AZRTOS-WB.2.0.0
2023-11-02 15:22:23,635 [WARN] ConditionMgr:1039 - genDependencies : Invalid condition id : UX DEVICE CLASS RTOS Condition cause : null
2023-11-02 15:22:23,635 [WARN] ConditionMgr:1039 - genDependencies : Invalid condition id : UX DEVICE CLASS RTOS Condition cause : null
2023-11-02 15:22:23,636 [WARN] ConditionMgr:1039 - genDependencies : Invalid condition id : UX DEVICE CLASS RTOS Condition cause : null
2023-11-02 15:22:23,636 [WARN] ConditionMgr:1039 - genDependencies : Invalid condition id : UX DEVICE CLASS RTOS Condition cause : null
2023-11-02 15:22:23,636 [WARN] ConditionMgr:1039 - genDependencies : Invalid condition id : UX DEVICE CLASS RTOS Condition cause : null
2023-11-02 15:22:23,652 [WARN] PackLoader:240 - Cannot read IP mode file for STMicroelectronics.X-CUBE-FREERTOS.1.0.1
2023-11-02 15:22:23,682 [WARN] PackLoader:240 - Cannot read IP mode file for STMicroelectronics.X-CUBE-AZRTOS-L5.1.1.0
2023-11-02 15:22:23,699 [WARN] PackLoader:240 - Cannot read IP mode file for STMicroelectronics.X-CUBE-AI.8.0.1
2023-11-02 15:22:23,720 [WARN] PackLoader:240 - Cannot read IP mode file for STMicroelectronics.X-CUBE-SUBG2.5.0.0
2023-11-02 15:22:23,745 [WARN] PackLoader:240 - Cannot read IP mode file for STMicroelectronics.X-CUBE-TOF1.3.3.1
2023-11-02 15:22:23,776 [WARN] PackLoader:240 - Cannot read IP mode file for STMicroelectronics.X-CUBE-AZRTOS-G4.2.0.0
2023-11-02 15:22:23,800 [WARN] PackLoader:240 - Cannot read IP mode file for STMicroelectronics.X-CUBE-TOF1.3.3.0
2023-11-02 15:22:23,835 [WARN] PackLoader:240 - Cannot read IP mode file for Infineon.AIROC-Wi-Fi-Bluetooth-STM32.1.5.1
2023-11-02 15:22:23,890 [WARN] PackLoader:240 - Cannot read IP mode file for STMicroelectronics.X-CUBE-MEMS1.10.0.0
2023-11-02 15:22:24,037 [WARN] PackLoader:240 - Cannot read IP mode file for STMicroelectronics.X-CUBE-FREERTOS.1.1.0
2023-11-02 15:22:24,050 [WARN] PackLoader:240 - Cannot read IP mode file for portGmbH.I-Cube-SoM-uGOAL.1.1.0
2023-11-02 15:22:24,061 [WARN] PackLoader:240 - Cannot read IP mode file for STMicroelectronics.X-CUBE-ALS.1.0.1
2023-11-02 15:22:24,083 [WARN] PackLoader:240 - Cannot read IP mode file for STMicroelectronics.X-CUBE-AZRTOS-WB.1.1.0
2023-11-02 15:22:24,088 [WARN] PackLoader:240 - Cannot read IP mode file for STMicroelectronics.FP-ATR-ASTRA1.2.0.0
2023-11-02 15:22:24,089 [INFO] ThirdParty:978 - Integrity check success = true
2023-11-02 15:22:24,089 [INFO] IntegrityCheckThread:100 - exiting critical section [integrity check]
2023-11-02 15:22:24,089 [INFO] IntegrityCheckThread:103 - End integrity checks thread
2023-11-02 15:22:24,089 [INFO] ThirdParty:873 - entering critical section [close project]
2023-11-02 15:22:24,091 [INFO] ThirdParty:883 - exiting critical section [close project]
2023-11-02 15:22:24,094 [INFO] PinOutPanel:1499 - setPackage(No Configuration,No Configuration)
2023-11-02 15:22:24,100 [INFO] UtilMem:75 - Begin LoadConfig() Used Memory: 568467832 Bytes (912261120)
2023-11-02 15:22:24,101 [INFO] MicroXplorer:468 - Change Database Path : 
2023-11-02 15:22:24,101 [INFO] MicroXplorer:498 - Change Database Version : DB.6.0.81
2023-11-02 15:22:24,101 [INFO] OpenFileManager:308 - Change cursor
2023-11-02 15:22:24,151 [INFO] Mcu:1937 - Initializing MCU STM32F746ZGTx STM32F746ZGTx STM32F746ZGT6
2023-11-02 15:22:26,913 [INFO] Context:659 - Trying to add GPIOservice into a context  which must be forbidden
2023-11-02 15:22:27,796 [INFO] RtosManager:555 - Registered RTOS mode: class=CMSIS, group=RTOS, mode=CMSIS_V1, owner=FREERTOS
2023-11-02 15:22:27,796 [INFO] RtosManager:555 - Registered RTOS mode: class=CMSIS, group=RTOS2, mode=CMSIS_V2, owner=FREERTOS
2023-11-02 15:22:27,796 [INFO] RtosManager:555 - Registered RTOS mode: class=RTOS, group=Core, mode=CMSIS_V1, owner=FREERTOS
2023-11-02 15:22:27,796 [INFO] RtosManager:555 - Registered RTOS mode: class=RTOS, group=Core, mode=CMSIS_V2, owner=FREERTOS
2023-11-02 15:22:27,797 [WARN] ModelIntegratedComponent:184 - Missing modes for component STMicroelectronics:FreeRTOS:0.0.1:STMicroelectronics:RTOS:FreeRTOS:Core:::10.2.0:
2023-11-02 15:22:27,816 [WARN] ModelIntegratedComponent:63 - No mode defined for component null
2023-11-02 15:22:27,816 [WARN] ModelIntegratedComponent:63 - No mode defined for component null
2023-11-02 15:22:27,816 [WARN] ModelIntegratedComponent:63 - No mode defined for component null
2023-11-02 15:22:27,816 [WARN] ModelIntegratedComponent:63 - No mode defined for component null
2023-11-02 15:22:27,816 [WARN] ModelIntegratedComponent:63 - No mode defined for component null
2023-11-02 15:22:27,816 [WARN] ModelIntegratedComponent:63 - No mode defined for component null
2023-11-02 15:22:27,816 [WARN] ModelIntegratedComponent:63 - No mode defined for component null
2023-11-02 15:22:27,816 [WARN] ModelIntegratedComponent:63 - No mode defined for component null
2023-11-02 15:22:27,816 [WARN] ModelIntegratedComponent:63 - No mode defined for component null
2023-11-02 15:22:27,816 [WARN] ModelIntegratedComponent:63 - No mode defined for component null
2023-11-02 15:22:27,817 [WARN] ModelIntegratedComponent:63 - No mode defined for component null
2023-11-02 15:22:27,817 [WARN] ModelIntegratedComponent:63 - No mode defined for component null
2023-11-02 15:22:27,817 [WARN] ModelIntegratedComponent:63 - No mode defined for component null
2023-11-02 15:22:27,817 [WARN] ModelIntegratedComponent:63 - No mode defined for component null
2023-11-02 15:22:27,817 [WARN] ModelIntegratedComponent:63 - No mode defined for component null
2023-11-02 15:22:27,817 [WARN] ModelIntegratedComponent:63 - No mode defined for component null
2023-11-02 15:22:27,817 [WARN] ModelIntegratedComponent:63 - No mode defined for component null
2023-11-02 15:22:27,817 [WARN] ModelIntegratedComponent:63 - No mode defined for component null
2023-11-02 15:22:27,817 [WARN] ModelIntegratedComponent:63 - No mode defined for component null
2023-11-02 15:22:27,817 [WARN] ModelIntegratedComponent:63 - No mode defined for component null
2023-11-02 15:22:27,817 [WARN] ModelIntegratedComponent:63 - No mode defined for component null
2023-11-02 15:22:27,817 [WARN] ModelIntegratedComponent:63 - No mode defined for component null
2023-11-02 15:22:27,817 [WARN] ModelIntegratedComponent:63 - No mode defined for component null
2023-11-02 15:22:27,817 [WARN] ModelIntegratedComponent:63 - No mode defined for component null
2023-11-02 15:22:27,818 [WARN] ModelIntegratedComponent:63 - No mode defined for component null
2023-11-02 15:22:27,818 [WARN] ModelIntegratedComponent:63 - No mode defined for component null
2023-11-02 15:22:27,818 [WARN] ModelIntegratedComponent:63 - No mode defined for component null
2023-11-02 15:22:27,818 [WARN] ModelIntegratedComponent:63 - No mode defined for component null
2023-11-02 15:22:27,818 [WARN] ModelIntegratedComponent:63 - No mode defined for component null
2023-11-02 15:22:27,818 [WARN] ModelIntegratedComponent:63 - No mode defined for component null
2023-11-02 15:22:27,818 [WARN] ModelIntegratedComponent:63 - No mode defined for component null
2023-11-02 15:22:27,818 [WARN] ModelIntegratedComponent:63 - No mode defined for component null
2023-11-02 15:22:27,818 [WARN] ModelIntegratedComponent:63 - No mode defined for component null
2023-11-02 15:22:27,956 [INFO] ThirdPartyModel:298 - Start build external matchings
2023-11-02 15:22:28,551 [INFO] ThirdPartyModel:316 - End build external matchings
2023-11-02 15:22:28,572 [INFO] ImportTextPane:194 - (OptionalMessage_ERROR) IP (ETH) : Invalid parameter (PHY_Name)
2023-11-02 15:22:28,572 [INFO] ImportTextPane:194 - (OptionalMessage_ERROR) IP (ETH) : Invalid parameter (PHY_Value)
2023-11-02 15:22:28,572 [INFO] ImportTextPane:194 - (OptionalMessage_ERROR) IP (ETH) : Invalid parameter (PhyAddress)
2023-11-02 15:22:28,580 [INFO] ImportTextPane:194 - (OptionalMessage_ERROR) IP (RCC) : Invalid parameter (48MHZClocksFreq_Value)
2023-11-02 15:22:28,580 [INFO] ImportTextPane:194 - (OptionalMessage_ERROR) IP (RCC) : Invalid parameter (ADC12outputFreq_Value)
2023-11-02 15:22:28,581 [INFO] ImportTextPane:194 - (OptionalMessage_ERROR) IP (RCC) : Invalid parameter (ADC34outputFreq_Value)
2023-11-02 15:22:28,581 [INFO] ImportTextPane:194 - (OptionalMessage_ERROR) IP (RCC) : Invalid parameter (FamilyName)
2023-11-02 15:22:28,581 [INFO] ImportTextPane:194 - (OptionalMessage_ERROR) IP (RCC) : Invalid parameter (I2SClocksFreq_Value)
2023-11-02 15:22:28,582 [INFO] ImportTextPane:194 - (OptionalMessage_ERROR) IP (RCC) : Parameter (LCDTFToutputFreq_Value) has invalid value (96000000)
2023-11-02 15:22:28,582 [INFO] ImportTextPane:194 - (OptionalMessage_ERROR) IP (RCC) : Invalid parameter (MCOFreq_Value)
2023-11-02 15:22:28,583 [INFO] ImportTextPane:194 - (OptionalMessage_ERROR) IP (RCC) : Invalid parameter (PLLMCOFreq_Value)
2023-11-02 15:22:28,583 [INFO] ImportTextPane:194 - (OptionalMessage_ERROR) IP (RCC) : Invalid parameter (PLLMUL)
2023-11-02 15:22:28,583 [INFO] ImportTextPane:194 - (OptionalMessage_ERROR) IP (RCC) : Invalid parameter (PRESCALERUSB)
2023-11-02 15:22:28,583 [INFO] ImportTextPane:194 - (OptionalMessage_ERROR) IP (RCC) : Invalid parameter (RTCHSEDivFreq_Value)
2023-11-02 15:22:28,583 [INFO] ImportTextPane:194 - (OptionalMessage_ERROR) IP (RCC) : Parameter (SDMMCFreq_Value) has invalid value (72000000)
2023-11-02 15:22:28,583 [INFO] ImportTextPane:194 - (OptionalMessage_ERROR) IP (RCC) : Invalid parameter (SYSCLKSourceVirtual)
2023-11-02 15:22:28,583 [INFO] ImportTextPane:194 - (OptionalMessage_ERROR) IP (RCC) : Invalid parameter (TIM15Freq_Value)
2023-11-02 15:22:28,583 [INFO] ImportTextPane:194 - (OptionalMessage_ERROR) IP (RCC) : Invalid parameter (TIM16Freq_Value)
2023-11-02 15:22:28,584 [INFO] ImportTextPane:194 - (OptionalMessage_ERROR) IP (RCC) : Invalid parameter (TIM17Freq_Value)
2023-11-02 15:22:28,584 [INFO] ImportTextPane:194 - (OptionalMessage_ERROR) IP (RCC) : Invalid parameter (TIM1Freq_Value)
2023-11-02 15:22:28,584 [INFO] ImportTextPane:194 - (OptionalMessage_ERROR) IP (RCC) : Invalid parameter (TIM20Freq_Value)
2023-11-02 15:22:28,584 [INFO] ImportTextPane:194 - (OptionalMessage_ERROR) IP (RCC) : Invalid parameter (TIM2Freq_Value)
2023-11-02 15:22:28,584 [INFO] ImportTextPane:194 - (OptionalMessage_ERROR) IP (RCC) : Invalid parameter (TIM3Freq_Value)
2023-11-02 15:22:28,584 [INFO] ImportTextPane:194 - (OptionalMessage_ERROR) IP (RCC) : Invalid parameter (TIM8Freq_Value)
2023-11-02 15:22:28,584 [INFO] ImportTextPane:194 - (OptionalMessage_ERROR) IP (RCC) : Invalid parameter (VCOOutput2Freq_Value)
2023-11-02 15:22:28,585 [INFO] ImportTextPane:194 - (OptionalMessage_ERROR) IP (RCC) : Invalid parameter (VcooutputI2S)
2023-11-02 15:22:29,119 [INFO] UtilMem:75 - End LoadConfig() Used Memory: 715465520 Bytes (912261120)
2023-11-02 15:22:29,281 [INFO] ApiDb:581 - Connected to CubeFinder SQLite database (C:\Users\HP\.stmcufinder\plugins\mcufinder\mcu\cube-finder-db.db)
2023-11-02 15:22:29,412 [INFO] ApiDb:668 - CubeFinder database Data Model version=2.1
2023-11-02 15:22:29,412 [INFO] ApiDb:669 - CubeFinder database Configuration version=3.0.37
2023-11-02 15:22:29,412 [INFO] ApiDb:670 - CubeFinder database generation date=2023-08-09 (1691586011)
2023-11-02 15:22:29,412 [INFO] ApiDb:671 - CubeFinder database FW Pack versions=[FP-ATR-ASTRA1_V2.0.0, FP-SNS-FLIGHT1_V5.0.1, FP-SNS-FLIGHT1_V5.0.2, FP-SNS-MOTENV1_V4.3.1, FP-SNS-MOTENV1_V4.3.2, STM32Cube_FW_C0_V1.1.0, STM32Cube_FW_F4_V1.27.1, STM32Cube_FW_F7_V1.17.0, STM32Cube_FW_G0_V1.6.1, STM32Cube_FW_G4_V1.5.1, STM32Cube_FW_H5_V0.5.1, STM32Cube_FW_H5_V1.1.0, STM32Cube_FW_H7_V1.11.0, STM32Cube_FW_L0_V1.12.2, STM32Cube_FW_L5_V1.5.0, STM32Cube_FW_U5_V1.3.0, STM32Cube_FW_U5_V1.3.0RC4, STM32Cube_FW_WBA_V1.0.0RC1, STM32Cube_FW_WBA_V1.1.0, STM32Cube_FW_WBA_V1.1.0RC1, STM32Cube_FW_WB_V1.15.0RC1, STM32Cube_FW_WB_V1.16.0, STM32Cube_FW_WB_V1.16.0RC2, STM32Cube_FW_WB_V1.17.0, STM32Cube_FW_WL_V1.3.0, X-CUBE-ALGOBUILD_V1.3.0, X-CUBE-ALS_V1.0.1, X-CUBE-AZRTOS-F4_V1.1.0, X-CUBE-AZRTOS-F7_V1.1.0, X-CUBE-AZRTOS-G0_V1.1.0, X-CUBE-AZRTOS-G4_V2.0.0, X-CUBE-AZRTOS-H7_V3.1.0, X-CUBE-AZRTOS-L4_V1.0.0, X-CUBE-AZRTOS-L4_V2.0.0, X-CUBE-AZRTOS-L5_V1.1.0, X-CUBE-AZRTOS-WB_V1.1.0, X-CUBE-AZRTOS-WL_V2.0.0, X-CUBE-BLE1_V7.0.0, X-CUBE-BLE2_V3.3.0, X-CUBE-BLEMGR_V2.0.0, X-CUBE-EEPRMA1_V4.1.0, X-CUBE-FREERTOS_V1.1.0, X-CUBE-GNSS1_V6.0.0, X-CUBE-MEMS1_V9.1.0, X-CUBE-MEMS1_V9.4.0, X-CUBE-MEMS1_V9.6.0, X-CUBE-NFC4_V3.0.0, X-CUBE-NFC7_V1.0.0, X-CUBE-SFXS2LP1_V4.0.0, X-CUBE-SUBG2_V5.0.0, X-CUBE-TOF1_V3.3.1]
2023-11-02 15:22:32,405 [INFO] ApiDb:240 - Found 297 in-development CPN: [B-G473E-ZEST1S, B-WB1M-WPAN1, B-WL5M-SUBG1, NUCLEO-C031C6, NUCLEO-H503RB, NUCLEO-H563ZI, NUCLEO-U545RE-Q, NUCLEO-U5A5ZJ-Q, NUCLEO-WBA52CG, STEVAL-PROTEUS1, STEVAL-STWINBX1, STM320518-EVAL, STM32C0116-DK, STM32C011D6Y3TR, STM32C011D6Y6TR, STM32C011F4P3, STM32C011F4P6, STM32C011F4U3, STM32C011F4U6TR, STM32C011F6P3, STM32C011F6P6, STM32C011F6U3, STM32C011F6U6TR, STM32C011J4M3, STM32C011J4M6, STM32C011J6M3, STM32C011J6M6, STM32C0316-DK, STM32C031C4T3, STM32C031C4T6, STM32C031C4U3, STM32C031C4U6, STM32C031C6T3, STM32C031C6T6, STM32C031C6U3, STM32C031C6U6, STM32C031F4P3, STM32C031F4P6, STM32C031F6P3, STM32C031F6P6, STM32C031G4U3, STM32C031G4U6, STM32C031G6U3, STM32C031G6U6, STM32C031K4T3, STM32C031K4T6, STM32C031K4U3, STM32C031K4U6, STM32C031K6T3, STM32C031K6T6, STM32C031K6U3, STM32C031K6U6, STM32G071K8TXN, STM32G071K8UXN, STM32G081GBU6N, STM32G081KBT6N, STM32G081KBUXN, STM32G0B1CCT6N, STM32G0B1KCT6, STM32G0B1NEY6TR, STM32G0B1RCT6N, STM32G0C1CCT6, STM32G0C1CCT6N, STM32G0C1CCU6N, STM32G0C1CET6N, STM32G0C1CEU6N, STM32G0C1KCT6, STM32G0C1NEY6TR, STM32G0C1RCI6N, STM32G0C1RCT6N, STM32G0C1REI6N, STM32G0C1RET6N, STM32G0C1VCI6, STM32G0C1VEI6, STM32G471CCT6, STM32G471CCU6, STM32G471CET3, STM32G471CET6, STM32G471CEU3, STM32G471CEU6, STM32G471MCT6, STM32G471MET3, STM32G471MET6, STM32G471MEY6TR, STM32G471QCT6, STM32G471QET3, STM32G471RCT6, STM32G471RET3, STM32G471RET6, STM32G471VCH6, STM32G471VCI6, STM32G471VCT6, STM32G471VEH3, STM32G471VEH6, STM32G471VEI3, STM32G471VEI6, STM32G471VET3, STM32G471VET6, STM32G474CCT6, STM32H503CBT6, STM32H503CBU6, STM32H503EBY6TR, STM32H503KBU6, STM32H503RBT6, STM32H562AGI6, STM32H562AII6, STM32H562IGK6, STM32H562IGT6, STM32H562IIK6, STM32H562IIT6, STM32H562RGT6, STM32H562RGV6, STM32H562RIT6, STM32H562RIV6, STM32H562VGT6, STM32H562VIT6, STM32H562ZGT6, STM32H562ZIT6, STM32H563AGI6, STM32H563AII3Q, STM32H563AII6, STM32H563IGK6, STM32H563IGT6, STM32H563IIK3Q, STM32H563IIK6, STM32H563IIT3Q, STM32H563IIT6, STM32H563MIY3QTR, STM32H563RGT6, STM32H563RGV6, STM32H563RIT6, STM32H563RIV6, STM32H563VGT6, STM32H563VIT3Q, STM32H563VIT6, STM32H563ZGT6, STM32H563ZIT3Q, STM32H563ZIT6, STM32H573AII3Q, STM32H573AII6, STM32H573I-DK, STM32H573IIK3Q, STM32H573IIK6, STM32H573IIT3Q, STM32H573IIT6, STM32H573MIY3QTR, STM32H573RIT6, STM32H573RIV6, STM32H573VIT3Q, STM32H573VIT6, STM32H573ZIT3Q, STM32H573ZIT6, STM32L4R5QGI6STR, STM32MP131AAE3, STM32MP131AAF3, STM32MP131AAG3, STM32MP131CAE3, STM32MP131CAF3, STM32MP131CAG3, STM32MP131DAE7, STM32MP131DAF7, STM32MP131DAG7, STM32MP131FAE7, STM32MP131FAF7, STM32MP131FAG7, STM32MP133AAE3, STM32MP133AAF3, STM32MP133AAG3, STM32MP133CAE3, STM32MP133CAF3, STM32MP133CAG3, STM32MP133DAE7, STM32MP133DAF7, STM32MP133DAG7, STM32MP133FAE7, STM32MP133FAF7, STM32MP133FAG7, STM32MP135AAE3, STM32MP135AAF3, STM32MP135AAG3, STM32MP135CAE3, STM32MP135CAF3, STM32MP135CAG3, STM32MP135DAE7, STM32MP135DAF7, STM32MP135DAG7, STM32MP135F-DK, STM32MP135FAE7, STM32MP135FAF7, STM32MP135FAF7T, STM32MP135FAF7U, STM32MP135FAG7, STM32U535CBT6, STM32U535CBT6Q, STM32U535CBU6, STM32U535CBU6Q, STM32U535CCT6, STM32U535CCT6Q, STM32U535CCU6, STM32U535CCU6Q, STM32U535CET6, STM32U535CET6Q, STM32U535CEU6, STM32U535CEU6Q, STM32U535JEY6QTR, STM32U535NCY6QTR, STM32U535NEY6QTR, STM32U535RBI6, STM32U535RBI6Q, STM32U535RBT6, STM32U535RBT6Q, STM32U535RCI6, STM32U535RCI6Q, STM32U535RCT6, STM32U535RCT6Q, STM32U535REI6, STM32U535REI6Q, STM32U535RET6, STM32U535RET6Q, STM32U535VCI6, STM32U535VCI6Q, STM32U535VCT6, STM32U535VCT6Q, STM32U535VEI6, STM32U535VEI6Q, STM32U535VET6, STM32U535VET6Q, STM32U545CET6, STM32U545CET6Q, STM32U545CEU6, STM32U545CEU6Q, STM32U545JEY6QTR, STM32U545NEY6QTR, STM32U545REI6, STM32U545REI6Q, STM32U545RET6, STM32U545RET6Q, STM32U545VEI6, STM32U545VEI6Q, STM32U545VET6, STM32U545VET6Q, STM32U595AIH6, STM32U595AIH6Q, STM32U595AJH6, STM32U595AJH6Q, STM32U595QII6, STM32U595QII6Q, STM32U595QJI6, STM32U595QJI6Q, STM32U595RIT6, STM32U595RIT6Q, STM32U595RJT6, STM32U595RJT6Q, STM32U595VIT6, STM32U595VIT6Q, STM32U595VJT6, STM32U595VJT6Q, STM32U595ZIT6, STM32U595ZIT6Q, STM32U595ZIY6QTR, STM32U595ZJT6, STM32U595ZJT6Q, STM32U595ZJY6QTR, STM32U599BJY6QTR, STM32U599NIH6Q, STM32U599NJH6Q, STM32U599VIT6Q, STM32U599VJT6, STM32U599VJT6Q, STM32U599ZIT6Q, STM32U599ZIY6QTR, STM32U599ZJT6Q, STM32U599ZJY6QTR, STM32U5A5AJH6, STM32U5A5AJH6Q, STM32U5A5QJI6, STM32U5A5QJI6Q, STM32U5A5RJT6, STM32U5A5RJT6Q, STM32U5A5VJT6, STM32U5A5VJT6Q, STM32U5A5ZJT6, STM32U5A5ZJT6Q, STM32U5A5ZJY6QTR, STM32U5A9BJY6QTR, STM32U5A9J-DK, STM32U5A9NJH6Q, STM32U5A9VJT6Q, STM32U5A9ZJT6Q, STM32U5A9ZJY6QTR, STM32WB1MMCH6, STM32WBA52CEU6, STM32WBA52CEU6T, STM32WBA52CGU6, STM32WBA52CGU6T, STM32WL5MOCH6, STM32WL5MOCH6TR]
2023-11-02 15:22:32,409 [INFO] DbMcus:216 - Found 3825 MCUs, 3825 are supported
2023-11-02 15:22:32,412 [INFO] ApiDb:423 - Load user favorites file C:\Users\HP/.stm32cubeide/favorites.mcus.txt: 0 item(s)
2023-11-02 15:22:32,412 [INFO] ApiDb:427 - User favorites MCUs=[]
2023-11-02 15:22:32,412 [INFO] DbMcus:222 - Set 0 / 0 favorites MCUs
2023-11-02 15:22:32,865 [WARN] ThirdParty:833 - waiting for thirdparty lock release [change project]
2023-11-02 15:22:32,865 [INFO] ThirdParty:835 - entering critical section [change project]
2023-11-02 15:22:32,865 [INFO] ThirdParty:1030 - CMSIS Pack Vendor :STMicroelectronics X-CUBE-ISPU 1.1.0
2023-11-02 15:22:32,865 [INFO] ThirdParty:1030 - CMSIS Pack Vendor :STMicroelectronics X-CUBE-GNSS1 6.0.0
2023-11-02 15:22:32,866 [INFO] ThirdParty:1030 - CMSIS Pack Vendor :STMicroelectronics USB_HOST 2.0.0
2023-11-02 15:22:32,866 [INFO] ThirdParty:1030 - CMSIS Pack Vendor :STMicroelectronics X-CUBE-AZRTOS-F4 1.1.0
2023-11-02 15:22:32,866 [INFO] ThirdParty:1030 - CMSIS Pack Vendor :STMicroelectronics LIBJPEG 8.0.0
2023-11-02 15:22:32,866 [INFO] ThirdParty:1030 - CMSIS Pack Vendor :STMicroelectronics X-CUBE-SMBUS 2.1.0
2023-11-02 15:22:32,866 [INFO] ThirdParty:1030 - CMSIS Pack Vendor :wolfSSL I-CUBE-wolfSSL 5.6.0
2023-11-02 15:22:32,867 [INFO] ThirdParty:1030 - CMSIS Pack Vendor :STMicroelectronics USB_DEVICE 3.0.0
2023-11-02 15:22:32,867 [INFO] ThirdParty:1030 - CMSIS Pack Vendor :STMicroelectronics X-CUBE-AZRTOS-WB 2.0.0
2023-11-02 15:22:32,867 [INFO] ThirdParty:1030 - CMSIS Pack Vendor :STMicroelectronics X-CUBE-FREERTOS 1.0.1
2023-11-02 15:22:32,867 [INFO] ThirdParty:1030 - CMSIS Pack Vendor :STMicroelectronics X-CUBE-AZRTOS-F7 1.1.0
2023-11-02 15:22:32,867 [INFO] ThirdParty:1030 - CMSIS Pack Vendor :STMicroelectronics X-CUBE-TOUCHGFX 4.21.4
2023-11-02 15:22:32,867 [INFO] ThirdParty:1030 - CMSIS Pack Vendor :STMicroelectronics X-CUBE-AZRTOS-L5 2.0.0
2023-11-02 15:22:32,867 [INFO] ThirdParty:1030 - CMSIS Pack Vendor :STMicroelectronics USB_DEVICE 2.0.0
2023-11-02 15:22:32,867 [INFO] ThirdParty:1030 - CMSIS Pack Vendor :STMicroelectronics X-CUBE-MEMS1 9.6.0
2023-11-02 15:22:32,867 [INFO] ThirdParty:1030 - CMSIS Pack Vendor :STMicroelectronics X-CUBE-EEPRMA1 4.2.0
2023-11-02 15:22:32,867 [INFO] ThirdParty:1030 - CMSIS Pack Vendor :ITTIA_DB I-CUBE-ITTIADB 8.8.0
2023-11-02 15:22:32,867 [INFO] ThirdParty:1030 - CMSIS Pack Vendor :STMicroelectronics FP-SNS-MOTENV1 4.3.2
2023-11-02 15:22:32,867 [INFO] ThirdParty:1030 - CMSIS Pack Vendor :STMicroelectronics FP-SNS-MOTENV1 4.3.1
2023-11-02 15:22:32,867 [INFO] ThirdParty:1030 - CMSIS Pack Vendor :STMicroelectronics FP-SNS-FLIGHT1 5.0.1
2023-11-02 15:22:32,867 [INFO] ThirdParty:1030 - CMSIS Pack Vendor :STMicroelectronics X-CUBE-ALGOBUILD 1.3.0
2023-11-02 15:22:32,867 [INFO] ThirdParty:1030 - CMSIS Pack Vendor :STMicroelectronics X-CUBE-BLE1 6.2.4
2023-11-02 15:22:32,867 [INFO] ThirdParty:1030 - CMSIS Pack Vendor :STMicroelectronics X-CUBE-AZRTOS-L5 1.1.0
2023-11-02 15:22:32,868 [INFO] ThirdParty:1030 - CMSIS Pack Vendor :STMicroelectronics FreeRTOS 0.0.1
2023-11-02 15:22:32,868 [INFO] ThirdParty:1030 - CMSIS Pack Vendor :STMicroelectronics X-CUBE-AZRTOS-G0 1.1.0
2023-11-02 15:22:32,868 [INFO] ThirdParty:1030 - CMSIS Pack Vendor :emotas I-CUBE-CANOPEN 1.1.3
2023-11-02 15:22:32,868 [INFO] ThirdParty:1030 - CMSIS Pack Vendor :STMicroelectronics X-CUBE-BLEMGR 2.0.0
2023-11-02 15:22:32,868 [INFO] ThirdParty:1030 - CMSIS Pack Vendor :STMicroelectronics X-CUBE-AI 8.0.1
2023-11-02 15:22:32,868 [INFO] ThirdParty:1030 - CMSIS Pack Vendor :STMicroelectronics X-CUBE-NFC4 3.0.0
2023-11-02 15:22:32,868 [INFO] ThirdParty:1030 - CMSIS Pack Vendor :STMicroelectronics X-CUBE-SUBG2 5.0.0
2023-11-02 15:22:32,868 [INFO] ThirdParty:1030 - CMSIS Pack Vendor :STMicroelectronics STM32_WPAN 1.0.0
2023-11-02 15:22:32,868 [INFO] ThirdParty:1030 - CMSIS Pack Vendor :STMicroelectronics lwIP 2.0.3
2023-11-02 15:22:32,868 [INFO] ThirdParty:1030 - CMSIS Pack Vendor :STMicroelectronics FP-SNS-FLIGHT1 5.0.2
2023-11-02 15:22:32,868 [INFO] ThirdParty:1030 - CMSIS Pack Vendor :STMicroelectronics USB_HOST 1.0.0
2023-11-02 15:22:32,868 [INFO] ThirdParty:1030 - CMSIS Pack Vendor :STMicroelectronics X-CUBE-TOF1 3.3.1
2023-11-02 15:22:32,868 [INFO] ThirdParty:1030 - CMSIS Pack Vendor :STMicroelectronics X-CUBE-AZRTOS-G4 2.0.0
2023-11-02 15:22:32,868 [INFO] ThirdParty:1030 - CMSIS Pack Vendor :STMicroelectronics PDM2PCM 3.1.0
2023-11-02 15:22:32,869 [INFO] ThirdParty:1030 - CMSIS Pack Vendor :STMicroelectronics X-CUBE-AZRTOS-H7 3.1.0
2023-11-02 15:22:32,869 [INFO] ThirdParty:1030 - CMSIS Pack Vendor :STMicroelectronics X-CUBE-TOF1 3.3.0
2023-11-02 15:22:32,869 [INFO] ThirdParty:1030 - CMSIS Pack Vendor :Infineon AIROC-Wi-Fi-Bluetooth-STM32 1.5.1
2023-11-02 15:22:32,869 [INFO] ThirdParty:1030 - CMSIS Pack Vendor :STMicroelectronics X-CUBE-BLEMGR 3.0.0
2023-11-02 15:22:32,869 [INFO] ThirdParty:1030 - CMSIS Pack Vendor :STMicroelectronics PDM2PCM 3.3.0
2023-11-02 15:22:32,869 [INFO] ThirdParty:1030 - CMSIS Pack Vendor :STMicroelectronics X-CUBE-DISPLAY 3.0.0
2023-11-02 15:22:32,869 [INFO] ThirdParty:1030 - CMSIS Pack Vendor :STMicroelectronics X-CUBE-BLE1 7.0.0
2023-11-02 15:22:32,869 [INFO] ThirdParty:1030 - CMSIS Pack Vendor :STMicroelectronics FP-ATR-SIGFOX1 3.2.0
2023-11-02 15:22:32,869 [INFO] ThirdParty:1030 - CMSIS Pack Vendor :STMicroelectronics HAL Drivers 0.0.0
2023-11-02 15:22:32,869 [INFO] ThirdParty:1030 - CMSIS Pack Vendor :STMicroelectronics MBEDTLS 2.16.2
2023-11-02 15:22:32,869 [INFO] ThirdParty:1030 - CMSIS Pack Vendor :STMicroelectronics X-CUBE-MEMS1 10.0.0
2023-11-02 15:22:32,869 [INFO] ThirdParty:1030 - CMSIS Pack Vendor :STMicroelectronics X-CUBE-FREERTOS 1.1.0
2023-11-02 15:22:32,869 [INFO] ThirdParty:1030 - CMSIS Pack Vendor :STMicroelectronics X-CUBE-TOUCHGFX 4.22.0
2023-11-02 15:22:32,869 [INFO] ThirdParty:1030 - CMSIS Pack Vendor :STMicroelectronics X-CUBE-NFC7 1.0.1
2023-11-02 15:22:32,869 [INFO] ThirdParty:1030 - CMSIS Pack Vendor :STMicroelectronics MBEDTLS 2.14.1
2023-11-02 15:22:32,869 [INFO] ThirdParty:1030 - CMSIS Pack Vendor :STMicroelectronics X-CUBE-TOUCHGFX 4.22.1
2023-11-02 15:22:32,869 [INFO] ThirdParty:1030 - CMSIS Pack Vendor :STMicroelectronics X-CUBE-NFC6 3.0.0
2023-11-02 15:22:32,869 [INFO] ThirdParty:1030 - CMSIS Pack Vendor :STMicroelectronics X-CUBE-EEPRMA1 4.1.0
2023-11-02 15:22:32,870 [INFO] ThirdParty:1030 - CMSIS Pack Vendor :portGmbH I-Cube-SoM-uGOAL 1.1.0
2023-11-02 15:22:32,870 [INFO] ThirdParty:1030 - CMSIS Pack Vendor :STMicroelectronics X-CUBE-ALS 1.0.1
2023-11-02 15:22:32,870 [INFO] ThirdParty:1030 - CMSIS Pack Vendor :STMicroelectronics ThreadX 1.0.0
2023-11-02 15:22:32,870 [INFO] ThirdParty:1030 - CMSIS Pack Vendor :STMicroelectronics FP-SNS-SMARTAG2 1.2.0
2023-11-02 15:22:32,870 [INFO] ThirdParty:1030 - CMSIS Pack Vendor :STMicroelectronics X-CUBE-AZRTOS-WB 1.1.0
2023-11-02 15:22:32,870 [INFO] ThirdParty:1030 - CMSIS Pack Vendor :STMicroelectronics X-CUBE-AZRTOS-WL 2.0.0
2023-11-02 15:22:32,870 [INFO] ThirdParty:1030 - CMSIS Pack Vendor :SEGGER I-CUBE-embOS 1.3.1
2023-11-02 15:22:32,870 [INFO] ThirdParty:1030 - CMSIS Pack Vendor :STMicroelectronics USB_DEVICE 1.0.0
2023-11-02 15:22:32,870 [INFO] ThirdParty:1030 - CMSIS Pack Vendor :STMicroelectronics X-CUBE-AI 8.1.0
2023-11-02 15:22:32,870 [INFO] ThirdParty:1030 - CMSIS Pack Vendor :STMicroelectronics X-CUBE-AZRTOS-L4 2.0.0
2023-11-02 15:22:32,870 [INFO] ThirdParty:1030 - CMSIS Pack Vendor :STMicroelectronics ThreadX 0.0.2
2023-11-02 15:22:32,870 [INFO] ThirdParty:1030 - CMSIS Pack Vendor :WES I-CUBE-Cesium 1.3.0
2023-11-02 15:22:32,870 [INFO] ThirdParty:1030 - CMSIS Pack Vendor :STMicroelectronics FP-ATR-ASTRA1 2.0.0
2023-11-02 15:22:32,870 [INFO] ThirdParty:1030 - CMSIS Pack Vendor :STMicroelectronics lwIP 2.1.2
2023-11-02 15:22:32,870 [INFO] ThirdParty:1030 - CMSIS Pack Vendor :STMicroelectronics X-CUBE-SFXS2LP1 4.0.0
2023-11-02 15:22:32,870 [INFO] ThirdParty:1030 - CMSIS Pack Vendor :STMicroelectronics X-CUBE-BLE2 3.3.0
2023-11-02 15:22:32,870 [INFO] ThirdParty:1030 - CMSIS Pack Vendor :STMicroelectronics PDM2PCM 3.2.0
2023-11-02 15:22:32,871 [INFO] ThirdParty:841 - exiting critical section [change project]
2023-11-02 15:22:33,538 [INFO] PinOutPanel:1499 - setPackage(No Configuration,No Configuration)
2023-11-02 15:22:33,540 [INFO] PinOutPanel:1499 - setPackage(STM32F746ZGTx,LQFP144)
2023-11-02 15:22:34,630 [INFO] UtilMem:75 - Before build in PCC Used Memory: 679738728 Bytes (912261120)
2023-11-02 15:22:35,793 [INFO] UtilMem:75 - After build in PCC Used Memory: 586720424 Bytes (912261120)
2023-11-02 15:22:35,845 [INFO] IPUIPlugin:80 - create IPUIPlugin
2023-11-02 15:22:35,845 [INFO] IPUIPlugin:80 - create IPUIPlugin
2023-11-02 15:22:35,845 [INFO] IPUIPlugin:80 - create IPUIPlugin
2023-11-02 15:22:35,845 [INFO] IPUIPlugin:80 - create IPUIPlugin
2023-11-02 15:22:35,845 [INFO] IPUIPlugin:80 - create IPUIPlugin
2023-11-02 15:22:35,845 [INFO] IPUIPlugin:80 - create IPUIPlugin
2023-11-02 15:22:35,846 [INFO] IPUIPlugin:80 - create IPUIPlugin
2023-11-02 15:22:35,846 [INFO] IPUIPlugin:80 - create IPUIPlugin
2023-11-02 15:22:35,846 [INFO] IPUIPlugin:80 - create IPUIPlugin
2023-11-02 15:22:35,846 [INFO] IPUIPlugin:80 - create IPUIPlugin
2023-11-02 15:22:35,846 [INFO] IPUIPlugin:80 - create IPUIPlugin
2023-11-02 15:22:35,847 [INFO] IPUIPlugin:80 - create IPUIPlugin
2023-11-02 15:22:35,847 [INFO] IPUIPlugin:80 - create IPUIPlugin
2023-11-02 15:22:35,847 [INFO] IPUIPlugin:80 - create IPUIPlugin
2023-11-02 15:22:35,847 [INFO] IPUIPlugin:80 - create IPUIPlugin
2023-11-02 15:22:35,847 [INFO] IPUIPlugin:80 - create IPUIPlugin
2023-11-02 15:22:35,847 [INFO] IPUIPlugin:80 - create IPUIPlugin
2023-11-02 15:22:35,847 [INFO] IPUIPlugin:80 - create IPUIPlugin
2023-11-02 15:22:35,848 [INFO] IPUIPlugin:80 - create IPUIPlugin
2023-11-02 15:22:35,848 [INFO] IPUIPlugin:80 - create IPUIPlugin
2023-11-02 15:22:35,848 [INFO] IPUIPlugin:80 - create IPUIPlugin
2023-11-02 15:22:35,848 [INFO] IPUIPlugin:80 - create IPUIPlugin
2023-11-02 15:22:35,848 [INFO] IPUIPlugin:80 - create IPUIPlugin
2023-11-02 15:22:35,848 [INFO] IPUIPlugin:80 - create IPUIPlugin
2023-11-02 15:22:35,848 [INFO] IPUIPlugin:80 - create IPUIPlugin
2023-11-02 15:22:35,849 [INFO] IPUIPlugin:80 - create IPUIPlugin
2023-11-02 15:22:35,849 [INFO] IPUIPlugin:80 - create IPUIPlugin
2023-11-02 15:22:35,849 [INFO] IPUIPlugin:80 - create IPUIPlugin
2023-11-02 15:22:35,849 [INFO] IPUIPlugin:80 - create IPUIPlugin
2023-11-02 15:22:35,849 [INFO] IPUIPlugin:80 - create IPUIPlugin
2023-11-02 15:22:35,850 [INFO] IPUIPlugin:80 - create IPUIPlugin
2023-11-02 15:22:35,850 [INFO] IPUIPlugin:80 - create IPUIPlugin
2023-11-02 15:22:35,850 [INFO] IPUIPlugin:80 - create IPUIPlugin
2023-11-02 15:22:35,850 [INFO] IPUIPlugin:80 - create IPUIPlugin
2023-11-02 15:22:35,850 [INFO] IPUIPlugin:80 - create IPUIPlugin
2023-11-02 15:22:35,851 [INFO] IPUIPlugin:80 - create IPUIPlugin
2023-11-02 15:22:35,851 [INFO] IPUIPlugin:80 - create IPUIPlugin
2023-11-02 15:22:35,851 [INFO] IPUIPlugin:80 - create IPUIPlugin
2023-11-02 15:22:35,852 [INFO] IPUIPlugin:80 - create IPUIPlugin
2023-11-02 15:22:35,852 [INFO] IPUIPlugin:80 - create IPUIPlugin
2023-11-02 15:22:35,852 [INFO] IPUIPlugin:80 - create IPUIPlugin
2023-11-02 15:22:35,852 [INFO] IPUIPlugin:80 - create IPUIPlugin
2023-11-02 15:22:35,853 [INFO] IPUIPlugin:80 - create IPUIPlugin
2023-11-02 15:22:35,853 [INFO] IPUIPlugin:80 - create IPUIPlugin
2023-11-02 15:22:35,853 [INFO] IPUIPlugin:80 - create IPUIPlugin
2023-11-02 15:22:35,853 [INFO] IPUIPlugin:80 - create IPUIPlugin
2023-11-02 15:22:35,854 [INFO] IPUIPlugin:80 - create IPUIPlugin
2023-11-02 15:22:35,854 [INFO] IPUIPlugin:80 - create IPUIPlugin
2023-11-02 15:22:35,854 [INFO] IPUIPlugin:80 - create IPUIPlugin
2023-11-02 15:22:35,854 [INFO] IPUIPlugin:80 - create IPUIPlugin
2023-11-02 15:22:35,855 [INFO] IPUIPlugin:80 - create IPUIPlugin
2023-11-02 15:22:35,855 [INFO] IPUIPlugin:80 - create IPUIPlugin
2023-11-02 15:22:35,855 [INFO] IPUIPlugin:80 - create IPUIPlugin
2023-11-02 15:22:35,855 [INFO] IPUIPlugin:80 - create IPUIPlugin
2023-11-02 15:22:35,856 [INFO] IPUIPlugin:80 - create IPUIPlugin
2023-11-02 15:22:35,856 [INFO] IPUIPlugin:80 - create IPUIPlugin
2023-11-02 15:22:35,856 [INFO] IPUIPlugin:80 - create IPUIPlugin
2023-11-02 15:22:35,857 [INFO] IPUIPlugin:80 - create IPUIPlugin
2023-11-02 15:22:35,857 [INFO] IPUIPlugin:80 - create IPUIPlugin
2023-11-02 15:22:35,857 [INFO] IPUIPlugin:80 - create IPUIPlugin
2023-11-02 15:22:35,857 [INFO] IPUIPlugin:80 - create IPUIPlugin
2023-11-02 15:22:35,858 [INFO] IPUIPlugin:80 - create IPUIPlugin
2023-11-02 15:22:35,858 [INFO] IPUIPlugin:80 - create IPUIPlugin
2023-11-02 15:22:35,859 [INFO] IPUIPlugin:80 - create IPUIPlugin
2023-11-02 15:22:35,859 [INFO] IPUIPlugin:80 - create IPUIPlugin
2023-11-02 15:22:35,859 [INFO] IPUIPlugin:80 - create IPUIPlugin
2023-11-02 15:22:35,860 [INFO] IPUIPlugin:80 - create IPUIPlugin
2023-11-02 15:22:35,861 [INFO] IPUIPlugin:80 - create IPUIPlugin
2023-11-02 15:22:35,861 [INFO] IPUIPlugin:80 - create IPUIPlugin
2023-11-02 15:22:35,862 [INFO] IPUIPlugin:80 - create IPUIPlugin
2023-11-02 15:22:35,862 [INFO] IPUIPlugin:80 - create IPUIPlugin
2023-11-02 15:22:35,863 [INFO] IPUIPlugin:80 - create IPUIPlugin
2023-11-02 15:22:35,863 [INFO] IPUIPlugin:80 - create IPUIPlugin
2023-11-02 15:22:35,864 [INFO] IPUIPlugin:80 - create IPUIPlugin
2023-11-02 15:22:35,958 [INFO] ApiDbMcu:507 - Load IP Config File for PDM2PCM
2023-11-02 15:22:36,282 [INFO] CADModel:165 - CPN selected for project levelSTM32F746ZGT6
2023-11-02 15:22:36,282 [INFO] CADModel:114 - Register for checkConnection events
2023-11-02 15:22:36,341 [INFO] OpenFileManager:328 - Restore cursor
2023-11-02 15:59:28,902 [INFO] LogOutputStream:77 - [STDOUT_REDIRECT] StartTraceHandler.execute(), success : Collect=true
2023-11-02 16:08:04,202 [INFO] Gpio:273 - dependency for GPIO [ETH, RCC, SYS, TIM1, TIM3, USART3, USB_OTG_FS]
2023-11-02 16:17:51,500 [INFO] LogOutputStream:77 - [STDOUT_REDIRECT] StartTraceHandler.execute(), success : Collect=false
2023-11-02 16:18:00,001 [INFO] LogOutputStream:77 - [STDOUT_REDIRECT] StartTraceHandler.execute(), success : Collect=true
2023-11-02 16:19:11,702 [INFO] NvicIntPanel:101 - NVIC parent = com.st.microxplorer.plugins.ip.nvic.MultiNvicIntPanel[,0,0,0x0,invalid,layout=javax.swing.BoxLayout,alignmentX=0.0,alignmentY=0.0,border=,flags=9,maximumSize=,minimumSize=,preferredSize=]
2023-11-02 16:19:13,913 [INFO] NvicIntPanel:101 - NVIC parent = com.st.microxplorer.plugins.ip.nvic.MultiNvicIntPanel[,0,0,0x0,invalid,layout=javax.swing.BoxLayout,alignmentX=0.0,alignmentY=0.0,border=,flags=9,maximumSize=,minimumSize=,preferredSize=]
2023-11-02 16:19:17,933 [INFO] NvicIntPanel:101 - NVIC parent = com.st.microxplorer.plugins.ip.nvic.MultiNvicIntPanel[,0,0,0x0,invalid,layout=javax.swing.BoxLayout,alignmentX=0.0,alignmentY=0.0,border=,flags=9,maximumSize=,minimumSize=,preferredSize=]
2023-11-02 16:19:19,758 [INFO] NvicIntPanel:101 - NVIC parent = com.st.microxplorer.plugins.ip.nvic.MultiNvicIntPanel[,0,0,0x0,invalid,layout=javax.swing.BoxLayout,alignmentX=0.0,alignmentY=0.0,border=,flags=9,maximumSize=,minimumSize=,preferredSize=]
2023-11-02 16:19:32,326 [INFO] UtilMem:75 - End SaveConfig() Used Memory: 623007072 Bytes (912261120)
2023-11-02 16:19:33,459 [INFO] UtilMem:75 - End SaveConfig() Used Memory: 659182208 Bytes (912261120)
2023-11-02 16:19:35,397 [INFO] UtilMem:75 - End SaveConfig() Used Memory: 708465280 Bytes (912261120)
2023-11-02 16:19:36,086 [INFO] BlockDiagram:2759 - set Specific Code input for plugin: TIM1_8F7
2023-11-02 16:19:36,086 [INFO] BlockDiagram:2759 - set Specific Code input for plugin: TIM1_8F7
2023-11-02 16:19:36,087 [INFO] BlockDiagram:2759 - set Specific Code input for plugin: TIM1_8F7
2023-11-02 16:19:36,087 [INFO] BlockDiagram:2759 - set Specific Code input for plugin: SYS
2023-11-02 16:19:36,087 [INFO] BlockDiagram:2759 - set Specific Code input for plugin: RCC
2023-11-02 16:19:36,087 [INFO] BlockDiagram:2759 - set Specific Code input for plugin: USB_OTG_FS
2023-11-02 16:19:36,087 [INFO] BlockDiagram:2759 - set Specific Code input for plugin: NVIC
2023-11-02 16:19:36,087 [INFO] BlockDiagram:2759 - set Specific Code input for plugin: USART
2023-11-02 16:19:36,088 [INFO] BlockDiagram:2759 - set Specific Code input for plugin: GPIO
2023-11-02 16:19:36,088 [INFO] BlockDiagram:2759 - set Specific Code input for plugin: ETH
2023-11-02 16:19:36,090 [INFO] CodeGenerator:793 - code generatio: config db path: C:\ST\STM32CubeIDE_1.12.1\STM32CubeIDE\plugins\com.st.stm32cube.common.mx_6.8.1.202304191431\\db\
2023-11-02 16:19:36,750 [INFO] CodeEngine:255 - oldGeneratedFile, C:\Users\HP\Desktop\studia\sm\02_11_2023\02_11_2023\MXTmpFiles\license.tmp_save
2023-11-02 16:19:37,572 [INFO] CodeEngine:279 - Generated code: C:\Users\HP\Desktop\studia\sm\02_11_2023\02_11_2023\MXTmpFiles\license.tmp
2023-11-02 16:19:37,800 [INFO] CodeEngine:255 - oldGeneratedFile, C:\Users\HP\Desktop\studia\sm\02_11_2023\02_11_2023\MXTmpFiles\gpio.tmp_save
2023-11-02 16:19:38,176 [INFO] CodeEngine:279 - Generated code: C:\Users\HP\Desktop\studia\sm\02_11_2023\02_11_2023\MXTmpFiles\gpio.tmp
2023-11-02 16:19:39,187 [WARN] IPConfigManager:2937 - Warning: the RefConfig PWREx_EnableUSBVoltageDetector is not available in your config.xml file
2023-11-02 16:19:39,220 [INFO] CodeEngine:255 - oldGeneratedFile, C:\Users\HP\Desktop\studia\sm\02_11_2023\02_11_2023\MXTmpFiles\cortex.tmp_save
2023-11-02 16:19:39,390 [INFO] CodeEngine:279 - Generated code: C:\Users\HP\Desktop\studia\sm\02_11_2023\02_11_2023\MXTmpFiles\cortex.tmp
2023-11-02 16:19:39,448 [INFO] CodeEngine:255 - oldGeneratedFile, C:\Users\HP\Desktop\studia\sm\02_11_2023\02_11_2023\Core\Src\stm32f7xx_it.c_save
2023-11-02 16:19:39,701 [INFO] CodeEngine:279 - Generated code: C:\Users\HP\Desktop\studia\sm\02_11_2023\02_11_2023\Core\Src\stm32f7xx_it.c
2023-11-02 16:19:39,728 [INFO] CodeEngine:255 - oldGeneratedFile, C:\Users\HP\Desktop\studia\sm\02_11_2023\02_11_2023\Core\Inc\stm32f7xx_it.h_save
2023-11-02 16:19:39,913 [INFO] CodeEngine:279 - Generated code: C:\Users\HP\Desktop\studia\sm\02_11_2023\02_11_2023\Core\Inc\stm32f7xx_it.h
2023-11-02 16:19:39,989 [INFO] CodeEngine:255 - oldGeneratedFile, C:\Users\HP\Desktop\studia\sm\02_11_2023\02_11_2023\Core\Src\stm32f7xx_hal_msp.c_save
2023-11-02 16:19:40,501 [INFO] CodeEngine:279 - Generated code: C:\Users\HP\Desktop\studia\sm\02_11_2023\02_11_2023\Core\Src\stm32f7xx_hal_msp.c
2023-11-02 16:19:40,518 [INFO] CodeEngine:255 - oldGeneratedFile, C:\Users\HP\Desktop\studia\sm\02_11_2023\02_11_2023\MXTmpFiles\system.tmp_save
2023-11-02 16:19:40,622 [INFO] CodeEngine:279 - Generated code: C:\Users\HP\Desktop\studia\sm\02_11_2023\02_11_2023\MXTmpFiles\system.tmp
2023-11-02 16:19:40,656 [INFO] CodeEngine:311 - oldGeneratedFile, C:\Users\HP\Desktop\studia\sm\02_11_2023\02_11_2023\Core\Inc\stm32f7xx_hal_conf.h_save
2023-11-02 16:19:40,783 [INFO] CodeEngine:335 - Generated code: C:\Users\HP\Desktop\studia\sm\02_11_2023\02_11_2023\Core\Inc\stm32f7xx_hal_conf.h
2023-11-02 16:19:40,827 [WARN] IPConfigManager:3431 - IP not found : TIM
2023-11-02 16:19:40,827 [WARN] IPConfigManager:3431 - IP not found : USB_OTG
2023-11-02 16:19:40,829 [WARN] CodeGenerator:3754 - IP not found : null
2023-11-02 16:19:40,831 [WARN] CodeGenerator:3754 - IP not found : null
2023-11-02 16:19:40,859 [INFO] CodeEngine:255 - oldGeneratedFile, C:\Users\HP\Desktop\studia\sm\02_11_2023\02_11_2023\Core\Inc\main.h_save
2023-11-02 16:19:41,001 [INFO] CodeEngine:279 - Generated code: C:\Users\HP\Desktop\studia\sm\02_11_2023\02_11_2023\Core\Inc\main.h
2023-11-02 16:19:41,025 [INFO] CodeEngine:255 - oldGeneratedFile, C:\Users\HP\Desktop\studia\sm\02_11_2023\02_11_2023\Core\Src\main.c_save
2023-11-02 16:19:41,390 [INFO] CodeEngine:279 - Generated code: C:\Users\HP\Desktop\studia\sm\02_11_2023\02_11_2023\Core\Src\main.c
2023-11-02 16:19:42,316 [INFO] ProjectBuilder:2996 - Time for Copy HAL[1] : 297mS.
2023-11-02 16:19:42,377 [INFO] ProjectBuilder:4304 - Project Generator version: 3.19.2
2023-11-02 16:19:42,762 [INFO] ConfigFileManager:1483 - The Die is : DIE449
2023-11-02 16:19:42,784 [INFO] ApiDbMcu:507 - Load IP Config File for FATFS
2023-11-02 16:19:42,802 [INFO] ApiDbMcu:507 - Load IP Config File for FREERTOS
2023-11-02 16:19:42,812 [INFO] ApiDbMcu:507 - Load IP Config File for LIBJPEG
2023-11-02 16:19:42,827 [INFO] ApiDbMcu:507 - Load IP Config File for LWIP
2023-11-02 16:19:42,841 [INFO] ApiDbMcu:507 - Load IP Config File for MBEDTLS
2023-11-02 16:19:42,859 [INFO] ApiDbMcu:507 - Load IP Config File for USB_DEVICE
2023-11-02 16:19:42,871 [INFO] ApiDbMcu:507 - Load IP Config File for USB_HOST
2023-11-02 16:19:44,695 [INFO] LogOutputStream:77 - [STDOUT_REDIRECT] 
2023-11-02 16:19:47,256 [INFO] ProjectBuilder:4505 - Time for Generating toolchain IDE Files: 4877mS.
2023-11-02 16:19:47,257 [INFO] ProjectBuilder:2867 - Time for Copy CMSIS : 1mS.
2023-11-02 16:19:47,262 [INFO] ProjectBuilder:2867 - Time for Copy CMSIS : 1mS.
