2024-01-10 23:12:35,432 [INFO] Activator:176 - 


2024-01-10 23:12:35,436 [INFO] Activator:177 - !SESSION log4j initialized
2024-01-10 23:12:37,917 [INFO] LogOutputStream:77 - [STDOUT_REDIRECT] 
2024-01-10 23:12:46,669 [INFO] ApplicationProperties:184 - Using Application install path: I:\programy\ST\STM32CubeIDE_1.14.0\STM32CubeIDE\plugins\com.st.stm32cube.common.mx_6.10.0.202311202037
2024-01-10 23:12:46,684 [INFO] DbMcusXml:78 - Set database path to: I:\programy\ST\STM32CubeIDE_1.14.0\STM32CubeIDE\plugins\com.st.stm32cube.common.mx_6.10.0.202311202037\\db\/mcu/
2024-01-10 23:12:46,684 [INFO] ApiDb:274 - Set plugin database path to: I:\programy\ST\STM32CubeIDE_1.14.0\STM32CubeIDE\plugins\com.st.stm32cube.common.mx_6.10.0.202311202037\\db\/plugins/boardmanager/
2024-01-10 23:12:46,684 [WARN] ApiDb:259 - Overriding images path with different value:  => I:\programy\ST\STM32CubeIDE_1.14.0\STM32CubeIDE\plugins\com.st.stm32cube.common.mx_6.10.0.202311202037\\db\/plugins/mcufinder/images/
2024-01-10 23:12:46,697 [INFO] ApiDb:250 - Set database path to: C:\Users\user\.stmcufinder\plugins\mcufinder//mcu/
2024-01-10 23:12:46,698 [INFO] DbMcusAds:125 - Set database path to: C:\Users\user\.stmcufinder\plugins\mcufinder//mcu/
2024-01-10 23:12:46,700 [INFO] CrossReferenceDbSqlite:203 - Set database path to: C:\Users\user\.stmcufinder\plugins\mcufinder//mcu/cs/
2024-01-10 23:12:46,801 [INFO] RulesReader:64 - Compatibility file has been processed (297 Rules)
2024-01-10 23:12:46,869 [INFO] DbMcusXml:78 - Set database path to: I:\programy\ST\STM32CubeIDE_1.14.0\STM32CubeIDE\plugins\com.st.stm32cube.common.mx_6.10.0.202311202037\\db\/mcu/
2024-01-10 23:12:46,869 [INFO] ApiDb:274 - Set plugin database path to: I:\programy\ST\STM32CubeIDE_1.14.0\STM32CubeIDE\plugins\com.st.stm32cube.common.mx_6.10.0.202311202037\\db\/plugins/boardmanager/
2024-01-10 23:12:46,869 [INFO] ApiDb:261 - Set plugin images path to: I:\programy\ST\STM32CubeIDE_1.14.0\STM32CubeIDE\plugins\com.st.stm32cube.common.mx_6.10.0.202311202037\\db\/plugins/mcufinder/images/
2024-01-10 23:12:46,869 [WARN] DbFile:41 - Overriding database path with different value: C:\Users\user\.stmcufinder\plugins\mcufinder/ => C:\Users\user\.stmcufinder\plugins\mcufinder
2024-01-10 23:12:46,869 [INFO] ApiDb:250 - Set database path to: C:\Users\user\.stmcufinder\plugins\mcufinder//mcu/
2024-01-10 23:12:46,869 [WARN] DbFile:41 - Overriding database path with different value: C:\Users\user\.stmcufinder\plugins\mcufinder/ => C:\Users\user\.stmcufinder\plugins\mcufinder
2024-01-10 23:12:46,869 [INFO] DbMcusAds:125 - Set database path to: C:\Users\user\.stmcufinder\plugins\mcufinder//mcu/
2024-01-10 23:12:46,869 [WARN] DbFile:41 - Overriding database path with different value: C:\Users\user\.stmcufinder\plugins\mcufinder/ => C:\Users\user\.stmcufinder\plugins\mcufinder
2024-01-10 23:12:46,869 [WARN] DbFile:41 - Overriding database path with different value: C:\Users\user\.stmcufinder\plugins\mcufinder/ => C:\Users\user\.stmcufinder\plugins\mcufinder
2024-01-10 23:12:46,869 [INFO] CrossReferenceDbSqlite:203 - Set database path to: C:\Users\user\.stmcufinder\plugins\mcufinder//mcu/cs/
2024-01-10 23:12:46,938 [INFO] MainPanel:264 - HeapMemory: 503316480
2024-01-10 23:12:47,023 [INFO] DbMcusXml:78 - Set database path to: I:\programy\ST\STM32CubeIDE_1.14.0\STM32CubeIDE\plugins\com.st.stm32cube.common.mx_6.10.0.202311202037\\db\/mcu/
2024-01-10 23:12:47,023 [INFO] ApiDb:274 - Set plugin database path to: I:\programy\ST\STM32CubeIDE_1.14.0\STM32CubeIDE\plugins\com.st.stm32cube.common.mx_6.10.0.202311202037\\db\/plugins/boardmanager/
2024-01-10 23:12:47,023 [INFO] ApiDb:261 - Set plugin images path to: I:\programy\ST\STM32CubeIDE_1.14.0\STM32CubeIDE\plugins\com.st.stm32cube.common.mx_6.10.0.202311202037\\db\/plugins/mcufinder/images/
2024-01-10 23:12:47,024 [WARN] DbFile:41 - Overriding database path with different value: C:\Users\user\.stmcufinder\plugins\mcufinder/ => C:\Users\user\.stmcufinder\plugins\mcufinder
2024-01-10 23:12:47,024 [INFO] ApiDb:250 - Set database path to: C:\Users\user\.stmcufinder\plugins\mcufinder//mcu/
2024-01-10 23:12:47,024 [WARN] DbFile:41 - Overriding database path with different value: C:\Users\user\.stmcufinder\plugins\mcufinder/ => C:\Users\user\.stmcufinder\plugins\mcufinder
2024-01-10 23:12:47,024 [INFO] DbMcusAds:125 - Set database path to: C:\Users\user\.stmcufinder\plugins\mcufinder//mcu/
2024-01-10 23:12:47,024 [WARN] DbFile:41 - Overriding database path with different value: C:\Users\user\.stmcufinder\plugins\mcufinder/ => C:\Users\user\.stmcufinder\plugins\mcufinder
2024-01-10 23:12:47,024 [WARN] DbFile:41 - Overriding database path with different value: C:\Users\user\.stmcufinder\plugins\mcufinder/ => C:\Users\user\.stmcufinder\plugins\mcufinder
2024-01-10 23:12:47,024 [INFO] CrossReferenceDbSqlite:203 - Set database path to: C:\Users\user\.stmcufinder\plugins\mcufinder//mcu/cs/
2024-01-10 23:12:47,039 [INFO] ApplicationProperties:184 - Using Application install path: I:\programy\ST\STM32CubeIDE_1.14.0\STM32CubeIDE\plugins\com.st.stm32cube.common.mx_6.10.0.202311202037
2024-01-10 23:12:47,041 [INFO] PluginManage:196 - Search for loadable plugins [exclusion list=, ]
2024-01-10 23:12:47,042 [INFO] PluginManage:310 - Check plugin analytics
2024-01-10 23:12:47,188 [INFO] AnalyticsPlugin:253 - Accepted Software Licenses: 
2024-01-10 23:12:47,188 [INFO] AnalyticsPlugin:255 - Accepted CMSIS Pack Licenses: STMicroelectronics.X-CUBE-AZRTOS-WB.2.0.0
2024-01-10 23:12:47,188 [INFO] AnalyticsPlugin:257 - Accepted Firmware Licenses: FW.G4.1.5.0,FW.F7.1.17.0,FW.WBA.1.0.0,FW.WB.1.16.0
2024-01-10 23:12:47,190 [INFO] PluginManage:359 - Loaded plugin analytics (category:tool,tabindex:-1)
2024-01-10 23:12:47,190 [INFO] PluginManage:310 - Check plugin cadmodel
2024-01-10 23:12:47,195 [INFO] CADModel:105 - Init CAD model plugin
2024-01-10 23:12:47,195 [INFO] PluginManage:359 - Loaded plugin cadmodel (category:power,tabindex:5)
2024-01-10 23:12:47,195 [INFO] PluginManage:310 - Check plugin clock
2024-01-10 23:12:47,205 [INFO] PluginManage:359 - Loaded plugin clock (category:base,tabindex:2)
2024-01-10 23:12:47,206 [INFO] PluginManage:310 - Check plugin ddr
2024-01-10 23:12:47,208 [INFO] PluginManage:359 - Loaded plugin ddr (category:tool,tabindex:6)
2024-01-10 23:12:47,208 [INFO] PluginManage:310 - Check plugin filemanager
2024-01-10 23:12:47,326 [INFO] PluginManage:359 - Loaded plugin filemanager (category:base,tabindex:10)
2024-01-10 23:12:47,326 [INFO] PluginManage:310 - Check plugin ipmanager
2024-01-10 23:12:47,332 [INFO] PluginManage:359 - Loaded plugin ipmanager (category:base,tabindex:5)
2024-01-10 23:12:47,332 [INFO] PluginManage:310 - Check plugin lpbam
2024-01-10 23:12:47,340 [INFO] PluginManage:359 - Loaded plugin lpbam (category:base,tabindex:0)
2024-01-10 23:12:47,340 [INFO] PluginManage:310 - Check plugin memorymap
2024-01-10 23:12:47,354 [INFO] PluginManage:359 - Loaded plugin memorymap (category:base,tabindex:4)
2024-01-10 23:12:47,354 [INFO] PluginManage:310 - Check plugin pinoutandconfiguration
2024-01-10 23:12:47,361 [INFO] PluginManage:359 - Loaded plugin pinoutandconfiguration (category:base,tabindex:1)
2024-01-10 23:12:47,361 [INFO] PluginManage:310 - Check plugin pinoutconfig
2024-01-10 23:12:47,435 [WARN] SupportedApi:132 - Cannot load RTOS API schema: s4s-elt-must-match.1: The content of 'definitions' must match (annotation?, (simpleType | complexType)?, (unique | key | keyref)*)). A problem was found starting at: attribute.
2024-01-10 23:12:47,553 [INFO] PluginManage:359 - Loaded plugin pinoutconfig (category:base,tabindex:0)
2024-01-10 23:12:47,553 [INFO] PluginManage:310 - Check plugin power
2024-01-10 23:12:47,562 [INFO] PluginManage:359 - Loaded plugin power (category:power,tabindex:4)
2024-01-10 23:12:47,562 [INFO] PluginManage:310 - Check plugin projectmanager
2024-01-10 23:12:47,574 [INFO] PluginManage:359 - Loaded plugin projectmanager (category:projectmanager,tabindex:3)
2024-01-10 23:12:47,574 [INFO] PluginManage:310 - Check plugin thirdparty
2024-01-10 23:12:47,679 [INFO] PluginManage:359 - Loaded plugin thirdparty (category:base,tabindex:-1)
2024-01-10 23:12:47,679 [WARN] IntegrityCheckThread:84 - waiting for thirdparty lock release [integrity check]
2024-01-10 23:12:47,679 [INFO] PluginManage:310 - Check plugin tools
2024-01-10 23:12:47,679 [INFO] IntegrityCheckThread:86 - entering critical section [integrity check]
2024-01-10 23:12:47,679 [INFO] ThirdPartyUpdaterWithRetryManager:70 - Updater plugin not ready yet. [1/15]
2024-01-10 23:12:47,681 [INFO] PluginManage:359 - Loaded plugin tools (category:base,tabindex:7)
2024-01-10 23:12:47,681 [INFO] PluginManage:310 - Check plugin tutovideos
2024-01-10 23:12:47,825 [INFO] PluginManage:359 - Loaded plugin tutovideos (category:base,tabindex:-1)
2024-01-10 23:12:47,825 [INFO] PluginManage:310 - Check plugin updater
2024-01-10 23:12:47,835 [INFO] PluginManage:359 - Loaded plugin updater (category:base,tabindex:12)
2024-01-10 23:12:47,835 [INFO] PluginManage:310 - Check plugin userauth
2024-01-10 23:12:47,840 [INFO] UserAuth:114 - Init User Auth plugin
2024-01-10 23:12:47,840 [INFO] PluginManage:359 - Loaded plugin userauth (category:base,tabindex:14)
2024-01-10 23:12:47,841 [INFO] PluginManage:283 - PluginManage : Loaded plugins [17]
2024-01-10 23:12:48,009 [INFO] PinOutPanel:1499 - setPackage(No Configuration,No Configuration)
2024-01-10 23:12:48,071 [INFO] CADModel:165 - CPN selected for project level
2024-01-10 23:12:48,071 [INFO] CADModel:114 - Register for checkConnection events
2024-01-10 23:12:48,085 [INFO] IPUIPlugin:80 - create IPUIPlugin
2024-01-10 23:12:48,085 [INFO] PluginManager:220 - loadIPPluginJar : add adc
2024-01-10 23:12:48,087 [INFO] IPUIPlugin:80 - create IPUIPlugin
2024-01-10 23:12:48,088 [INFO] PluginManager:220 - loadIPPluginJar : add aes
2024-01-10 23:12:48,090 [INFO] IPUIPlugin:80 - create IPUIPlugin
2024-01-10 23:12:48,090 [INFO] PluginManager:220 - loadIPPluginJar : add can
2024-01-10 23:12:48,092 [INFO] IPUIPlugin:80 - create IPUIPlugin
2024-01-10 23:12:48,092 [INFO] PluginManager:220 - loadIPPluginJar : add comp
2024-01-10 23:12:48,094 [INFO] IPUIPlugin:80 - create IPUIPlugin
2024-01-10 23:12:48,094 [INFO] PluginManager:220 - loadIPPluginJar : add cryp
2024-01-10 23:12:48,096 [INFO] IPUIPlugin:80 - create IPUIPlugin
2024-01-10 23:12:48,096 [INFO] PluginManager:220 - loadIPPluginJar : add dfsdm
2024-01-10 23:12:48,100 [INFO] IPUIPlugin:80 - create IPUIPlugin
2024-01-10 23:12:48,101 [INFO] PluginManager:220 - loadIPPluginJar : add dma
2024-01-10 23:12:48,103 [INFO] IPUIPlugin:80 - create IPUIPlugin
2024-01-10 23:12:48,103 [INFO] PluginManager:220 - loadIPPluginJar : add dma3
2024-01-10 23:12:48,104 [INFO] IPUIPlugin:80 - create IPUIPlugin
2024-01-10 23:12:48,104 [INFO] PluginManager:220 - loadIPPluginJar : add fatfs
2024-01-10 23:12:48,107 [INFO] IPUIPlugin:80 - create IPUIPlugin
2024-01-10 23:12:48,107 [INFO] PluginManager:220 - loadIPPluginJar : add fmc
2024-01-10 23:12:48,113 [INFO] IPUIPlugin:80 - create IPUIPlugin
2024-01-10 23:12:48,113 [INFO] PluginManager:220 - loadIPPluginJar : add freertos
2024-01-10 23:12:48,114 [INFO] IPUIPlugin:80 - create IPUIPlugin
2024-01-10 23:12:48,114 [INFO] PluginManager:220 - loadIPPluginJar : add genericplugin
2024-01-10 23:12:48,117 [INFO] IPUIPlugin:80 - create IPUIPlugin
2024-01-10 23:12:48,117 [INFO] PluginManager:220 - loadIPPluginJar : add gfxmmu
2024-01-10 23:12:48,121 [INFO] IPUIPlugin:80 - create IPUIPlugin
2024-01-10 23:12:48,121 [INFO] PluginManager:220 - loadIPPluginJar : add gic
2024-01-10 23:12:48,124 [INFO] IPUIPlugin:80 - create IPUIPlugin
2024-01-10 23:12:48,124 [INFO] PluginManager:220 - loadIPPluginJar : add gpio
2024-01-10 23:12:48,127 [INFO] IPUIPlugin:80 - create IPUIPlugin
2024-01-10 23:12:48,127 [INFO] PluginManager:220 - loadIPPluginJar : add gtzc
2024-01-10 23:12:48,129 [INFO] IPUIPlugin:80 - create IPUIPlugin
2024-01-10 23:12:48,129 [INFO] PluginManager:220 - loadIPPluginJar : add hash
2024-01-10 23:12:48,131 [INFO] IPUIPlugin:80 - create IPUIPlugin
2024-01-10 23:12:48,131 [INFO] PluginManager:220 - loadIPPluginJar : add i2c
2024-01-10 23:12:48,133 [INFO] IPUIPlugin:80 - create IPUIPlugin
2024-01-10 23:12:48,133 [INFO] PluginManager:220 - loadIPPluginJar : add i2s
2024-01-10 23:12:48,135 [INFO] IPUIPlugin:80 - create IPUIPlugin
2024-01-10 23:12:48,136 [INFO] PluginManager:220 - loadIPPluginJar : add i3c
2024-01-10 23:12:48,138 [INFO] IPUIPlugin:80 - create IPUIPlugin
2024-01-10 23:12:48,138 [INFO] PluginManager:220 - loadIPPluginJar : add ipddr
2024-01-10 23:12:48,143 [INFO] IPUIPlugin:80 - create IPUIPlugin
2024-01-10 23:12:48,143 [INFO] PluginManager:220 - loadIPPluginJar : add linkedlist
2024-01-10 23:12:48,145 [INFO] IPUIPlugin:80 - create IPUIPlugin
2024-01-10 23:12:48,145 [INFO] PluginManager:220 - loadIPPluginJar : add lorawan
2024-01-10 23:12:48,147 [INFO] IPUIPlugin:80 - create IPUIPlugin
2024-01-10 23:12:48,147 [INFO] PluginManager:220 - loadIPPluginJar : add ltdc
2024-01-10 23:12:48,151 [INFO] IPUIPlugin:80 - create IPUIPlugin
2024-01-10 23:12:48,151 [INFO] PluginManager:220 - loadIPPluginJar : add mdma
2024-01-10 23:12:48,155 [INFO] IPUIPlugin:80 - create IPUIPlugin
2024-01-10 23:12:48,155 [INFO] PluginManager:220 - loadIPPluginJar : add nvic
2024-01-10 23:12:48,157 [INFO] IPUIPlugin:80 - create IPUIPlugin
2024-01-10 23:12:48,157 [INFO] PluginManager:220 - loadIPPluginJar : add opamp
2024-01-10 23:12:48,160 [INFO] IPUIPlugin:80 - create IPUIPlugin
2024-01-10 23:12:48,161 [INFO] PluginManager:220 - loadIPPluginJar : add openamp
2024-01-10 23:12:48,163 [INFO] IPUIPlugin:80 - create IPUIPlugin
2024-01-10 23:12:48,163 [INFO] PluginManager:220 - loadIPPluginJar : add pdm2pcm
2024-01-10 23:12:48,168 [INFO] IPUIPlugin:80 - create IPUIPlugin
2024-01-10 23:12:48,170 [INFO] PluginManager:220 - loadIPPluginJar : add plateformsettings
2024-01-10 23:12:48,171 [INFO] IPUIPlugin:80 - create IPUIPlugin
2024-01-10 23:12:48,172 [INFO] PluginManager:220 - loadIPPluginJar : add quadspi
2024-01-10 23:12:48,175 [INFO] IPUIPlugin:80 - create IPUIPlugin
2024-01-10 23:12:48,175 [INFO] PluginManager:220 - loadIPPluginJar : add resmgrutility
2024-01-10 23:12:48,177 [INFO] IPUIPlugin:80 - create IPUIPlugin
2024-01-10 23:12:48,177 [INFO] PluginManager:220 - loadIPPluginJar : add sai
2024-01-10 23:12:48,179 [INFO] IPUIPlugin:80 - create IPUIPlugin
2024-01-10 23:12:48,179 [INFO] PluginManager:220 - loadIPPluginJar : add spi
2024-01-10 23:12:48,184 [INFO] IPUIPlugin:80 - create IPUIPlugin
2024-01-10 23:12:48,184 [INFO] PluginManager:220 - loadIPPluginJar : add stm32_wpan
2024-01-10 23:12:48,185 [INFO] IPUIPlugin:80 - create IPUIPlugin
2024-01-10 23:12:48,186 [INFO] PluginManager:220 - loadIPPluginJar : add tim
2024-01-10 23:12:48,188 [INFO] IPUIPlugin:80 - create IPUIPlugin
2024-01-10 23:12:48,188 [INFO] PluginManager:220 - loadIPPluginJar : add touchsensing
2024-01-10 23:12:48,189 [INFO] IPUIPlugin:80 - create IPUIPlugin
2024-01-10 23:12:48,189 [INFO] PluginManager:220 - loadIPPluginJar : add tracer_emb
2024-01-10 23:12:48,191 [INFO] IPUIPlugin:80 - create IPUIPlugin
2024-01-10 23:12:48,191 [INFO] PluginManager:220 - loadIPPluginJar : add ts
2024-01-10 23:12:48,193 [INFO] IPUIPlugin:80 - create IPUIPlugin
2024-01-10 23:12:48,193 [INFO] PluginManager:220 - loadIPPluginJar : add tsc
2024-01-10 23:12:48,194 [INFO] IPUIPlugin:80 - create IPUIPlugin
2024-01-10 23:12:48,195 [INFO] PluginManager:220 - loadIPPluginJar : add ucpd
2024-01-10 23:12:48,197 [INFO] IPUIPlugin:80 - create IPUIPlugin
2024-01-10 23:12:48,197 [INFO] PluginManager:220 - loadIPPluginJar : add usart
2024-01-10 23:12:48,200 [INFO] IPUIPlugin:80 - create IPUIPlugin
2024-01-10 23:12:48,200 [INFO] PluginManager:220 - loadIPPluginJar : add usbx
2024-01-10 23:12:48,314 [INFO] CADModel:165 - CPN selected for project level
2024-01-10 23:12:48,314 [INFO] CADModel:114 - Register for checkConnection events
2024-01-10 23:12:48,314 [FATAL] Updater:308 - Updater called before beeing initialized
2024-01-10 23:12:48,314 [ERROR] CADModel:125 - Updater not yet initialized, retry later 
2024-01-10 23:12:48,417 [INFO] CADModel:165 - CPN selected for project level
2024-01-10 23:12:48,417 [INFO] CADModel:114 - Register for checkConnection events
2024-01-10 23:12:48,417 [FATAL] Updater:308 - Updater called before beeing initialized
2024-01-10 23:12:48,417 [ERROR] CADModel:125 - Updater not yet initialized, retry later 
2024-01-10 23:12:48,419 [FATAL] Updater:308 - Updater called before beeing initialized
2024-01-10 23:12:48,498 [FATAL] Updater:308 - Updater called before beeing initialized
2024-01-10 23:12:48,505 [INFO] DbMcusAds:53 - JSON generation date=Wed Nov 29 11:52:27 CET 2023 (1701255147349)
2024-01-10 23:12:48,505 [FATAL] Updater:308 - Updater called before beeing initialized
2024-01-10 23:12:48,539 [WARN] DetailPanel:346 - Failed to get advertising image, set to default
2024-01-10 23:12:48,607 [FATAL] Updater:308 - Updater called before beeing initialized
2024-01-10 23:12:48,609 [FATAL] Updater:308 - Updater called before beeing initialized
2024-01-10 23:12:48,609 [FATAL] Updater:308 - Updater called before beeing initialized
2024-01-10 23:12:48,609 [WARN] DetailPanel:346 - Failed to get advertising image, set to default
2024-01-10 23:12:48,609 [FATAL] Updater:308 - Updater called before beeing initialized
2024-01-10 23:12:48,643 [ERROR] Updater:1120 - MainUpdater not yet initialized. External WinMGr cannot be set.
2024-01-10 23:12:48,645 [INFO] Updater:1056 - Updater Version found : 6.10.0
2024-01-10 23:12:48,657 [INFO] ApplicationProperties:184 - Using Application install path: I:\programy\ST\STM32CubeIDE_1.14.0\STM32CubeIDE\plugins\com.st.stm32cube.common.mx_6.10.0.202311202037
2024-01-10 23:12:50,161 [INFO] MainUpdater:2873 - connection check result : 10
2024-01-10 23:12:50,162 [INFO] MainUpdater:290 - Updater Check For Update Now.
2024-01-10 23:12:50,162 [INFO] MicroXplorer:498 - Change Database Version : DB.6.0.100
2024-01-10 23:12:50,171 [INFO] McuFinderGlobals:63 - Set McuFinder mode to 2 (CubeIDE integrated)
2024-01-10 23:12:50,334 [INFO] CheckServerUpdateThread:120 - End of CheckServer Thread
2024-01-10 23:12:50,843 [WARN] PackLoader:240 - Cannot read IP mode file for STMicroelectronics.X-CUBE-SMBUS.2.1.0
2024-01-10 23:12:50,853 [WARN] PackLoader:240 - Cannot read IP mode file for STMicroelectronics.X-CUBE-TOUCHGFX.4.23.0
2024-01-10 23:12:50,879 [WARN] PackLoader:240 - Cannot read IP mode file for STMicroelectronics.X-CUBE-AZRTOS-F7.1.1.0
2024-01-10 23:12:50,891 [WARN] PackLoader:240 - Cannot read IP mode file for STMicroelectronics.FP-SNS-MOTENV1.4.3.2
2024-01-10 23:12:50,900 [WARN] PackLoader:240 - Cannot read IP mode file for STMicroelectronics.FP-SNS-FLIGHT1.5.0.2
2024-01-10 23:12:50,912 [WARN] PackLoader:240 - Cannot read IP mode file for STMicroelectronics.X-CUBE-DISPLAY.3.0.0
2024-01-10 23:12:50,926 [WARN] PackLoader:240 - Cannot read IP mode file for STMicroelectronics.X-CUBE-BLE1.7.0.0
2024-01-10 23:12:50,935 [WARN] PackLoader:240 - Cannot read IP mode file for emotas.I-CUBE-CANOPEN.1.3.0
2024-01-10 23:12:50,944 [WARN] PackLoader:240 - Cannot read IP mode file for STMicroelectronics.FP-SNS-SMARTAG2.1.2.0
2024-01-10 23:12:50,959 [INFO] LogOutputStream:77 - [STDOUT_REDIRECT] 1 : Invalid condition id : UX_CORESTACK_Condition cause : null
2024-01-10 23:12:50,959 [INFO] LogOutputStream:77 - [STDOUT_REDIRECT] 1 : Invalid condition id : UX_CORESTACK_Condition cause : null
2024-01-10 23:12:50,960 [INFO] LogOutputStream:77 - [STDOUT_REDIRECT] 1 : Invalid condition id : UX_CORESTACK_Condition cause : null
2024-01-10 23:12:50,961 [INFO] LogOutputStream:77 - [STDOUT_REDIRECT] 1 : Invalid condition id : UX_CORESTACK_Condition cause : null
2024-01-10 23:12:50,962 [INFO] LogOutputStream:77 - [STDOUT_REDIRECT] 1 : Invalid condition id : UX_CORESTACK_Condition cause : null
2024-01-10 23:12:50,965 [WARN] PackLoader:240 - Cannot read IP mode file for STMicroelectronics.X-CUBE-AZRTOS-WL.2.0.0
2024-01-10 23:12:50,976 [WARN] PackLoader:240 - Cannot read IP mode file for WES.I-CUBE-Cesium.1.3.0
2024-01-10 23:12:50,985 [WARN] PackLoader:240 - Cannot read IP mode file for STMicroelectronics.X-CUBE-BLE2.3.3.0
2024-01-10 23:12:50,993 [WARN] PackLoader:240 - Cannot read IP mode file for STMicroelectronics.X-CUBE-ALGOBUILD.1.3.0
2024-01-10 23:12:51,013 [WARN] PackLoader:240 - Cannot read IP mode file for STMicroelectronics.X-CUBE-AZRTOS-G0.1.1.0
2024-01-10 23:12:51,023 [WARN] PackLoader:240 - Cannot read IP mode file for STMicroelectronics.X-CUBE-NFC4.3.0.0
2024-01-10 23:12:51,035 [WARN] PackLoader:240 - Cannot read IP mode file for STMicroelectronics.X-CUBE-BLEMGR.3.0.0
2024-01-10 23:12:51,044 [WARN] PackLoader:240 - Cannot read IP mode file for STMicroelectronics.FP-ATR-SIGFOX1.3.2.0
2024-01-10 23:12:51,068 [WARN] PackLoader:240 - Cannot read IP mode file for SEGGER.I-CUBE-embOS.1.3.1
2024-01-10 23:12:51,099 [WARN] PackLoader:240 - Cannot read IP mode file for STMicroelectronics.X-CUBE-GNSS1.6.0.0
2024-01-10 23:12:51,118 [WARN] PackLoader:240 - Cannot read IP mode file for STMicroelectronics.X-CUBE-AZRTOS-F4.1.1.0
2024-01-10 23:12:51,128 [WARN] PackLoader:240 - Cannot read IP mode file for wolfSSL.I-CUBE-wolfSSL.5.6.4
2024-01-10 23:12:51,148 [WARN] PackLoader:240 - Cannot read IP mode file for STMicroelectronics.X-CUBE-AZRTOS-L5.2.0.0
2024-01-10 23:12:51,158 [WARN] PackLoader:240 - Cannot read IP mode file for STMicroelectronics.X-CUBE-EEPRMA1.4.2.0
2024-01-10 23:12:51,168 [WARN] PackLoader:240 - Cannot read IP mode file for ITTIA_DB.I-CUBE-ITTIADB.8.8.0
2024-01-10 23:12:51,176 [WARN] PackLoader:240 - Cannot read IP mode file for STMicroelectronics.X-CUBE-NFC7.1.0.1
2024-01-10 23:12:51,192 [WARN] PackLoader:240 - Cannot read IP mode file for STMicroelectronics.X-CUBE-NFC6.3.0.0
2024-01-10 23:12:51,202 [WARN] PackLoader:240 - Cannot read IP mode file for STMicroelectronics.X-CUBE-AI.8.1.0
2024-01-10 23:12:51,226 [WARN] ConditionMgr:438 - getConditionDescription Invalid condition id : LAN8742 Phy interface Condition cause : null
2024-01-10 23:12:51,227 [WARN] PackLoader:240 - Cannot read IP mode file for STMicroelectronics.X-CUBE-AZRTOS-L4.2.0.0
2024-01-10 23:12:51,227 [WARN] ConditionMgr:1039 - genDependencies : Invalid condition id : LAN8742 Phy interface Condition cause : null
2024-01-10 23:12:51,228 [WARN] ConditionMgr:1039 - genDependencies : Invalid condition id : LAN8742 Phy interface Condition cause : null
2024-01-10 23:12:51,228 [WARN] ConditionMgr:1039 - genDependencies : Invalid condition id : LAN8742 Phy interface Condition cause : null
2024-01-10 23:12:51,237 [WARN] PackLoader:240 - Cannot read IP mode file for STMicroelectronics.X-CUBE-SFXS2LP1.4.0.0
2024-01-10 23:12:51,255 [WARN] ConditionMgr:438 - getConditionDescription Invalid condition id : UX DEVICE CLASS RTOS Condition cause : null
2024-01-10 23:12:51,255 [WARN] ConditionMgr:438 - getConditionDescription Invalid condition id : UX DEVICE CLASS RTOS Condition cause : null
2024-01-10 23:12:51,256 [WARN] PackLoader:240 - Cannot read IP mode file for STMicroelectronics.X-CUBE-AZRTOS-WB.2.0.0
2024-01-10 23:12:51,257 [WARN] ConditionMgr:1039 - genDependencies : Invalid condition id : UX DEVICE CLASS RTOS Condition cause : null
2024-01-10 23:12:51,257 [WARN] ConditionMgr:1039 - genDependencies : Invalid condition id : UX DEVICE CLASS RTOS Condition cause : null
2024-01-10 23:12:51,257 [WARN] ConditionMgr:1039 - genDependencies : Invalid condition id : UX DEVICE CLASS RTOS Condition cause : null
2024-01-10 23:12:51,257 [WARN] ConditionMgr:1039 - genDependencies : Invalid condition id : UX DEVICE CLASS RTOS Condition cause : null
2024-01-10 23:12:51,257 [WARN] ConditionMgr:1039 - genDependencies : Invalid condition id : UX DEVICE CLASS RTOS Condition cause : null
2024-01-10 23:12:51,260 [WARN] ConditionMgr:438 - getConditionDescription Invalid condition id : UX DEVICE CLASS RTOS Condition cause : null
2024-01-10 23:12:51,260 [WARN] ConditionMgr:438 - getConditionDescription Invalid condition id : UX DEVICE CLASS RTOS Condition cause : null
2024-01-10 23:12:51,415 [WARN] PackLoader:240 - Cannot read IP mode file for STMicroelectronics.X-CUBE-SUBG2.5.0.0
2024-01-10 23:12:51,433 [WARN] PackLoader:240 - Cannot read IP mode file for STMicroelectronics.X-CUBE-AZRTOS-G4.2.0.0
2024-01-10 23:12:51,448 [WARN] PackLoader:240 - Cannot read IP mode file for Infineon.AIROC-Wi-Fi-Bluetooth-STM32.1.5.1
2024-01-10 23:12:51,458 [WARN] PackLoader:240 - Cannot read IP mode file for STMicroelectronics.FP-SNS-MOTENVWB1.1.3.1
2024-01-10 23:12:51,466 [WARN] PackLoader:240 - Cannot read IP mode file for STMicroelectronics.X-CUBE-ISPU.2.0.0
2024-01-10 23:12:51,496 [WARN] PackLoader:240 - Cannot read IP mode file for STMicroelectronics.X-CUBE-MEMS1.10.0.0
2024-01-10 23:12:51,563 [WARN] PackLoader:240 - Cannot read IP mode file for STMicroelectronics.X-CUBE-FREERTOS.1.1.0
2024-01-10 23:12:51,572 [WARN] PackLoader:240 - Cannot read IP mode file for portGmbH.I-Cube-SoM-uGOAL.1.1.0
2024-01-10 23:12:51,579 [WARN] PackLoader:240 - Cannot read IP mode file for STMicroelectronics.X-CUBE-ALS.1.0.1
2024-01-10 23:12:51,587 [WARN] PackLoader:240 - Cannot read IP mode file for STMicroelectronics.FP-ATR-ASTRA1.2.0.0
2024-01-10 23:12:51,600 [WARN] PackLoader:240 - Cannot read IP mode file for STMicroelectronics.X-CUBE-TOF1.3.4.0
2024-01-10 23:12:51,624 [WARN] PackLoader:240 - Cannot read IP mode file for STMicroelectronics.X-CUBE-AZRTOS-H7.3.2.0
2024-01-10 23:12:51,626 [INFO] ThirdParty:978 - Integrity check success = true
2024-01-10 23:12:51,626 [INFO] IntegrityCheckThread:100 - exiting critical section [integrity check]
2024-01-10 23:12:51,626 [INFO] IntegrityCheckThread:103 - End integrity checks thread
2024-01-10 23:12:52,568 [INFO] UserAuth:404 - Internet connection configuration mode: 1
2024-01-10 23:12:52,584 [INFO] JxBrowserEngine:152 - Initiate JxBrowser Engine with user profile folder
2024-01-10 23:12:54,007 [INFO] WebApp:161 - Instantiating new browser for Auth
2024-01-10 23:12:54,794 [INFO] WebApp:780 - Register for checkConnection events
2024-01-10 23:12:54,794 [INFO] WebApp:414 - Apply proxy settings
2024-01-10 23:12:54,794 [INFO] WebApp:499 - Chromium requires no authentication
2024-01-10 23:12:54,800 [INFO] WebApp:442 - Direct internet connection detected
2024-01-10 23:12:54,934 [INFO] WebApp:192 - Starting web application
2024-01-10 23:12:54,934 [INFO] WebApp:544 - Web application path used I:\programy\ST\STM32CubeIDE_1.14.0\STM32CubeIDE\plugins\com.st.stm32cube.common.mx_6.10.0.202311202037\db\plugins\mcufinder\reactClient1\index.html
2024-01-10 23:12:55,213 [ERROR] LogOutputStream:75 - [STDERR_REDIRECT] Jan 10, 2024 11:12:55 PM org.glassfish.grizzly.http.server.NetworkListener start
2024-01-10 23:12:55,214 [ERROR] LogOutputStream:75 - [STDERR_REDIRECT] INFO: Started listener bound to [localhost:1598]
2024-01-10 23:12:55,214 [ERROR] LogOutputStream:75 - [STDERR_REDIRECT] 
2024-01-10 23:12:55,215 [ERROR] LogOutputStream:75 - [STDERR_REDIRECT] Jan 10, 2024 11:12:55 PM org.glassfish.grizzly.http.server.HttpServer start
2024-01-10 23:12:55,216 [ERROR] LogOutputStream:75 - [STDERR_REDIRECT] INFO: [HttpServer] Started.
2024-01-10 23:12:55,216 [ERROR] LogOutputStream:75 - [STDERR_REDIRECT] 
