2023-12-21 00:36:49,013 [INFO] Activator:176 - 


2023-12-21 00:36:49,014 [INFO] Activator:177 - !SESSION log4j initialized
2023-12-21 00:36:53,704 [INFO] LogOutputStream:77 - [STDOUT_REDIRECT] 
2023-12-21 00:37:02,359 [INFO] ApplicationProperties:184 - Using Application install path: I:\programy\ST\STM32CubeIDE_1.14.0\STM32CubeIDE\plugins\com.st.stm32cube.common.mx_6.10.0.202311202037
2023-12-21 00:37:02,374 [INFO] DbMcusXml:78 - Set database path to: I:\programy\ST\STM32CubeIDE_1.14.0\STM32CubeIDE\plugins\com.st.stm32cube.common.mx_6.10.0.202311202037\\db\/mcu/
2023-12-21 00:37:02,374 [INFO] ApiDb:274 - Set plugin database path to: I:\programy\ST\STM32CubeIDE_1.14.0\STM32CubeIDE\plugins\com.st.stm32cube.common.mx_6.10.0.202311202037\\db\/plugins/boardmanager/
2023-12-21 00:37:02,374 [WARN] ApiDb:259 - Overriding images path with different value:  => I:\programy\ST\STM32CubeIDE_1.14.0\STM32CubeIDE\plugins\com.st.stm32cube.common.mx_6.10.0.202311202037\\db\/plugins/mcufinder/images/
2023-12-21 00:37:02,386 [INFO] ApiDb:250 - Set database path to: C:\Users\user\.stmcufinder\plugins\mcufinder//mcu/
2023-12-21 00:37:02,387 [INFO] DbMcusAds:125 - Set database path to: C:\Users\user\.stmcufinder\plugins\mcufinder//mcu/
2023-12-21 00:37:02,388 [INFO] CrossReferenceDbSqlite:203 - Set database path to: C:\Users\user\.stmcufinder\plugins\mcufinder//mcu/cs/
2023-12-21 00:37:02,483 [INFO] RulesReader:64 - Compatibility file has been processed (297 Rules)
2023-12-21 00:37:02,634 [INFO] DbMcusXml:78 - Set database path to: I:\programy\ST\STM32CubeIDE_1.14.0\STM32CubeIDE\plugins\com.st.stm32cube.common.mx_6.10.0.202311202037\\db\/mcu/
2023-12-21 00:37:02,634 [INFO] ApiDb:274 - Set plugin database path to: I:\programy\ST\STM32CubeIDE_1.14.0\STM32CubeIDE\plugins\com.st.stm32cube.common.mx_6.10.0.202311202037\\db\/plugins/boardmanager/
2023-12-21 00:37:02,634 [INFO] ApiDb:261 - Set plugin images path to: I:\programy\ST\STM32CubeIDE_1.14.0\STM32CubeIDE\plugins\com.st.stm32cube.common.mx_6.10.0.202311202037\\db\/plugins/mcufinder/images/
2023-12-21 00:37:02,634 [WARN] DbFile:41 - Overriding database path with different value: C:\Users\user\.stmcufinder\plugins\mcufinder/ => C:\Users\user\.stmcufinder\plugins\mcufinder
2023-12-21 00:37:02,634 [INFO] ApiDb:250 - Set database path to: C:\Users\user\.stmcufinder\plugins\mcufinder//mcu/
2023-12-21 00:37:02,634 [WARN] DbFile:41 - Overriding database path with different value: C:\Users\user\.stmcufinder\plugins\mcufinder/ => C:\Users\user\.stmcufinder\plugins\mcufinder
2023-12-21 00:37:02,634 [INFO] DbMcusAds:125 - Set database path to: C:\Users\user\.stmcufinder\plugins\mcufinder//mcu/
2023-12-21 00:37:02,634 [WARN] DbFile:41 - Overriding database path with different value: C:\Users\user\.stmcufinder\plugins\mcufinder/ => C:\Users\user\.stmcufinder\plugins\mcufinder
2023-12-21 00:37:02,634 [WARN] DbFile:41 - Overriding database path with different value: C:\Users\user\.stmcufinder\plugins\mcufinder/ => C:\Users\user\.stmcufinder\plugins\mcufinder
2023-12-21 00:37:02,634 [INFO] CrossReferenceDbSqlite:203 - Set database path to: C:\Users\user\.stmcufinder\plugins\mcufinder//mcu/cs/
2023-12-21 00:37:02,744 [INFO] MainPanel:264 - HeapMemory: 268435456
2023-12-21 00:37:02,817 [INFO] DbMcusXml:78 - Set database path to: I:\programy\ST\STM32CubeIDE_1.14.0\STM32CubeIDE\plugins\com.st.stm32cube.common.mx_6.10.0.202311202037\\db\/mcu/
2023-12-21 00:37:02,817 [INFO] ApiDb:274 - Set plugin database path to: I:\programy\ST\STM32CubeIDE_1.14.0\STM32CubeIDE\plugins\com.st.stm32cube.common.mx_6.10.0.202311202037\\db\/plugins/boardmanager/
2023-12-21 00:37:02,817 [INFO] ApiDb:261 - Set plugin images path to: I:\programy\ST\STM32CubeIDE_1.14.0\STM32CubeIDE\plugins\com.st.stm32cube.common.mx_6.10.0.202311202037\\db\/plugins/mcufinder/images/
2023-12-21 00:37:02,818 [WARN] DbFile:41 - Overriding database path with different value: C:\Users\user\.stmcufinder\plugins\mcufinder/ => C:\Users\user\.stmcufinder\plugins\mcufinder
2023-12-21 00:37:02,818 [INFO] ApiDb:250 - Set database path to: C:\Users\user\.stmcufinder\plugins\mcufinder//mcu/
2023-12-21 00:37:02,818 [WARN] DbFile:41 - Overriding database path with different value: C:\Users\user\.stmcufinder\plugins\mcufinder/ => C:\Users\user\.stmcufinder\plugins\mcufinder
2023-12-21 00:37:02,818 [INFO] DbMcusAds:125 - Set database path to: C:\Users\user\.stmcufinder\plugins\mcufinder//mcu/
2023-12-21 00:37:02,818 [WARN] DbFile:41 - Overriding database path with different value: C:\Users\user\.stmcufinder\plugins\mcufinder/ => C:\Users\user\.stmcufinder\plugins\mcufinder
2023-12-21 00:37:02,818 [WARN] DbFile:41 - Overriding database path with different value: C:\Users\user\.stmcufinder\plugins\mcufinder/ => C:\Users\user\.stmcufinder\plugins\mcufinder
2023-12-21 00:37:02,818 [INFO] CrossReferenceDbSqlite:203 - Set database path to: C:\Users\user\.stmcufinder\plugins\mcufinder//mcu/cs/
2023-12-21 00:37:02,836 [INFO] ApplicationProperties:184 - Using Application install path: I:\programy\ST\STM32CubeIDE_1.14.0\STM32CubeIDE\plugins\com.st.stm32cube.common.mx_6.10.0.202311202037
2023-12-21 00:37:02,837 [INFO] PluginManage:196 - Search for loadable plugins [exclusion list=, ]
2023-12-21 00:37:02,838 [INFO] PluginManage:310 - Check plugin analytics
2023-12-21 00:37:02,982 [INFO] AnalyticsPlugin:253 - Accepted Software Licenses: 
2023-12-21 00:37:02,983 [INFO] AnalyticsPlugin:255 - Accepted CMSIS Pack Licenses: STMicroelectronics.X-CUBE-AZRTOS-WB.2.0.0
2023-12-21 00:37:02,983 [INFO] AnalyticsPlugin:257 - Accepted Firmware Licenses: FW.G4.1.5.0,FW.F7.1.17.0,FW.WBA.1.0.0,FW.WB.1.16.0
2023-12-21 00:37:02,985 [INFO] PluginManage:359 - Loaded plugin analytics (category:tool,tabindex:-1)
2023-12-21 00:37:02,986 [INFO] PluginManage:310 - Check plugin cadmodel
2023-12-21 00:37:02,990 [INFO] CADModel:105 - Init CAD model plugin
2023-12-21 00:37:02,990 [INFO] PluginManage:359 - Loaded plugin cadmodel (category:power,tabindex:5)
2023-12-21 00:37:02,990 [INFO] PluginManage:310 - Check plugin clock
2023-12-21 00:37:02,999 [INFO] PluginManage:359 - Loaded plugin clock (category:base,tabindex:2)
2023-12-21 00:37:02,999 [INFO] PluginManage:310 - Check plugin ddr
2023-12-21 00:37:03,001 [INFO] PluginManage:359 - Loaded plugin ddr (category:tool,tabindex:6)
2023-12-21 00:37:03,001 [INFO] PluginManage:310 - Check plugin filemanager
2023-12-21 00:37:03,138 [INFO] PluginManage:359 - Loaded plugin filemanager (category:base,tabindex:10)
2023-12-21 00:37:03,138 [INFO] PluginManage:310 - Check plugin ipmanager
2023-12-21 00:37:03,145 [INFO] PluginManage:359 - Loaded plugin ipmanager (category:base,tabindex:5)
2023-12-21 00:37:03,145 [INFO] PluginManage:310 - Check plugin lpbam
2023-12-21 00:37:03,151 [INFO] PluginManage:359 - Loaded plugin lpbam (category:base,tabindex:0)
2023-12-21 00:37:03,151 [INFO] PluginManage:310 - Check plugin memorymap
2023-12-21 00:37:03,171 [INFO] PluginManage:359 - Loaded plugin memorymap (category:base,tabindex:4)
2023-12-21 00:37:03,171 [INFO] PluginManage:310 - Check plugin pinoutandconfiguration
2023-12-21 00:37:03,178 [INFO] PluginManage:359 - Loaded plugin pinoutandconfiguration (category:base,tabindex:1)
2023-12-21 00:37:03,178 [INFO] PluginManage:310 - Check plugin pinoutconfig
2023-12-21 00:37:03,259 [WARN] SupportedApi:132 - Cannot load RTOS API schema: s4s-elt-must-match.1: The content of 'definitions' must match (annotation?, (simpleType | complexType)?, (unique | key | keyref)*)). A problem was found starting at: attribute.
2023-12-21 00:37:03,358 [INFO] PluginManage:359 - Loaded plugin pinoutconfig (category:base,tabindex:0)
2023-12-21 00:37:03,359 [INFO] PluginManage:310 - Check plugin power
2023-12-21 00:37:03,366 [INFO] PluginManage:359 - Loaded plugin power (category:power,tabindex:4)
2023-12-21 00:37:03,366 [INFO] PluginManage:310 - Check plugin projectmanager
2023-12-21 00:37:03,378 [INFO] PluginManage:359 - Loaded plugin projectmanager (category:projectmanager,tabindex:3)
2023-12-21 00:37:03,378 [INFO] PluginManage:310 - Check plugin thirdparty
2023-12-21 00:37:03,486 [WARN] IntegrityCheckThread:84 - waiting for thirdparty lock release [integrity check]
2023-12-21 00:37:03,486 [INFO] IntegrityCheckThread:86 - entering critical section [integrity check]
2023-12-21 00:37:03,487 [INFO] PluginManage:359 - Loaded plugin thirdparty (category:base,tabindex:-1)
2023-12-21 00:37:03,487 [INFO] PluginManage:310 - Check plugin tools
2023-12-21 00:37:03,487 [INFO] ThirdPartyUpdaterWithRetryManager:70 - Updater plugin not ready yet. [1/15]
2023-12-21 00:37:03,488 [INFO] PluginManage:359 - Loaded plugin tools (category:base,tabindex:7)
2023-12-21 00:37:03,489 [INFO] PluginManage:310 - Check plugin tutovideos
2023-12-21 00:37:03,637 [INFO] PluginManage:359 - Loaded plugin tutovideos (category:base,tabindex:-1)
2023-12-21 00:37:03,637 [INFO] PluginManage:310 - Check plugin updater
2023-12-21 00:37:03,646 [INFO] PluginManage:359 - Loaded plugin updater (category:base,tabindex:12)
2023-12-21 00:37:03,646 [INFO] PluginManage:310 - Check plugin userauth
2023-12-21 00:37:03,650 [INFO] UserAuth:114 - Init User Auth plugin
2023-12-21 00:37:03,650 [INFO] PluginManage:359 - Loaded plugin userauth (category:base,tabindex:14)
2023-12-21 00:37:03,650 [INFO] PluginManage:283 - PluginManage : Loaded plugins [17]
2023-12-21 00:37:03,870 [INFO] PinOutPanel:1499 - setPackage(No Configuration,No Configuration)
2023-12-21 00:37:03,997 [INFO] CADModel:165 - CPN selected for project level
2023-12-21 00:37:03,997 [INFO] CADModel:114 - Register for checkConnection events
2023-12-21 00:37:04,009 [INFO] IPUIPlugin:80 - create IPUIPlugin
2023-12-21 00:37:04,009 [INFO] PluginManager:220 - loadIPPluginJar : add adc
2023-12-21 00:37:04,011 [INFO] IPUIPlugin:80 - create IPUIPlugin
2023-12-21 00:37:04,011 [INFO] PluginManager:220 - loadIPPluginJar : add aes
2023-12-21 00:37:04,013 [INFO] IPUIPlugin:80 - create IPUIPlugin
2023-12-21 00:37:04,014 [INFO] PluginManager:220 - loadIPPluginJar : add can
2023-12-21 00:37:04,015 [INFO] IPUIPlugin:80 - create IPUIPlugin
2023-12-21 00:37:04,015 [INFO] PluginManager:220 - loadIPPluginJar : add comp
2023-12-21 00:37:04,017 [INFO] IPUIPlugin:80 - create IPUIPlugin
2023-12-21 00:37:04,017 [INFO] PluginManager:220 - loadIPPluginJar : add cryp
2023-12-21 00:37:04,019 [INFO] IPUIPlugin:80 - create IPUIPlugin
2023-12-21 00:37:04,019 [INFO] PluginManager:220 - loadIPPluginJar : add dfsdm
2023-12-21 00:37:04,023 [INFO] IPUIPlugin:80 - create IPUIPlugin
2023-12-21 00:37:04,023 [INFO] PluginManager:220 - loadIPPluginJar : add dma
2023-12-21 00:37:04,025 [INFO] IPUIPlugin:80 - create IPUIPlugin
2023-12-21 00:37:04,025 [INFO] PluginManager:220 - loadIPPluginJar : add dma3
2023-12-21 00:37:04,026 [INFO] IPUIPlugin:80 - create IPUIPlugin
2023-12-21 00:37:04,026 [INFO] PluginManager:220 - loadIPPluginJar : add fatfs
2023-12-21 00:37:04,029 [INFO] IPUIPlugin:80 - create IPUIPlugin
2023-12-21 00:37:04,029 [INFO] PluginManager:220 - loadIPPluginJar : add fmc
2023-12-21 00:37:04,033 [INFO] IPUIPlugin:80 - create IPUIPlugin
2023-12-21 00:37:04,033 [INFO] PluginManager:220 - loadIPPluginJar : add freertos
2023-12-21 00:37:04,034 [INFO] IPUIPlugin:80 - create IPUIPlugin
2023-12-21 00:37:04,034 [INFO] PluginManager:220 - loadIPPluginJar : add genericplugin
2023-12-21 00:37:04,036 [INFO] IPUIPlugin:80 - create IPUIPlugin
2023-12-21 00:37:04,036 [INFO] PluginManager:220 - loadIPPluginJar : add gfxmmu
2023-12-21 00:37:04,039 [INFO] IPUIPlugin:80 - create IPUIPlugin
2023-12-21 00:37:04,039 [INFO] PluginManager:220 - loadIPPluginJar : add gic
2023-12-21 00:37:04,043 [INFO] IPUIPlugin:80 - create IPUIPlugin
2023-12-21 00:37:04,043 [INFO] PluginManager:220 - loadIPPluginJar : add gpio
2023-12-21 00:37:04,045 [INFO] IPUIPlugin:80 - create IPUIPlugin
2023-12-21 00:37:04,045 [INFO] PluginManager:220 - loadIPPluginJar : add gtzc
2023-12-21 00:37:04,047 [INFO] IPUIPlugin:80 - create IPUIPlugin
2023-12-21 00:37:04,047 [INFO] PluginManager:220 - loadIPPluginJar : add hash
2023-12-21 00:37:04,049 [INFO] IPUIPlugin:80 - create IPUIPlugin
2023-12-21 00:37:04,049 [INFO] PluginManager:220 - loadIPPluginJar : add i2c
2023-12-21 00:37:04,051 [INFO] IPUIPlugin:80 - create IPUIPlugin
2023-12-21 00:37:04,051 [INFO] PluginManager:220 - loadIPPluginJar : add i2s
2023-12-21 00:37:04,053 [INFO] IPUIPlugin:80 - create IPUIPlugin
2023-12-21 00:37:04,053 [INFO] PluginManager:220 - loadIPPluginJar : add i3c
2023-12-21 00:37:04,055 [INFO] IPUIPlugin:80 - create IPUIPlugin
2023-12-21 00:37:04,055 [INFO] PluginManager:220 - loadIPPluginJar : add ipddr
2023-12-21 00:37:04,060 [INFO] IPUIPlugin:80 - create IPUIPlugin
2023-12-21 00:37:04,060 [INFO] PluginManager:220 - loadIPPluginJar : add linkedlist
2023-12-21 00:37:04,062 [INFO] IPUIPlugin:80 - create IPUIPlugin
2023-12-21 00:37:04,062 [INFO] PluginManager:220 - loadIPPluginJar : add lorawan
2023-12-21 00:37:04,064 [INFO] IPUIPlugin:80 - create IPUIPlugin
2023-12-21 00:37:04,064 [INFO] PluginManager:220 - loadIPPluginJar : add ltdc
2023-12-21 00:37:04,068 [INFO] IPUIPlugin:80 - create IPUIPlugin
2023-12-21 00:37:04,068 [INFO] PluginManager:220 - loadIPPluginJar : add mdma
2023-12-21 00:37:04,072 [INFO] IPUIPlugin:80 - create IPUIPlugin
2023-12-21 00:37:04,072 [INFO] PluginManager:220 - loadIPPluginJar : add nvic
2023-12-21 00:37:04,074 [INFO] IPUIPlugin:80 - create IPUIPlugin
2023-12-21 00:37:04,074 [INFO] PluginManager:220 - loadIPPluginJar : add opamp
2023-12-21 00:37:04,077 [INFO] IPUIPlugin:80 - create IPUIPlugin
2023-12-21 00:37:04,077 [INFO] PluginManager:220 - loadIPPluginJar : add openamp
2023-12-21 00:37:04,079 [INFO] IPUIPlugin:80 - create IPUIPlugin
2023-12-21 00:37:04,079 [INFO] PluginManager:220 - loadIPPluginJar : add pdm2pcm
2023-12-21 00:37:04,083 [INFO] IPUIPlugin:80 - create IPUIPlugin
2023-12-21 00:37:04,085 [INFO] PluginManager:220 - loadIPPluginJar : add plateformsettings
2023-12-21 00:37:04,087 [INFO] IPUIPlugin:80 - create IPUIPlugin
2023-12-21 00:37:04,087 [INFO] PluginManager:220 - loadIPPluginJar : add quadspi
2023-12-21 00:37:04,090 [INFO] IPUIPlugin:80 - create IPUIPlugin
2023-12-21 00:37:04,090 [INFO] PluginManager:220 - loadIPPluginJar : add resmgrutility
2023-12-21 00:37:04,092 [INFO] IPUIPlugin:80 - create IPUIPlugin
2023-12-21 00:37:04,093 [INFO] PluginManager:220 - loadIPPluginJar : add sai
2023-12-21 00:37:04,095 [INFO] IPUIPlugin:80 - create IPUIPlugin
2023-12-21 00:37:04,095 [INFO] PluginManager:220 - loadIPPluginJar : add spi
2023-12-21 00:37:04,099 [INFO] IPUIPlugin:80 - create IPUIPlugin
2023-12-21 00:37:04,099 [INFO] PluginManager:220 - loadIPPluginJar : add stm32_wpan
2023-12-21 00:37:04,100 [INFO] IPUIPlugin:80 - create IPUIPlugin
2023-12-21 00:37:04,100 [INFO] PluginManager:220 - loadIPPluginJar : add tim
2023-12-21 00:37:04,103 [INFO] IPUIPlugin:80 - create IPUIPlugin
2023-12-21 00:37:04,103 [INFO] PluginManager:220 - loadIPPluginJar : add touchsensing
2023-12-21 00:37:04,105 [INFO] IPUIPlugin:80 - create IPUIPlugin
2023-12-21 00:37:04,105 [INFO] PluginManager:220 - loadIPPluginJar : add tracer_emb
2023-12-21 00:37:04,107 [INFO] IPUIPlugin:80 - create IPUIPlugin
2023-12-21 00:37:04,107 [INFO] PluginManager:220 - loadIPPluginJar : add ts
2023-12-21 00:37:04,108 [INFO] IPUIPlugin:80 - create IPUIPlugin
2023-12-21 00:37:04,108 [INFO] PluginManager:220 - loadIPPluginJar : add tsc
2023-12-21 00:37:04,110 [INFO] IPUIPlugin:80 - create IPUIPlugin
2023-12-21 00:37:04,110 [INFO] PluginManager:220 - loadIPPluginJar : add ucpd
2023-12-21 00:37:04,112 [INFO] IPUIPlugin:80 - create IPUIPlugin
2023-12-21 00:37:04,112 [INFO] PluginManager:220 - loadIPPluginJar : add usart
2023-12-21 00:37:04,114 [INFO] IPUIPlugin:80 - create IPUIPlugin
2023-12-21 00:37:04,114 [INFO] PluginManager:220 - loadIPPluginJar : add usbx
2023-12-21 00:37:04,265 [INFO] CADModel:165 - CPN selected for project level
2023-12-21 00:37:04,265 [INFO] CADModel:114 - Register for checkConnection events
2023-12-21 00:37:04,265 [FATAL] Updater:308 - Updater called before beeing initialized
2023-12-21 00:37:04,265 [ERROR] CADModel:125 - Updater not yet initialized, retry later 
2023-12-21 00:37:04,392 [INFO] CADModel:165 - CPN selected for project level
2023-12-21 00:37:04,392 [INFO] CADModel:114 - Register for checkConnection events
2023-12-21 00:37:04,392 [FATAL] Updater:308 - Updater called before beeing initialized
2023-12-21 00:37:04,392 [ERROR] CADModel:125 - Updater not yet initialized, retry later 
2023-12-21 00:37:04,394 [FATAL] Updater:308 - Updater called before beeing initialized
2023-12-21 00:37:04,527 [FATAL] Updater:308 - Updater called before beeing initialized
2023-12-21 00:37:04,535 [INFO] DbMcusAds:53 - JSON generation date=Wed Nov 29 11:52:27 CET 2023 (1701255147349)
2023-12-21 00:37:04,535 [FATAL] Updater:308 - Updater called before beeing initialized
2023-12-21 00:37:04,572 [WARN] DetailPanel:346 - Failed to get advertising image, set to default
2023-12-21 00:37:04,709 [FATAL] Updater:308 - Updater called before beeing initialized
2023-12-21 00:37:04,710 [FATAL] Updater:308 - Updater called before beeing initialized
2023-12-21 00:37:04,710 [FATAL] Updater:308 - Updater called before beeing initialized
2023-12-21 00:37:04,710 [WARN] DetailPanel:346 - Failed to get advertising image, set to default
2023-12-21 00:37:04,711 [FATAL] Updater:308 - Updater called before beeing initialized
2023-12-21 00:37:04,761 [ERROR] Updater:1120 - MainUpdater not yet initialized. External WinMGr cannot be set.
2023-12-21 00:37:04,768 [INFO] Updater:1056 - Updater Version found : 6.10.0
2023-12-21 00:37:04,782 [INFO] ApplicationProperties:184 - Using Application install path: I:\programy\ST\STM32CubeIDE_1.14.0\STM32CubeIDE\plugins\com.st.stm32cube.common.mx_6.10.0.202311202037
2023-12-21 00:37:04,851 [INFO] MainUpdater:526 - Copy updater definitions from MX database
2023-12-21 00:37:04,887 [INFO] MainUpdater:559 - Copy flag file definitions from MX database
2023-12-21 00:37:04,889 [INFO] MainUpdater:575 - Copy thirdparty index definitions from MX database
2023-12-21 00:37:04,891 [INFO] MainUpdater:594 - Copy default thirdparty db definitions from MX database
2023-12-21 00:37:05,236 [INFO] MainUpdater:2873 - connection check result : 10
2023-12-21 00:37:05,236 [INFO] MainUpdater:3567 - Updater definition file requires update
2023-12-21 00:37:05,281 [INFO] MainUpdater:290 - Updater Check For Update Now.
2023-12-21 00:37:05,281 [INFO] MicroXplorer:498 - Change Database Version : DB.6.0.100
2023-12-21 00:37:05,291 [INFO] McuFinderGlobals:63 - Set McuFinder mode to 2 (CubeIDE integrated)
2023-12-21 00:37:05,291 [INFO] UserAuth:180 - activating auth plugin
2023-12-21 00:37:05,293 [INFO] UserAuth:404 - Internet connection configuration mode: 1
2023-12-21 00:37:05,310 [INFO] JxBrowserEngine:152 - Initiate JxBrowser Engine with user profile folder
2023-12-21 00:37:05,481 [INFO] McuFinderGlobals:63 - Set McuFinder mode to 2 (CubeIDE integrated)
2023-12-21 00:37:05,481 [INFO] UserAuth:180 - activating auth plugin
2023-12-21 00:37:05,482 [INFO] UserAuth:404 - Internet connection configuration mode: 1
2023-12-21 00:37:05,521 [INFO] ServerAccessManage:473 - Download File updaters.zip
2023-12-21 00:37:06,340 [INFO] FileExtend:240 - Unzip File : updaters.zip
2023-12-21 00:37:06,341 [INFO] FileExtend:255 - Standard Zip Deflate
2023-12-21 00:37:06,488 [WARN] MainUpdater:1194 - Updater busy. Cannot search thirdparties
2023-12-21 00:37:06,488 [INFO] ThirdPartyUpdaterWithRetryManager:96 - Updater plugin is busy. [1/15]
2023-12-21 00:37:07,126 [INFO] ServerAccessManage:473 - Download File PacksControlFlags.xml
2023-12-21 00:37:07,398 [INFO] ServerAccessManage:473 - Download File cubemx.pidx
2023-12-21 00:37:07,738 [INFO] ServerAccessManage:473 - Download File STMicroelectronics.FP-ATR-ASTRA1.pdsc
2023-12-21 00:37:08,744 [INFO] ServerAccessManage:473 - Download File STMicroelectronics.FP-ATR-SIGFOX1.pdsc
2023-12-21 00:37:09,102 [INFO] ServerAccessManage:473 - Download File STMicroelectronics.FP-SNS-FLIGHT1.pdsc
2023-12-21 00:37:09,489 [WARN] MainUpdater:1194 - Updater busy. Cannot search thirdparties
2023-12-21 00:37:09,489 [INFO] ThirdPartyUpdaterWithRetryManager:96 - Updater plugin is busy. [2/15]
2023-12-21 00:37:10,263 [INFO] ServerAccessManage:473 - Download File STMicroelectronics.FP-SNS-MOTENV1.pdsc
2023-12-21 00:37:10,997 [INFO] ServerAccessManage:473 - Download File STMicroelectronics.FP-SNS-MOTENVWB1.pdsc
2023-12-21 00:37:11,411 [INFO] WebApp:161 - Instantiating new browser for Auth
2023-12-21 00:37:11,721 [INFO] ServerAccessManage:473 - Download File STMicroelectronics.FP-SNS-SMARTAG2.pdsc
2023-12-21 00:37:11,937 [INFO] WebApp:780 - Register for checkConnection events
2023-12-21 00:37:11,937 [INFO] WebApp:414 - Apply proxy settings
2023-12-21 00:37:11,938 [INFO] WebApp:499 - Chromium requires no authentication
2023-12-21 00:37:11,943 [INFO] WebApp:442 - Direct internet connection detected
2023-12-21 00:37:12,076 [INFO] WebApp:192 - Starting web application
2023-12-21 00:37:12,076 [INFO] WebApp:544 - Web application path used I:\programy\ST\STM32CubeIDE_1.14.0\STM32CubeIDE\plugins\com.st.stm32cube.common.mx_6.10.0.202311202037\db\plugins\mcufinder\reactClient1\index.html
2023-12-21 00:37:12,191 [INFO] ServerAccessManage:473 - Download File STMicroelectronics.X-CUBE-AI.pdsc
2023-12-21 00:37:12,490 [WARN] MainUpdater:1194 - Updater busy. Cannot search thirdparties
2023-12-21 00:37:12,490 [INFO] ThirdPartyUpdaterWithRetryManager:96 - Updater plugin is busy. [3/15]
2023-12-21 00:37:15,490 [WARN] MainUpdater:1194 - Updater busy. Cannot search thirdparties
2023-12-21 00:37:15,490 [INFO] ThirdPartyUpdaterWithRetryManager:96 - Updater plugin is busy. [4/15]
2023-12-21 00:37:15,836 [INFO] ServerAccessManage:473 - Download File STMicroelectronics.X-CUBE-ALS.pdsc
2023-12-21 00:37:16,554 [INFO] ServerAccessManage:473 - Download File STMicroelectronics.X-CUBE-BLE1.pdsc
2023-12-21 00:37:18,492 [WARN] MainUpdater:1194 - Updater busy. Cannot search thirdparties
2023-12-21 00:37:18,492 [INFO] ThirdPartyUpdaterWithRetryManager:96 - Updater plugin is busy. [5/15]
2023-12-21 00:37:19,555 [ERROR] ServerAccessManage:1089 - Problem, file not found on Server
2023-12-21 00:37:19,669 [INFO] ServerAccessManage:473 - Download File STMicroelectronics.X-CUBE-BLE2.pdsc
2023-12-21 00:37:21,395 [INFO] ServerAccessManage:473 - Download File STMicroelectronics.X-CUBE-BLEMGR.pdsc
2023-12-21 00:37:21,493 [WARN] MainUpdater:1194 - Updater busy. Cannot search thirdparties
2023-12-21 00:37:21,493 [INFO] ThirdPartyUpdaterWithRetryManager:96 - Updater plugin is busy. [6/15]
2023-12-21 00:37:23,787 [INFO] ServerAccessManage:473 - Download File STMicroelectronics.X-CUBE-DISPLAY.pdsc
2023-12-21 00:37:24,494 [WARN] MainUpdater:1194 - Updater busy. Cannot search thirdparties
2023-12-21 00:37:24,494 [INFO] ThirdPartyUpdaterWithRetryManager:96 - Updater plugin is busy. [7/15]
2023-12-21 00:37:25,533 [INFO] ServerAccessManage:473 - Download File STMicroelectronics.X-CUBE-EEPRMA1.pdsc
2023-12-21 00:37:26,511 [ERROR] ServerAccessManage:1089 - Problem, file not found on Server
2023-12-21 00:37:27,179 [INFO] ServerAccessManage:473 - Download File STMicroelectronics.X-CUBE-FREERTOS.pdsc
2023-12-21 00:37:27,496 [WARN] MainUpdater:1194 - Updater busy. Cannot search thirdparties
2023-12-21 00:37:27,496 [INFO] ThirdPartyUpdaterWithRetryManager:96 - Updater plugin is busy. [8/15]
2023-12-21 00:37:27,895 [INFO] ServerAccessManage:473 - Download File STMicroelectronics.X-CUBE-GNSS1.pdsc
2023-12-21 00:37:29,628 [ERROR] ServerAccessManage:1089 - Problem, file not found on Server
2023-12-21 00:37:30,024 [ERROR] ServerAccessManage:1089 - Problem, file not found on Server
2023-12-21 00:37:30,398 [ERROR] ServerAccessManage:1089 - Problem, file not found on Server
2023-12-21 00:37:30,496 [WARN] MainUpdater:1194 - Updater busy. Cannot search thirdparties
2023-12-21 00:37:30,496 [INFO] ThirdPartyUpdaterWithRetryManager:96 - Updater plugin is busy. [9/15]
2023-12-21 00:37:30,908 [ERROR] ServerAccessManage:1089 - Problem, file not found on Server
2023-12-21 00:37:31,153 [ERROR] ServerAccessManage:1089 - Problem, file not found on Server
2023-12-21 00:37:31,444 [ERROR] ServerAccessManage:1089 - Problem, file not found on Server
2023-12-21 00:37:31,602 [INFO] ServerAccessManage:473 - Download File STMicroelectronics.X-CUBE-ISPU.pdsc
2023-12-21 00:37:32,343 [INFO] ServerAccessManage:473 - Download File STMicroelectronics.X-CUBE-MEMS1.pdsc
2023-12-21 00:37:32,732 [ERROR] LogOutputStream:75 - [STDERR_REDIRECT] SLF4J: Failed to load class "org.slf4j.impl.StaticLoggerBinder".
2023-12-21 00:37:32,733 [ERROR] LogOutputStream:75 - [STDERR_REDIRECT] SLF4J: Defaulting to no-operation (NOP) logger implementation
2023-12-21 00:37:32,734 [ERROR] LogOutputStream:75 - [STDERR_REDIRECT] SLF4J: See http://www.slf4j.org/codes.html#StaticLoggerBinder for further details.
2023-12-21 00:37:33,497 [WARN] MainUpdater:1194 - Updater busy. Cannot search thirdparties
2023-12-21 00:37:33,497 [INFO] ThirdPartyUpdaterWithRetryManager:96 - Updater plugin is busy. [10/15]
2023-12-21 00:37:36,499 [WARN] MainUpdater:1194 - Updater busy. Cannot search thirdparties
2023-12-21 00:37:36,499 [INFO] ThirdPartyUpdaterWithRetryManager:96 - Updater plugin is busy. [11/15]
2023-12-21 00:37:36,717 [INFO] ServerAccessManage:473 - Download File STMicroelectronics.X-CUBE-NFC4.pdsc
2023-12-21 00:37:39,500 [WARN] MainUpdater:1194 - Updater busy. Cannot search thirdparties
2023-12-21 00:37:39,500 [INFO] ThirdPartyUpdaterWithRetryManager:96 - Updater plugin is busy. [12/15]
2023-12-21 00:37:40,056 [INFO] ServerAccessManage:473 - Download File STMicroelectronics.X-CUBE-NFC6.pdsc
2023-12-21 00:37:40,472 [INFO] ServerAccessManage:473 - Download File STMicroelectronics.X-CUBE-NFC7.pdsc
2023-12-21 00:37:41,223 [INFO] ServerAccessManage:473 - Download File STMicroelectronics.X-CUBE-SFXS2LP1.pdsc
2023-12-21 00:37:42,502 [WARN] MainUpdater:1194 - Updater busy. Cannot search thirdparties
2023-12-21 00:37:42,502 [INFO] ThirdPartyUpdaterWithRetryManager:96 - Updater plugin is busy. [13/15]
2023-12-21 00:37:43,268 [INFO] ServerAccessManage:473 - Download File STMicroelectronics.X-CUBE-SUBG2.pdsc
2023-12-21 00:37:43,712 [INFO] WebApp:610 - userauth.ini created with success
2023-12-21 00:37:45,060 [INFO] ServerAccessManage:473 - Download File STMicroelectronics.X-CUBE-SMBUS.pdsc
2023-12-21 00:37:45,503 [WARN] MainUpdater:1194 - Updater busy. Cannot search thirdparties
2023-12-21 00:37:45,503 [INFO] ThirdPartyUpdaterWithRetryManager:96 - Updater plugin is busy. [14/15]
2023-12-21 00:37:45,567 [ERROR] ServerAccessManage:1089 - Problem, file not found on Server
2023-12-21 00:37:45,825 [INFO] ServerAccessManage:473 - Download File STMicroelectronics.X-CUBE-TOF1.pdsc
2023-12-21 00:37:48,505 [WARN] MainUpdater:1194 - Updater busy. Cannot search thirdparties
2023-12-21 00:37:48,505 [INFO] ThirdPartyUpdaterWithRetryManager:96 - Updater plugin is busy. [15/15]
2023-12-21 00:37:48,505 [ERROR] IntegrityCheckThread:130 - Cannot retrieve database content from updater: error -1
2023-12-21 00:37:48,505 [INFO] ThirdParty:978 - Integrity check success = false
2023-12-21 00:37:48,505 [INFO] IntegrityCheckThread:100 - exiting critical section [integrity check]
2023-12-21 00:37:48,505 [INFO] IntegrityCheckThread:103 - End integrity checks thread
2023-12-21 00:37:49,459 [ERROR] ServerAccessManage:1089 - Problem, file not found on Server
2023-12-21 00:37:49,942 [INFO] ServerAccessManage:473 - Download File STMicroelectronics.X-CUBE-TOUCHGFX.pdsc
2023-12-21 00:37:54,425 [INFO] ServerAccessManage:473 - Download File STMicroelectronics.X-CUBE-ALGOBUILD.pdsc
2023-12-21 00:37:55,569 [INFO] ServerAccessManage:473 - Download File STMicroelectronics.X-CUBE-AZRTOS-H7.pdsc
2023-12-21 00:37:56,945 [INFO] ServerAccessManage:473 - Download File STMicroelectronics.X-CUBE-AZRTOS-F4.pdsc
2023-12-21 00:37:57,677 [INFO] ServerAccessManage:473 - Download File STMicroelectronics.X-CUBE-AZRTOS-F7.pdsc
2023-12-21 00:37:58,254 [INFO] ServerAccessManage:473 - Download File STMicroelectronics.X-CUBE-AZRTOS-L4.pdsc
2023-12-21 00:37:58,820 [INFO] ServerAccessManage:473 - Download File STMicroelectronics.X-CUBE-AZRTOS-L5.pdsc
2023-12-21 00:37:59,512 [INFO] ServerAccessManage:473 - Download File STMicroelectronics.X-CUBE-AZRTOS-G0.pdsc
2023-12-21 00:38:00,039 [INFO] ServerAccessManage:473 - Download File STMicroelectronics.X-CUBE-AZRTOS-G4.pdsc
2023-12-21 00:38:00,646 [INFO] ServerAccessManage:473 - Download File STMicroelectronics.X-CUBE-AZRTOS-WB.pdsc
2023-12-21 00:38:01,309 [INFO] ServerAccessManage:473 - Download File STMicroelectronics.X-CUBE-AZRTOS-WL.pdsc
2023-12-21 00:38:03,054 [INFO] ServerAccessManage:473 - Download File wolfSSL.I-CUBE-wolfSSL.pdsc
2023-12-21 00:38:08,236 [ERROR] ServerAccessManage:1089 - Problem, file not found on Server
2023-12-21 00:38:08,670 [ERROR] ServerAccessManage:1089 - Problem, file not found on Server
2023-12-21 00:38:09,371 [ERROR] ServerAccessManage:1089 - Problem, file not found on Server
2023-12-21 00:38:10,316 [ERROR] ServerAccessManage:1096 - Problem, Http access forbiden
2023-12-21 00:38:10,316 [ERROR] ServerAccessManage:651 - Problem, Http access forbiden : RoweBots.I-CUBE-UNISONRTOS.pdsc.
2023-12-21 00:38:10,830 [INFO] ServerAccessManage:473 - Download File SEGGER.I-CUBE-embOS.pdsc
2023-12-21 00:38:11,829 [INFO] ServerAccessManage:473 - Download File portGmbH.I-Cube-SoM-uGOAL.pdsc
2023-12-21 00:38:13,022 [ERROR] ServerAccessManage:1089 - Problem, file not found on Server
2023-12-21 00:38:13,248 [ERROR] ServerAccessManage:1089 - Problem, file not found on Server
2023-12-21 00:38:13,326 [ERROR] ServerAccessManage:1089 - Problem, file not found on Server
2023-12-21 00:38:13,827 [INFO] ServerAccessManage:473 - Download File emotas.I-CUBE-CANOPEN.pdsc
2023-12-21 00:38:15,330 [INFO] ServerAccessManage:473 - Download File WES.I-CUBE-Cesium.pdsc
2023-12-21 00:38:16,102 [ERROR] ServerAccessManage:1089 - Problem, file not found on Server
2023-12-21 00:38:16,479 [ERROR] ServerAccessManage:1089 - Problem, file not found on Server
2023-12-21 00:38:17,710 [INFO] ServerAccessManage:473 - Download File ITTIA_DB.I-CUBE-ITTIADB.pdsc
2023-12-21 00:38:22,062 [INFO] ServerAccessManage:473 - Download File Infineon.AIROC-Wi-Fi-Bluetooth-STM32.pdsc
2023-12-21 00:38:23,872 [WARN] CheckServerUpdateThread:151 - Open CheckUpdateFile Fail
2023-12-21 00:38:23,883 [WARN] PackLoader:240 - Cannot read IP mode file for STMicroelectronics.FP-ATR-ASTRA1.2.0.0
2023-12-21 00:38:23,903 [WARN] PackLoader:240 - Cannot read IP mode file for STMicroelectronics.FP-ATR-SIGFOX1.3.2.0
2023-12-21 00:38:23,933 [WARN] PackLoader:240 - Cannot read IP mode file for STMicroelectronics.FP-SNS-FLIGHT1.5.0.2
2023-12-21 00:38:23,943 [WARN] PackLoader:240 - Cannot read IP mode file for STMicroelectronics.FP-SNS-MOTENV1.4.3.2
2023-12-21 00:38:23,949 [WARN] PackLoader:240 - Cannot read IP mode file for STMicroelectronics.FP-SNS-MOTENVWB1.1.3.1
2023-12-21 00:38:23,959 [WARN] PackLoader:240 - Cannot read IP mode file for STMicroelectronics.FP-SNS-SMARTAG2.1.2.0
2023-12-21 00:38:23,964 [WARN] PackLoader:240 - Cannot read IP mode file for STMicroelectronics.X-CUBE-AI.8.1.0
2023-12-21 00:38:23,974 [WARN] PackLoader:240 - Cannot read IP mode file for STMicroelectronics.X-CUBE-ALS.1.0.1
2023-12-21 00:38:23,980 [WARN] PackLoader:240 - Cannot read IP mode file for STMicroelectronics.X-CUBE-BLE1.7.0.0
2023-12-21 00:38:23,985 [WARN] PackLoader:240 - Cannot read IP mode file for STMicroelectronics.X-CUBE-BLE2.3.3.0
2023-12-21 00:38:24,007 [WARN] PackLoader:240 - Cannot read IP mode file for STMicroelectronics.X-CUBE-BLEMGR.3.0.0
2023-12-21 00:38:24,011 [INFO] CheckServerUpdateThread:120 - End of CheckServer Thread
2023-12-21 00:38:24,035 [WARN] PackLoader:240 - Cannot read IP mode file for STMicroelectronics.X-CUBE-DISPLAY.3.0.0
2023-12-21 00:38:24,048 [WARN] PackLoader:240 - Cannot read IP mode file for STMicroelectronics.X-CUBE-EEPRMA1.4.2.0
2023-12-21 00:38:24,054 [WARN] PackLoader:240 - Cannot read IP mode file for STMicroelectronics.X-CUBE-FREERTOS.1.1.0
2023-12-21 00:38:24,073 [WARN] PackLoader:240 - Cannot read IP mode file for STMicroelectronics.X-CUBE-GNSS1.6.0.0
2023-12-21 00:38:24,078 [WARN] PackLoader:240 - Cannot read IP mode file for STMicroelectronics.X-CUBE-ISPU.2.0.0
2023-12-21 00:38:24,113 [WARN] PackLoader:240 - Cannot read IP mode file for STMicroelectronics.X-CUBE-MEMS1.10.0.0
2023-12-21 00:38:24,200 [WARN] PackLoader:240 - Cannot read IP mode file for STMicroelectronics.X-CUBE-NFC4.3.0.0
2023-12-21 00:38:24,205 [WARN] PackLoader:240 - Cannot read IP mode file for STMicroelectronics.X-CUBE-NFC6.3.0.0
2023-12-21 00:38:24,210 [WARN] PackLoader:240 - Cannot read IP mode file for STMicroelectronics.X-CUBE-NFC7.1.0.1
2023-12-21 00:38:24,222 [WARN] PackLoader:240 - Cannot read IP mode file for STMicroelectronics.X-CUBE-SFXS2LP1.4.0.0
2023-12-21 00:38:24,230 [WARN] PackLoader:240 - Cannot read IP mode file for STMicroelectronics.X-CUBE-SUBG2.5.0.0
2023-12-21 00:38:24,240 [WARN] PackLoader:240 - Cannot read IP mode file for STMicroelectronics.X-CUBE-SMBUS.2.1.0
2023-12-21 00:38:24,246 [WARN] PackLoader:240 - Cannot read IP mode file for STMicroelectronics.X-CUBE-TOF1.3.4.0
2023-12-21 00:38:24,257 [WARN] PackLoader:240 - Cannot read IP mode file for STMicroelectronics.X-CUBE-TOUCHGFX.4.23.0
2023-12-21 00:38:24,261 [WARN] PackLoader:240 - Cannot read IP mode file for STMicroelectronics.X-CUBE-ALGOBUILD.1.3.0
2023-12-21 00:38:24,283 [WARN] PackLoader:240 - Cannot read IP mode file for STMicroelectronics.X-CUBE-AZRTOS-H7.3.2.0
2023-12-21 00:38:24,306 [WARN] PackLoader:240 - Cannot read IP mode file for STMicroelectronics.X-CUBE-AZRTOS-F4.1.1.0
2023-12-21 00:38:24,318 [WARN] PackLoader:240 - Cannot read IP mode file for STMicroelectronics.X-CUBE-AZRTOS-F7.1.1.0
2023-12-21 00:38:24,342 [WARN] ConditionMgr:438 - getConditionDescription Invalid condition id : LAN8742 Phy interface Condition cause : null
2023-12-21 00:38:24,343 [WARN] PackLoader:240 - Cannot read IP mode file for STMicroelectronics.X-CUBE-AZRTOS-L4.2.0.0
2023-12-21 00:38:24,344 [WARN] ConditionMgr:1039 - genDependencies : Invalid condition id : LAN8742 Phy interface Condition cause : null
2023-12-21 00:38:24,344 [WARN] ConditionMgr:1039 - genDependencies : Invalid condition id : LAN8742 Phy interface Condition cause : null
2023-12-21 00:38:24,344 [WARN] ConditionMgr:1039 - genDependencies : Invalid condition id : LAN8742 Phy interface Condition cause : null
2023-12-21 00:38:24,371 [WARN] PackLoader:240 - Cannot read IP mode file for STMicroelectronics.X-CUBE-AZRTOS-L5.2.0.0
2023-12-21 00:38:24,384 [WARN] PackLoader:240 - Cannot read IP mode file for STMicroelectronics.X-CUBE-AZRTOS-G0.1.1.0
2023-12-21 00:38:24,399 [WARN] PackLoader:240 - Cannot read IP mode file for STMicroelectronics.X-CUBE-AZRTOS-G4.2.0.0
2023-12-21 00:38:24,417 [WARN] ConditionMgr:438 - getConditionDescription Invalid condition id : UX DEVICE CLASS RTOS Condition cause : null
2023-12-21 00:38:24,417 [WARN] ConditionMgr:438 - getConditionDescription Invalid condition id : UX DEVICE CLASS RTOS Condition cause : null
2023-12-21 00:38:24,418 [WARN] PackLoader:240 - Cannot read IP mode file for STMicroelectronics.X-CUBE-AZRTOS-WB.2.0.0
2023-12-21 00:38:24,419 [WARN] ConditionMgr:1039 - genDependencies : Invalid condition id : UX DEVICE CLASS RTOS Condition cause : null
2023-12-21 00:38:24,419 [WARN] ConditionMgr:1039 - genDependencies : Invalid condition id : UX DEVICE CLASS RTOS Condition cause : null
2023-12-21 00:38:24,419 [WARN] ConditionMgr:1039 - genDependencies : Invalid condition id : UX DEVICE CLASS RTOS Condition cause : null
2023-12-21 00:38:24,419 [WARN] ConditionMgr:1039 - genDependencies : Invalid condition id : UX DEVICE CLASS RTOS Condition cause : null
2023-12-21 00:38:24,419 [WARN] ConditionMgr:1039 - genDependencies : Invalid condition id : UX DEVICE CLASS RTOS Condition cause : null
2023-12-21 00:38:24,433 [INFO] LogOutputStream:77 - [STDOUT_REDIRECT] 1 : Invalid condition id : UX_CORESTACK_Condition cause : null
2023-12-21 00:38:24,434 [INFO] LogOutputStream:77 - [STDOUT_REDIRECT] 1 : Invalid condition id : UX_CORESTACK_Condition cause : null
2023-12-21 00:38:24,435 [INFO] LogOutputStream:77 - [STDOUT_REDIRECT] 1 : Invalid condition id : UX_CORESTACK_Condition cause : null
2023-12-21 00:38:24,436 [INFO] LogOutputStream:77 - [STDOUT_REDIRECT] 1 : Invalid condition id : UX_CORESTACK_Condition cause : null
2023-12-21 00:38:24,437 [INFO] LogOutputStream:77 - [STDOUT_REDIRECT] 1 : Invalid condition id : UX_CORESTACK_Condition cause : null
2023-12-21 00:38:24,439 [WARN] PackLoader:240 - Cannot read IP mode file for STMicroelectronics.X-CUBE-AZRTOS-WL.2.0.0
2023-12-21 00:38:24,446 [WARN] PackLoader:240 - Cannot read IP mode file for wolfSSL.I-CUBE-wolfSSL.5.6.4
2023-12-21 00:38:24,470 [WARN] PackLoader:240 - Cannot read IP mode file for SEGGER.I-CUBE-embOS.1.3.1
2023-12-21 00:38:24,517 [WARN] PackLoader:240 - Cannot read IP mode file for portGmbH.I-Cube-SoM-uGOAL.1.1.0
2023-12-21 00:38:24,522 [WARN] PackLoader:240 - Cannot read IP mode file for emotas.I-CUBE-CANOPEN.1.3.0
2023-12-21 00:38:24,527 [WARN] PackLoader:240 - Cannot read IP mode file for WES.I-CUBE-Cesium.1.3.0
2023-12-21 00:38:24,531 [WARN] PackLoader:240 - Cannot read IP mode file for ITTIA_DB.I-CUBE-ITTIADB.8.8.0
2023-12-21 00:38:24,544 [WARN] PackLoader:240 - Cannot read IP mode file for Infineon.AIROC-Wi-Fi-Bluetooth-STM32.1.5.1
2023-12-21 00:38:24,549 [INFO] PopulateThirdPartyThread:66 - Ending populate Thread
2023-12-21 00:38:24,552 [INFO] ThirdParty:1030 - CMSIS Pack Vendor :STMicroelectronics X-CUBE-DISPLAY 3.0.0
2023-12-21 00:38:24,552 [INFO] ThirdParty:1030 - CMSIS Pack Vendor :STMicroelectronics X-CUBE-GNSS1 6.0.0
2023-12-21 00:38:24,552 [INFO] ThirdParty:1030 - CMSIS Pack Vendor :STMicroelectronics FP-SNS-MOTENVWB1 1.3.1
2023-12-21 00:38:24,552 [INFO] ThirdParty:1030 - CMSIS Pack Vendor :STMicroelectronics X-CUBE-AZRTOS-F4 1.1.0
2023-12-21 00:38:24,552 [INFO] ThirdParty:1030 - CMSIS Pack Vendor :STMicroelectronics FP-ATR-SIGFOX1 3.2.0
2023-12-21 00:38:24,553 [INFO] ThirdParty:1030 - CMSIS Pack Vendor :STMicroelectronics X-CUBE-BLE1 7.0.0
2023-12-21 00:38:24,553 [INFO] ThirdParty:1030 - CMSIS Pack Vendor :wolfSSL I-CUBE-wolfSSL 5.6.4
2023-12-21 00:38:24,553 [INFO] ThirdParty:1030 - CMSIS Pack Vendor :STMicroelectronics X-CUBE-SMBUS 2.1.0
2023-12-21 00:38:24,553 [INFO] ThirdParty:1030 - CMSIS Pack Vendor :STMicroelectronics X-CUBE-ISPU 2.0.0
2023-12-21 00:38:24,553 [INFO] ThirdParty:1030 - CMSIS Pack Vendor :STMicroelectronics X-CUBE-AZRTOS-WB 2.0.0
2023-12-21 00:38:24,553 [INFO] ThirdParty:1030 - CMSIS Pack Vendor :emotas I-CUBE-CANOPEN 1.3.0
2023-12-21 00:38:24,553 [INFO] ThirdParty:1030 - CMSIS Pack Vendor :STMicroelectronics X-CUBE-MEMS1 10.0.0
2023-12-21 00:38:24,553 [INFO] ThirdParty:1030 - CMSIS Pack Vendor :STMicroelectronics X-CUBE-FREERTOS 1.1.0
2023-12-21 00:38:24,553 [INFO] ThirdParty:1030 - CMSIS Pack Vendor :STMicroelectronics X-CUBE-NFC7 1.0.1
2023-12-21 00:38:24,553 [INFO] ThirdParty:1030 - CMSIS Pack Vendor :STMicroelectronics X-CUBE-TOUCHGFX 4.23.0
2023-12-21 00:38:24,554 [INFO] ThirdParty:1030 - CMSIS Pack Vendor :STMicroelectronics X-CUBE-AZRTOS-F7 1.1.0
2023-12-21 00:38:24,554 [INFO] ThirdParty:1030 - CMSIS Pack Vendor :STMicroelectronics X-CUBE-AZRTOS-L5 2.0.0
2023-12-21 00:38:24,554 [INFO] ThirdParty:1030 - CMSIS Pack Vendor :STMicroelectronics X-CUBE-NFC6 3.0.0
2023-12-21 00:38:24,554 [INFO] ThirdParty:1030 - CMSIS Pack Vendor :STMicroelectronics X-CUBE-ALS 1.0.1
2023-12-21 00:38:24,554 [INFO] ThirdParty:1030 - CMSIS Pack Vendor :portGmbH I-Cube-SoM-uGOAL 1.1.0
2023-12-21 00:38:24,554 [INFO] ThirdParty:1030 - CMSIS Pack Vendor :STMicroelectronics X-CUBE-EEPRMA1 4.2.0
2023-12-21 00:38:24,554 [INFO] ThirdParty:1030 - CMSIS Pack Vendor :ITTIA_DB I-CUBE-ITTIADB 8.8.0
2023-12-21 00:38:24,554 [INFO] ThirdParty:1030 - CMSIS Pack Vendor :STMicroelectronics FP-SNS-SMARTAG2 1.2.0
2023-12-21 00:38:24,554 [INFO] ThirdParty:1030 - CMSIS Pack Vendor :STMicroelectronics FP-SNS-MOTENV1 4.3.2
2023-12-21 00:38:24,554 [INFO] ThirdParty:1030 - CMSIS Pack Vendor :STMicroelectronics X-CUBE-ALGOBUILD 1.3.0
2023-12-21 00:38:24,555 [INFO] ThirdParty:1030 - CMSIS Pack Vendor :STMicroelectronics X-CUBE-AZRTOS-WL 2.0.0
2023-12-21 00:38:24,555 [INFO] ThirdParty:1030 - CMSIS Pack Vendor :SEGGER I-CUBE-embOS 1.3.1
2023-12-21 00:38:24,555 [INFO] ThirdParty:1030 - CMSIS Pack Vendor :STMicroelectronics X-CUBE-AZRTOS-G0 1.1.0
2023-12-21 00:38:24,555 [INFO] ThirdParty:1030 - CMSIS Pack Vendor :STMicroelectronics X-CUBE-AI 8.1.0
2023-12-21 00:38:24,555 [INFO] ThirdParty:1030 - CMSIS Pack Vendor :STMicroelectronics X-CUBE-NFC4 3.0.0
2023-12-21 00:38:24,555 [INFO] ThirdParty:1030 - CMSIS Pack Vendor :STMicroelectronics X-CUBE-SUBG2 5.0.0
2023-12-21 00:38:24,555 [INFO] ThirdParty:1030 - CMSIS Pack Vendor :STMicroelectronics X-CUBE-AZRTOS-L4 2.0.0
2023-12-21 00:38:24,555 [INFO] ThirdParty:1030 - CMSIS Pack Vendor :STMicroelectronics FP-ATR-ASTRA1 2.0.0
2023-12-21 00:38:24,555 [INFO] ThirdParty:1030 - CMSIS Pack Vendor :WES I-CUBE-Cesium 1.3.0
2023-12-21 00:38:24,555 [INFO] ThirdParty:1030 - CMSIS Pack Vendor :STMicroelectronics X-CUBE-SFXS2LP1 4.0.0
2023-12-21 00:38:24,555 [INFO] ThirdParty:1030 - CMSIS Pack Vendor :STMicroelectronics FP-SNS-FLIGHT1 5.0.2
2023-12-21 00:38:24,555 [INFO] ThirdParty:1030 - CMSIS Pack Vendor :STMicroelectronics X-CUBE-BLE2 3.3.0
2023-12-21 00:38:24,555 [INFO] ThirdParty:1030 - CMSIS Pack Vendor :STMicroelectronics X-CUBE-TOF1 3.4.0
2023-12-21 00:38:24,555 [INFO] ThirdParty:1030 - CMSIS Pack Vendor :STMicroelectronics X-CUBE-AZRTOS-G4 2.0.0
2023-12-21 00:38:24,555 [INFO] ThirdParty:1030 - CMSIS Pack Vendor :STMicroelectronics X-CUBE-AZRTOS-H7 3.2.0
2023-12-21 00:38:24,555 [INFO] ThirdParty:1030 - CMSIS Pack Vendor :Infineon AIROC-Wi-Fi-Bluetooth-STM32 1.5.1
2023-12-21 00:38:24,555 [INFO] ThirdParty:1030 - CMSIS Pack Vendor :STMicroelectronics X-CUBE-BLEMGR 3.0.0
2023-12-21 00:38:24,555 [INFO] LoadServerUpdatesThread:375 - End of LoadServerUpdate Thread
2023-12-21 00:47:14,633 [INFO] Activator:176 - 


2023-12-21 00:47:14,635 [INFO] Activator:177 - !SESSION log4j initialized
2023-12-21 00:47:17,033 [INFO] LogOutputStream:77 - [STDOUT_REDIRECT] 
2023-12-21 00:47:18,380 [INFO] ApplicationProperties:184 - Using Application install path: I:\programy\ST\STM32CubeIDE_1.14.0\STM32CubeIDE\plugins\com.st.stm32cube.common.mx_6.10.0.202311202037
2023-12-21 00:47:18,392 [INFO] DbMcusXml:78 - Set database path to: I:\programy\ST\STM32CubeIDE_1.14.0\STM32CubeIDE\plugins\com.st.stm32cube.common.mx_6.10.0.202311202037\\db\/mcu/
2023-12-21 00:47:18,392 [INFO] ApiDb:274 - Set plugin database path to: I:\programy\ST\STM32CubeIDE_1.14.0\STM32CubeIDE\plugins\com.st.stm32cube.common.mx_6.10.0.202311202037\\db\/plugins/boardmanager/
2023-12-21 00:47:18,392 [WARN] ApiDb:259 - Overriding images path with different value:  => I:\programy\ST\STM32CubeIDE_1.14.0\STM32CubeIDE\plugins\com.st.stm32cube.common.mx_6.10.0.202311202037\\db\/plugins/mcufinder/images/
2023-12-21 00:47:18,410 [INFO] ApiDb:250 - Set database path to: C:\Users\user\.stmcufinder\plugins\mcufinder//mcu/
2023-12-21 00:47:18,410 [INFO] DbMcusAds:125 - Set database path to: C:\Users\user\.stmcufinder\plugins\mcufinder//mcu/
2023-12-21 00:47:18,412 [INFO] CrossReferenceDbSqlite:203 - Set database path to: C:\Users\user\.stmcufinder\plugins\mcufinder//mcu/cs/
2023-12-21 00:47:18,490 [INFO] RulesReader:64 - Compatibility file has been processed (297 Rules)
2023-12-21 00:47:18,605 [INFO] DbMcusXml:78 - Set database path to: I:\programy\ST\STM32CubeIDE_1.14.0\STM32CubeIDE\plugins\com.st.stm32cube.common.mx_6.10.0.202311202037\\db\/mcu/
2023-12-21 00:47:18,605 [INFO] ApiDb:274 - Set plugin database path to: I:\programy\ST\STM32CubeIDE_1.14.0\STM32CubeIDE\plugins\com.st.stm32cube.common.mx_6.10.0.202311202037\\db\/plugins/boardmanager/
2023-12-21 00:47:18,605 [INFO] ApiDb:261 - Set plugin images path to: I:\programy\ST\STM32CubeIDE_1.14.0\STM32CubeIDE\plugins\com.st.stm32cube.common.mx_6.10.0.202311202037\\db\/plugins/mcufinder/images/
2023-12-21 00:47:18,606 [WARN] DbFile:41 - Overriding database path with different value: C:\Users\user\.stmcufinder\plugins\mcufinder/ => C:\Users\user\.stmcufinder\plugins\mcufinder
2023-12-21 00:47:18,606 [INFO] ApiDb:250 - Set database path to: C:\Users\user\.stmcufinder\plugins\mcufinder//mcu/
2023-12-21 00:47:18,606 [WARN] DbFile:41 - Overriding database path with different value: C:\Users\user\.stmcufinder\plugins\mcufinder/ => C:\Users\user\.stmcufinder\plugins\mcufinder
2023-12-21 00:47:18,606 [INFO] DbMcusAds:125 - Set database path to: C:\Users\user\.stmcufinder\plugins\mcufinder//mcu/
2023-12-21 00:47:18,606 [WARN] DbFile:41 - Overriding database path with different value: C:\Users\user\.stmcufinder\plugins\mcufinder/ => C:\Users\user\.stmcufinder\plugins\mcufinder
2023-12-21 00:47:18,606 [WARN] DbFile:41 - Overriding database path with different value: C:\Users\user\.stmcufinder\plugins\mcufinder/ => C:\Users\user\.stmcufinder\plugins\mcufinder
2023-12-21 00:47:18,606 [INFO] CrossReferenceDbSqlite:203 - Set database path to: C:\Users\user\.stmcufinder\plugins\mcufinder//mcu/cs/
2023-12-21 00:47:18,683 [INFO] MainPanel:264 - HeapMemory: 287309824
2023-12-21 00:47:18,738 [INFO] DbMcusXml:78 - Set database path to: I:\programy\ST\STM32CubeIDE_1.14.0\STM32CubeIDE\plugins\com.st.stm32cube.common.mx_6.10.0.202311202037\\db\/mcu/
2023-12-21 00:47:18,738 [INFO] ApiDb:274 - Set plugin database path to: I:\programy\ST\STM32CubeIDE_1.14.0\STM32CubeIDE\plugins\com.st.stm32cube.common.mx_6.10.0.202311202037\\db\/plugins/boardmanager/
2023-12-21 00:47:18,738 [INFO] ApiDb:261 - Set plugin images path to: I:\programy\ST\STM32CubeIDE_1.14.0\STM32CubeIDE\plugins\com.st.stm32cube.common.mx_6.10.0.202311202037\\db\/plugins/mcufinder/images/
2023-12-21 00:47:18,738 [WARN] DbFile:41 - Overriding database path with different value: C:\Users\user\.stmcufinder\plugins\mcufinder/ => C:\Users\user\.stmcufinder\plugins\mcufinder
2023-12-21 00:47:18,738 [INFO] ApiDb:250 - Set database path to: C:\Users\user\.stmcufinder\plugins\mcufinder//mcu/
2023-12-21 00:47:18,738 [WARN] DbFile:41 - Overriding database path with different value: C:\Users\user\.stmcufinder\plugins\mcufinder/ => C:\Users\user\.stmcufinder\plugins\mcufinder
2023-12-21 00:47:18,738 [INFO] DbMcusAds:125 - Set database path to: C:\Users\user\.stmcufinder\plugins\mcufinder//mcu/
2023-12-21 00:47:18,738 [WARN] DbFile:41 - Overriding database path with different value: C:\Users\user\.stmcufinder\plugins\mcufinder/ => C:\Users\user\.stmcufinder\plugins\mcufinder
2023-12-21 00:47:18,738 [WARN] DbFile:41 - Overriding database path with different value: C:\Users\user\.stmcufinder\plugins\mcufinder/ => C:\Users\user\.stmcufinder\plugins\mcufinder
2023-12-21 00:47:18,738 [INFO] CrossReferenceDbSqlite:203 - Set database path to: C:\Users\user\.stmcufinder\plugins\mcufinder//mcu/cs/
2023-12-21 00:47:18,760 [INFO] ApplicationProperties:184 - Using Application install path: I:\programy\ST\STM32CubeIDE_1.14.0\STM32CubeIDE\plugins\com.st.stm32cube.common.mx_6.10.0.202311202037
2023-12-21 00:47:18,761 [INFO] PluginManage:196 - Search for loadable plugins [exclusion list=, ]
2023-12-21 00:47:18,762 [INFO] PluginManage:310 - Check plugin analytics
2023-12-21 00:47:18,899 [INFO] AnalyticsPlugin:253 - Accepted Software Licenses: 
2023-12-21 00:47:18,899 [INFO] AnalyticsPlugin:255 - Accepted CMSIS Pack Licenses: STMicroelectronics.X-CUBE-AZRTOS-WB.2.0.0
2023-12-21 00:47:18,900 [INFO] AnalyticsPlugin:257 - Accepted Firmware Licenses: FW.G4.1.5.0,FW.F7.1.17.0,FW.WBA.1.0.0,FW.WB.1.16.0
2023-12-21 00:47:18,901 [INFO] PluginManage:359 - Loaded plugin analytics (category:tool,tabindex:-1)
2023-12-21 00:47:18,902 [INFO] PluginManage:310 - Check plugin cadmodel
2023-12-21 00:47:18,904 [INFO] CADModel:105 - Init CAD model plugin
2023-12-21 00:47:18,905 [INFO] PluginManage:359 - Loaded plugin cadmodel (category:power,tabindex:5)
2023-12-21 00:47:18,905 [INFO] PluginManage:310 - Check plugin clock
2023-12-21 00:47:18,911 [INFO] PluginManage:359 - Loaded plugin clock (category:base,tabindex:2)
2023-12-21 00:47:18,911 [INFO] PluginManage:310 - Check plugin ddr
2023-12-21 00:47:18,913 [INFO] PluginManage:359 - Loaded plugin ddr (category:tool,tabindex:6)
2023-12-21 00:47:18,913 [INFO] PluginManage:310 - Check plugin filemanager
2023-12-21 00:47:19,023 [INFO] PluginManage:359 - Loaded plugin filemanager (category:base,tabindex:10)
2023-12-21 00:47:19,023 [INFO] PluginManage:310 - Check plugin ipmanager
2023-12-21 00:47:19,041 [INFO] PluginManage:359 - Loaded plugin ipmanager (category:base,tabindex:5)
2023-12-21 00:47:19,041 [INFO] PluginManage:310 - Check plugin lpbam
2023-12-21 00:47:19,047 [INFO] PluginManage:359 - Loaded plugin lpbam (category:base,tabindex:0)
2023-12-21 00:47:19,047 [INFO] PluginManage:310 - Check plugin memorymap
2023-12-21 00:47:19,056 [INFO] PluginManage:359 - Loaded plugin memorymap (category:base,tabindex:4)
2023-12-21 00:47:19,056 [INFO] PluginManage:310 - Check plugin pinoutandconfiguration
2023-12-21 00:47:19,062 [INFO] PluginManage:359 - Loaded plugin pinoutandconfiguration (category:base,tabindex:1)
2023-12-21 00:47:19,062 [INFO] PluginManage:310 - Check plugin pinoutconfig
2023-12-21 00:47:19,130 [WARN] SupportedApi:132 - Cannot load RTOS API schema: s4s-elt-must-match.1: The content of 'definitions' must match (annotation?, (simpleType | complexType)?, (unique | key | keyref)*)). A problem was found starting at: attribute.
2023-12-21 00:47:19,235 [INFO] PluginManage:359 - Loaded plugin pinoutconfig (category:base,tabindex:0)
2023-12-21 00:47:19,235 [INFO] PluginManage:310 - Check plugin power
2023-12-21 00:47:19,241 [INFO] PluginManage:359 - Loaded plugin power (category:power,tabindex:4)
2023-12-21 00:47:19,241 [INFO] PluginManage:310 - Check plugin projectmanager
2023-12-21 00:47:19,253 [INFO] PluginManage:359 - Loaded plugin projectmanager (category:projectmanager,tabindex:3)
2023-12-21 00:47:19,253 [INFO] PluginManage:310 - Check plugin thirdparty
2023-12-21 00:47:19,339 [WARN] IntegrityCheckThread:84 - waiting for thirdparty lock release [integrity check]
2023-12-21 00:47:19,339 [INFO] PluginManage:359 - Loaded plugin thirdparty (category:base,tabindex:-1)
2023-12-21 00:47:19,339 [INFO] IntegrityCheckThread:86 - entering critical section [integrity check]
2023-12-21 00:47:19,339 [INFO] PluginManage:310 - Check plugin tools
2023-12-21 00:47:19,340 [INFO] ThirdPartyUpdaterWithRetryManager:70 - Updater plugin not ready yet. [1/15]
2023-12-21 00:47:19,342 [INFO] PluginManage:359 - Loaded plugin tools (category:base,tabindex:7)
2023-12-21 00:47:19,342 [INFO] PluginManage:310 - Check plugin tutovideos
2023-12-21 00:47:19,469 [INFO] PluginManage:359 - Loaded plugin tutovideos (category:base,tabindex:-1)
2023-12-21 00:47:19,469 [INFO] PluginManage:310 - Check plugin updater
2023-12-21 00:47:19,477 [INFO] PluginManage:359 - Loaded plugin updater (category:base,tabindex:12)
2023-12-21 00:47:19,477 [INFO] PluginManage:310 - Check plugin userauth
2023-12-21 00:47:19,481 [INFO] UserAuth:114 - Init User Auth plugin
2023-12-21 00:47:19,481 [INFO] PluginManage:359 - Loaded plugin userauth (category:base,tabindex:14)
2023-12-21 00:47:19,482 [INFO] PluginManage:283 - PluginManage : Loaded plugins [17]
2023-12-21 00:47:19,712 [INFO] PinOutPanel:1499 - setPackage(No Configuration,No Configuration)
2023-12-21 00:47:19,856 [INFO] CADModel:165 - CPN selected for project level
2023-12-21 00:47:19,856 [INFO] CADModel:114 - Register for checkConnection events
2023-12-21 00:47:19,869 [INFO] IPUIPlugin:80 - create IPUIPlugin
2023-12-21 00:47:19,869 [INFO] PluginManager:220 - loadIPPluginJar : add adc
2023-12-21 00:47:19,871 [INFO] IPUIPlugin:80 - create IPUIPlugin
2023-12-21 00:47:19,871 [INFO] PluginManager:220 - loadIPPluginJar : add aes
2023-12-21 00:47:19,873 [INFO] IPUIPlugin:80 - create IPUIPlugin
2023-12-21 00:47:19,873 [INFO] PluginManager:220 - loadIPPluginJar : add can
2023-12-21 00:47:19,874 [INFO] IPUIPlugin:80 - create IPUIPlugin
2023-12-21 00:47:19,874 [INFO] PluginManager:220 - loadIPPluginJar : add comp
2023-12-21 00:47:19,876 [INFO] IPUIPlugin:80 - create IPUIPlugin
2023-12-21 00:47:19,876 [INFO] PluginManager:220 - loadIPPluginJar : add cryp
2023-12-21 00:47:19,878 [INFO] IPUIPlugin:80 - create IPUIPlugin
2023-12-21 00:47:19,878 [INFO] PluginManager:220 - loadIPPluginJar : add dfsdm
2023-12-21 00:47:19,882 [INFO] IPUIPlugin:80 - create IPUIPlugin
2023-12-21 00:47:19,882 [INFO] PluginManager:220 - loadIPPluginJar : add dma
2023-12-21 00:47:19,884 [INFO] IPUIPlugin:80 - create IPUIPlugin
2023-12-21 00:47:19,884 [INFO] PluginManager:220 - loadIPPluginJar : add dma3
2023-12-21 00:47:19,885 [INFO] IPUIPlugin:80 - create IPUIPlugin
2023-12-21 00:47:19,885 [INFO] PluginManager:220 - loadIPPluginJar : add fatfs
2023-12-21 00:47:19,888 [INFO] IPUIPlugin:80 - create IPUIPlugin
2023-12-21 00:47:19,888 [INFO] PluginManager:220 - loadIPPluginJar : add fmc
2023-12-21 00:47:19,891 [INFO] IPUIPlugin:80 - create IPUIPlugin
2023-12-21 00:47:19,891 [INFO] PluginManager:220 - loadIPPluginJar : add freertos
2023-12-21 00:47:19,892 [INFO] IPUIPlugin:80 - create IPUIPlugin
2023-12-21 00:47:19,892 [INFO] PluginManager:220 - loadIPPluginJar : add genericplugin
2023-12-21 00:47:19,893 [INFO] IPUIPlugin:80 - create IPUIPlugin
2023-12-21 00:47:19,893 [INFO] PluginManager:220 - loadIPPluginJar : add gfxmmu
2023-12-21 00:47:19,896 [INFO] IPUIPlugin:80 - create IPUIPlugin
2023-12-21 00:47:19,896 [INFO] PluginManager:220 - loadIPPluginJar : add gic
2023-12-21 00:47:19,899 [INFO] IPUIPlugin:80 - create IPUIPlugin
2023-12-21 00:47:19,899 [INFO] PluginManager:220 - loadIPPluginJar : add gpio
2023-12-21 00:47:19,901 [INFO] IPUIPlugin:80 - create IPUIPlugin
2023-12-21 00:47:19,901 [INFO] PluginManager:220 - loadIPPluginJar : add gtzc
2023-12-21 00:47:19,902 [INFO] IPUIPlugin:80 - create IPUIPlugin
2023-12-21 00:47:19,902 [INFO] PluginManager:220 - loadIPPluginJar : add hash
2023-12-21 00:47:19,904 [INFO] IPUIPlugin:80 - create IPUIPlugin
2023-12-21 00:47:19,904 [INFO] PluginManager:220 - loadIPPluginJar : add i2c
2023-12-21 00:47:19,905 [INFO] IPUIPlugin:80 - create IPUIPlugin
2023-12-21 00:47:19,905 [INFO] PluginManager:220 - loadIPPluginJar : add i2s
2023-12-21 00:47:19,907 [INFO] IPUIPlugin:80 - create IPUIPlugin
2023-12-21 00:47:19,907 [INFO] PluginManager:220 - loadIPPluginJar : add i3c
2023-12-21 00:47:19,909 [INFO] IPUIPlugin:80 - create IPUIPlugin
2023-12-21 00:47:19,909 [INFO] PluginManager:220 - loadIPPluginJar : add ipddr
2023-12-21 00:47:19,914 [INFO] IPUIPlugin:80 - create IPUIPlugin
2023-12-21 00:47:19,914 [INFO] PluginManager:220 - loadIPPluginJar : add linkedlist
2023-12-21 00:47:19,916 [INFO] IPUIPlugin:80 - create IPUIPlugin
2023-12-21 00:47:19,916 [INFO] PluginManager:220 - loadIPPluginJar : add lorawan
2023-12-21 00:47:19,917 [INFO] IPUIPlugin:80 - create IPUIPlugin
2023-12-21 00:47:19,917 [INFO] PluginManager:220 - loadIPPluginJar : add ltdc
2023-12-21 00:47:19,921 [INFO] IPUIPlugin:80 - create IPUIPlugin
2023-12-21 00:47:19,921 [INFO] PluginManager:220 - loadIPPluginJar : add mdma
2023-12-21 00:47:19,923 [INFO] IPUIPlugin:80 - create IPUIPlugin
2023-12-21 00:47:19,923 [INFO] PluginManager:220 - loadIPPluginJar : add nvic
2023-12-21 00:47:19,925 [INFO] IPUIPlugin:80 - create IPUIPlugin
2023-12-21 00:47:19,925 [INFO] PluginManager:220 - loadIPPluginJar : add opamp
2023-12-21 00:47:19,927 [INFO] IPUIPlugin:80 - create IPUIPlugin
2023-12-21 00:47:19,927 [INFO] PluginManager:220 - loadIPPluginJar : add openamp
2023-12-21 00:47:19,929 [INFO] IPUIPlugin:80 - create IPUIPlugin
2023-12-21 00:47:19,929 [INFO] PluginManager:220 - loadIPPluginJar : add pdm2pcm
2023-12-21 00:47:19,934 [INFO] IPUIPlugin:80 - create IPUIPlugin
2023-12-21 00:47:19,935 [INFO] PluginManager:220 - loadIPPluginJar : add plateformsettings
2023-12-21 00:47:19,937 [INFO] IPUIPlugin:80 - create IPUIPlugin
2023-12-21 00:47:19,937 [INFO] PluginManager:220 - loadIPPluginJar : add quadspi
2023-12-21 00:47:19,939 [INFO] IPUIPlugin:80 - create IPUIPlugin
2023-12-21 00:47:19,939 [INFO] PluginManager:220 - loadIPPluginJar : add resmgrutility
2023-12-21 00:47:19,941 [INFO] IPUIPlugin:80 - create IPUIPlugin
2023-12-21 00:47:19,941 [INFO] PluginManager:220 - loadIPPluginJar : add sai
2023-12-21 00:47:19,943 [INFO] IPUIPlugin:80 - create IPUIPlugin
2023-12-21 00:47:19,943 [INFO] PluginManager:220 - loadIPPluginJar : add spi
2023-12-21 00:47:19,946 [INFO] IPUIPlugin:80 - create IPUIPlugin
2023-12-21 00:47:19,946 [INFO] PluginManager:220 - loadIPPluginJar : add stm32_wpan
2023-12-21 00:47:19,948 [INFO] IPUIPlugin:80 - create IPUIPlugin
2023-12-21 00:47:19,948 [INFO] PluginManager:220 - loadIPPluginJar : add tim
2023-12-21 00:47:19,950 [INFO] IPUIPlugin:80 - create IPUIPlugin
2023-12-21 00:47:19,950 [INFO] PluginManager:220 - loadIPPluginJar : add touchsensing
2023-12-21 00:47:19,951 [INFO] IPUIPlugin:80 - create IPUIPlugin
2023-12-21 00:47:19,951 [INFO] PluginManager:220 - loadIPPluginJar : add tracer_emb
2023-12-21 00:47:19,953 [INFO] IPUIPlugin:80 - create IPUIPlugin
2023-12-21 00:47:19,953 [INFO] PluginManager:220 - loadIPPluginJar : add ts
2023-12-21 00:47:19,954 [INFO] IPUIPlugin:80 - create IPUIPlugin
2023-12-21 00:47:19,954 [INFO] PluginManager:220 - loadIPPluginJar : add tsc
2023-12-21 00:47:19,956 [INFO] IPUIPlugin:80 - create IPUIPlugin
2023-12-21 00:47:19,956 [INFO] PluginManager:220 - loadIPPluginJar : add ucpd
2023-12-21 00:47:19,959 [INFO] IPUIPlugin:80 - create IPUIPlugin
2023-12-21 00:47:19,959 [INFO] PluginManager:220 - loadIPPluginJar : add usart
2023-12-21 00:47:19,961 [INFO] IPUIPlugin:80 - create IPUIPlugin
2023-12-21 00:47:19,961 [INFO] PluginManager:220 - loadIPPluginJar : add usbx
2023-12-21 00:47:20,093 [INFO] CADModel:165 - CPN selected for project level
2023-12-21 00:47:20,093 [INFO] CADModel:114 - Register for checkConnection events
2023-12-21 00:47:20,093 [FATAL] Updater:308 - Updater called before beeing initialized
2023-12-21 00:47:20,093 [ERROR] CADModel:125 - Updater not yet initialized, retry later 
2023-12-21 00:47:20,183 [INFO] CADModel:165 - CPN selected for project level
2023-12-21 00:47:20,183 [INFO] CADModel:114 - Register for checkConnection events
2023-12-21 00:47:20,183 [FATAL] Updater:308 - Updater called before beeing initialized
2023-12-21 00:47:20,183 [ERROR] CADModel:125 - Updater not yet initialized, retry later 
2023-12-21 00:47:20,186 [FATAL] Updater:308 - Updater called before beeing initialized
2023-12-21 00:47:20,281 [FATAL] Updater:308 - Updater called before beeing initialized
2023-12-21 00:47:20,284 [INFO] DbMcusAds:53 - JSON generation date=Wed Nov 29 11:52:27 CET 2023 (1701255147349)
2023-12-21 00:47:20,284 [FATAL] Updater:308 - Updater called before beeing initialized
2023-12-21 00:47:20,316 [WARN] DetailPanel:346 - Failed to get advertising image, set to default
2023-12-21 00:47:20,432 [FATAL] Updater:308 - Updater called before beeing initialized
2023-12-21 00:47:20,433 [FATAL] Updater:308 - Updater called before beeing initialized
2023-12-21 00:47:20,433 [FATAL] Updater:308 - Updater called before beeing initialized
2023-12-21 00:47:20,433 [WARN] DetailPanel:346 - Failed to get advertising image, set to default
2023-12-21 00:47:20,433 [FATAL] Updater:308 - Updater called before beeing initialized
2023-12-21 00:47:20,480 [ERROR] Updater:1120 - MainUpdater not yet initialized. External WinMGr cannot be set.
2023-12-21 00:47:20,482 [INFO] Updater:1056 - Updater Version found : 6.10.0
2023-12-21 00:47:20,493 [INFO] ApplicationProperties:184 - Using Application install path: I:\programy\ST\STM32CubeIDE_1.14.0\STM32CubeIDE\plugins\com.st.stm32cube.common.mx_6.10.0.202311202037
2023-12-21 00:47:20,978 [INFO] MainUpdater:2873 - connection check result : 10
2023-12-21 00:47:20,978 [INFO] MainUpdater:290 - Updater Check For Update Now.
2023-12-21 00:47:20,978 [INFO] MicroXplorer:498 - Change Database Version : DB.6.0.100
2023-12-21 00:47:20,982 [INFO] McuFinderGlobals:63 - Set McuFinder mode to 2 (CubeIDE integrated)
2023-12-21 00:47:21,152 [INFO] CheckServerUpdateThread:120 - End of CheckServer Thread
2023-12-21 00:47:21,350 [INFO] UserAuth:404 - Internet connection configuration mode: 1
2023-12-21 00:47:21,365 [INFO] JxBrowserEngine:152 - Initiate JxBrowser Engine with user profile folder
2023-12-21 00:47:22,516 [WARN] PackLoader:240 - Cannot read IP mode file for STMicroelectronics.X-CUBE-SMBUS.2.1.0
2023-12-21 00:47:22,528 [WARN] PackLoader:240 - Cannot read IP mode file for STMicroelectronics.X-CUBE-TOUCHGFX.4.23.0
2023-12-21 00:47:22,570 [WARN] PackLoader:240 - Cannot read IP mode file for STMicroelectronics.X-CUBE-AZRTOS-F7.1.1.0
2023-12-21 00:47:22,590 [WARN] PackLoader:240 - Cannot read IP mode file for STMicroelectronics.FP-SNS-MOTENV1.4.3.2
2023-12-21 00:47:22,601 [WARN] PackLoader:240 - Cannot read IP mode file for STMicroelectronics.FP-SNS-FLIGHT1.5.0.2
2023-12-21 00:47:22,624 [WARN] PackLoader:240 - Cannot read IP mode file for STMicroelectronics.X-CUBE-DISPLAY.3.0.0
2023-12-21 00:47:22,639 [WARN] PackLoader:240 - Cannot read IP mode file for STMicroelectronics.X-CUBE-BLE1.7.0.0
2023-12-21 00:47:22,657 [WARN] PackLoader:240 - Cannot read IP mode file for emotas.I-CUBE-CANOPEN.1.3.0
2023-12-21 00:47:22,674 [WARN] PackLoader:240 - Cannot read IP mode file for STMicroelectronics.FP-SNS-SMARTAG2.1.2.0
2023-12-21 00:47:22,691 [INFO] LogOutputStream:77 - [STDOUT_REDIRECT] 1 : Invalid condition id : UX_CORESTACK_Condition cause : null
2023-12-21 00:47:22,691 [INFO] LogOutputStream:77 - [STDOUT_REDIRECT] 1 : Invalid condition id : UX_CORESTACK_Condition cause : null
2023-12-21 00:47:22,693 [INFO] LogOutputStream:77 - [STDOUT_REDIRECT] 1 : Invalid condition id : UX_CORESTACK_Condition cause : null
2023-12-21 00:47:22,694 [INFO] LogOutputStream:77 - [STDOUT_REDIRECT] 1 : Invalid condition id : UX_CORESTACK_Condition cause : null
2023-12-21 00:47:22,695 [INFO] LogOutputStream:77 - [STDOUT_REDIRECT] 1 : Invalid condition id : UX_CORESTACK_Condition cause : null
2023-12-21 00:47:22,698 [WARN] PackLoader:240 - Cannot read IP mode file for STMicroelectronics.X-CUBE-AZRTOS-WL.2.0.0
2023-12-21 00:47:22,719 [WARN] PackLoader:240 - Cannot read IP mode file for WES.I-CUBE-Cesium.1.3.0
2023-12-21 00:47:22,731 [WARN] PackLoader:240 - Cannot read IP mode file for STMicroelectronics.X-CUBE-BLE2.3.3.0
2023-12-21 00:47:22,745 [WARN] PackLoader:240 - Cannot read IP mode file for STMicroelectronics.X-CUBE-ALGOBUILD.1.3.0
2023-12-21 00:47:22,786 [WARN] PackLoader:240 - Cannot read IP mode file for STMicroelectronics.X-CUBE-AZRTOS-G0.1.1.0
2023-12-21 00:47:22,818 [WARN] PackLoader:240 - Cannot read IP mode file for STMicroelectronics.X-CUBE-NFC4.3.0.0
2023-12-21 00:47:22,876 [WARN] PackLoader:240 - Cannot read IP mode file for STMicroelectronics.X-CUBE-BLEMGR.3.0.0
2023-12-21 00:47:22,887 [WARN] PackLoader:240 - Cannot read IP mode file for STMicroelectronics.FP-ATR-SIGFOX1.3.2.0
2023-12-21 00:47:22,933 [WARN] PackLoader:240 - Cannot read IP mode file for SEGGER.I-CUBE-embOS.1.3.1
2023-12-21 00:47:22,996 [WARN] PackLoader:240 - Cannot read IP mode file for STMicroelectronics.X-CUBE-GNSS1.6.0.0
2023-12-21 00:47:23,025 [WARN] PackLoader:240 - Cannot read IP mode file for STMicroelectronics.X-CUBE-AZRTOS-F4.1.1.0
2023-12-21 00:47:23,044 [WARN] PackLoader:240 - Cannot read IP mode file for wolfSSL.I-CUBE-wolfSSL.5.6.4
2023-12-21 00:47:23,069 [WARN] PackLoader:240 - Cannot read IP mode file for STMicroelectronics.X-CUBE-AZRTOS-L5.2.0.0
2023-12-21 00:47:23,107 [WARN] PackLoader:240 - Cannot read IP mode file for STMicroelectronics.X-CUBE-EEPRMA1.4.2.0
2023-12-21 00:47:23,123 [WARN] PackLoader:240 - Cannot read IP mode file for ITTIA_DB.I-CUBE-ITTIADB.8.8.0
2023-12-21 00:47:23,155 [WARN] PackLoader:240 - Cannot read IP mode file for STMicroelectronics.X-CUBE-NFC7.1.0.1
2023-12-21 00:47:23,178 [WARN] PackLoader:240 - Cannot read IP mode file for STMicroelectronics.X-CUBE-NFC6.3.0.0
2023-12-21 00:47:23,217 [WARN] PackLoader:240 - Cannot read IP mode file for STMicroelectronics.X-CUBE-AI.8.1.0
2023-12-21 00:47:23,239 [WARN] ConditionMgr:438 - getConditionDescription Invalid condition id : LAN8742 Phy interface Condition cause : null
2023-12-21 00:47:23,239 [WARN] PackLoader:240 - Cannot read IP mode file for STMicroelectronics.X-CUBE-AZRTOS-L4.2.0.0
2023-12-21 00:47:23,240 [WARN] ConditionMgr:1039 - genDependencies : Invalid condition id : LAN8742 Phy interface Condition cause : null
2023-12-21 00:47:23,241 [WARN] ConditionMgr:1039 - genDependencies : Invalid condition id : LAN8742 Phy interface Condition cause : null
2023-12-21 00:47:23,241 [WARN] ConditionMgr:1039 - genDependencies : Invalid condition id : LAN8742 Phy interface Condition cause : null
2023-12-21 00:47:23,272 [WARN] PackLoader:240 - Cannot read IP mode file for STMicroelectronics.X-CUBE-SFXS2LP1.4.0.0
2023-12-21 00:47:23,311 [INFO] WebApp:161 - Instantiating new browser for Auth
2023-12-21 00:47:23,398 [WARN] ConditionMgr:438 - getConditionDescription Invalid condition id : UX DEVICE CLASS RTOS Condition cause : null
2023-12-21 00:47:23,398 [WARN] ConditionMgr:438 - getConditionDescription Invalid condition id : UX DEVICE CLASS RTOS Condition cause : null
2023-12-21 00:47:23,400 [WARN] PackLoader:240 - Cannot read IP mode file for STMicroelectronics.X-CUBE-AZRTOS-WB.2.0.0
2023-12-21 00:47:23,400 [WARN] ConditionMgr:1039 - genDependencies : Invalid condition id : UX DEVICE CLASS RTOS Condition cause : null
2023-12-21 00:47:23,400 [WARN] ConditionMgr:1039 - genDependencies : Invalid condition id : UX DEVICE CLASS RTOS Condition cause : null
2023-12-21 00:47:23,400 [WARN] ConditionMgr:1039 - genDependencies : Invalid condition id : UX DEVICE CLASS RTOS Condition cause : null
2023-12-21 00:47:23,400 [WARN] ConditionMgr:1039 - genDependencies : Invalid condition id : UX DEVICE CLASS RTOS Condition cause : null
2023-12-21 00:47:23,400 [WARN] ConditionMgr:1039 - genDependencies : Invalid condition id : UX DEVICE CLASS RTOS Condition cause : null
2023-12-21 00:47:23,405 [WARN] ConditionMgr:438 - getConditionDescription Invalid condition id : UX DEVICE CLASS RTOS Condition cause : null
2023-12-21 00:47:23,405 [WARN] ConditionMgr:438 - getConditionDescription Invalid condition id : UX DEVICE CLASS RTOS Condition cause : null
2023-12-21 00:47:23,751 [WARN] PackLoader:240 - Cannot read IP mode file for STMicroelectronics.X-CUBE-SUBG2.5.0.0
2023-12-21 00:47:23,777 [WARN] PackLoader:240 - Cannot read IP mode file for STMicroelectronics.X-CUBE-AZRTOS-G4.2.0.0
2023-12-21 00:47:23,796 [WARN] PackLoader:240 - Cannot read IP mode file for Infineon.AIROC-Wi-Fi-Bluetooth-STM32.1.5.1
2023-12-21 00:47:23,809 [WARN] PackLoader:240 - Cannot read IP mode file for STMicroelectronics.FP-SNS-MOTENVWB1.1.3.1
2023-12-21 00:47:23,849 [WARN] PackLoader:240 - Cannot read IP mode file for STMicroelectronics.X-CUBE-ISPU.2.0.0
2023-12-21 00:47:23,925 [WARN] PackLoader:240 - Cannot read IP mode file for STMicroelectronics.X-CUBE-MEMS1.10.0.0
2023-12-21 00:47:24,050 [WARN] PackLoader:240 - Cannot read IP mode file for STMicroelectronics.X-CUBE-FREERTOS.1.1.0
2023-12-21 00:47:24,086 [WARN] PackLoader:240 - Cannot read IP mode file for portGmbH.I-Cube-SoM-uGOAL.1.1.0
2023-12-21 00:47:24,095 [WARN] PackLoader:240 - Cannot read IP mode file for STMicroelectronics.X-CUBE-ALS.1.0.1
2023-12-21 00:47:24,126 [WARN] PackLoader:240 - Cannot read IP mode file for STMicroelectronics.FP-ATR-ASTRA1.2.0.0
2023-12-21 00:47:24,142 [WARN] PackLoader:240 - Cannot read IP mode file for STMicroelectronics.X-CUBE-TOF1.3.4.0
2023-12-21 00:47:24,167 [INFO] WebApp:780 - Register for checkConnection events
2023-12-21 00:47:24,167 [INFO] WebApp:414 - Apply proxy settings
2023-12-21 00:47:24,168 [INFO] WebApp:499 - Chromium requires no authentication
2023-12-21 00:47:24,176 [INFO] WebApp:442 - Direct internet connection detected
2023-12-21 00:47:24,177 [WARN] PackLoader:240 - Cannot read IP mode file for STMicroelectronics.X-CUBE-AZRTOS-H7.3.2.0
2023-12-21 00:47:24,179 [INFO] ThirdParty:978 - Integrity check success = true
2023-12-21 00:47:24,179 [INFO] IntegrityCheckThread:100 - exiting critical section [integrity check]
2023-12-21 00:47:24,179 [INFO] IntegrityCheckThread:103 - End integrity checks thread
2023-12-21 22:27:35,958 [INFO] Activator:176 - 


2023-12-21 22:27:35,960 [INFO] Activator:177 - !SESSION log4j initialized
2023-12-21 22:27:38,531 [INFO] LogOutputStream:77 - [STDOUT_REDIRECT] 
2023-12-21 22:27:40,046 [INFO] ApplicationProperties:184 - Using Application install path: I:\programy\ST\STM32CubeIDE_1.14.0\STM32CubeIDE\plugins\com.st.stm32cube.common.mx_6.10.0.202311202037
2023-12-21 22:27:40,061 [INFO] DbMcusXml:78 - Set database path to: I:\programy\ST\STM32CubeIDE_1.14.0\STM32CubeIDE\plugins\com.st.stm32cube.common.mx_6.10.0.202311202037\\db\/mcu/
2023-12-21 22:27:40,061 [INFO] ApiDb:274 - Set plugin database path to: I:\programy\ST\STM32CubeIDE_1.14.0\STM32CubeIDE\plugins\com.st.stm32cube.common.mx_6.10.0.202311202037\\db\/plugins/boardmanager/
2023-12-21 22:27:40,061 [WARN] ApiDb:259 - Overriding images path with different value:  => I:\programy\ST\STM32CubeIDE_1.14.0\STM32CubeIDE\plugins\com.st.stm32cube.common.mx_6.10.0.202311202037\\db\/plugins/mcufinder/images/
2023-12-21 22:27:40,072 [INFO] ApiDb:250 - Set database path to: C:\Users\user\.stmcufinder\plugins\mcufinder//mcu/
2023-12-21 22:27:40,073 [INFO] DbMcusAds:125 - Set database path to: C:\Users\user\.stmcufinder\plugins\mcufinder//mcu/
2023-12-21 22:27:40,075 [INFO] CrossReferenceDbSqlite:203 - Set database path to: C:\Users\user\.stmcufinder\plugins\mcufinder//mcu/cs/
2023-12-21 22:27:40,162 [INFO] RulesReader:64 - Compatibility file has been processed (297 Rules)
2023-12-21 22:27:40,236 [INFO] DbMcusXml:78 - Set database path to: I:\programy\ST\STM32CubeIDE_1.14.0\STM32CubeIDE\plugins\com.st.stm32cube.common.mx_6.10.0.202311202037\\db\/mcu/
2023-12-21 22:27:40,236 [INFO] ApiDb:274 - Set plugin database path to: I:\programy\ST\STM32CubeIDE_1.14.0\STM32CubeIDE\plugins\com.st.stm32cube.common.mx_6.10.0.202311202037\\db\/plugins/boardmanager/
2023-12-21 22:27:40,236 [INFO] ApiDb:261 - Set plugin images path to: I:\programy\ST\STM32CubeIDE_1.14.0\STM32CubeIDE\plugins\com.st.stm32cube.common.mx_6.10.0.202311202037\\db\/plugins/mcufinder/images/
2023-12-21 22:27:40,236 [WARN] DbFile:41 - Overriding database path with different value: C:\Users\user\.stmcufinder\plugins\mcufinder/ => C:\Users\user\.stmcufinder\plugins\mcufinder
2023-12-21 22:27:40,236 [INFO] ApiDb:250 - Set database path to: C:\Users\user\.stmcufinder\plugins\mcufinder//mcu/
2023-12-21 22:27:40,236 [WARN] DbFile:41 - Overriding database path with different value: C:\Users\user\.stmcufinder\plugins\mcufinder/ => C:\Users\user\.stmcufinder\plugins\mcufinder
2023-12-21 22:27:40,236 [INFO] DbMcusAds:125 - Set database path to: C:\Users\user\.stmcufinder\plugins\mcufinder//mcu/
2023-12-21 22:27:40,236 [WARN] DbFile:41 - Overriding database path with different value: C:\Users\user\.stmcufinder\plugins\mcufinder/ => C:\Users\user\.stmcufinder\plugins\mcufinder
2023-12-21 22:27:40,236 [WARN] DbFile:41 - Overriding database path with different value: C:\Users\user\.stmcufinder\plugins\mcufinder/ => C:\Users\user\.stmcufinder\plugins\mcufinder
2023-12-21 22:27:40,236 [INFO] CrossReferenceDbSqlite:203 - Set database path to: C:\Users\user\.stmcufinder\plugins\mcufinder//mcu/cs/
2023-12-21 22:27:40,307 [INFO] MainPanel:264 - HeapMemory: 268435456
2023-12-21 22:27:40,383 [INFO] DbMcusXml:78 - Set database path to: I:\programy\ST\STM32CubeIDE_1.14.0\STM32CubeIDE\plugins\com.st.stm32cube.common.mx_6.10.0.202311202037\\db\/mcu/
2023-12-21 22:27:40,383 [INFO] ApiDb:274 - Set plugin database path to: I:\programy\ST\STM32CubeIDE_1.14.0\STM32CubeIDE\plugins\com.st.stm32cube.common.mx_6.10.0.202311202037\\db\/plugins/boardmanager/
2023-12-21 22:27:40,383 [INFO] ApiDb:261 - Set plugin images path to: I:\programy\ST\STM32CubeIDE_1.14.0\STM32CubeIDE\plugins\com.st.stm32cube.common.mx_6.10.0.202311202037\\db\/plugins/mcufinder/images/
2023-12-21 22:27:40,384 [WARN] DbFile:41 - Overriding database path with different value: C:\Users\user\.stmcufinder\plugins\mcufinder/ => C:\Users\user\.stmcufinder\plugins\mcufinder
2023-12-21 22:27:40,384 [INFO] ApiDb:250 - Set database path to: C:\Users\user\.stmcufinder\plugins\mcufinder//mcu/
2023-12-21 22:27:40,384 [WARN] DbFile:41 - Overriding database path with different value: C:\Users\user\.stmcufinder\plugins\mcufinder/ => C:\Users\user\.stmcufinder\plugins\mcufinder
2023-12-21 22:27:40,384 [INFO] DbMcusAds:125 - Set database path to: C:\Users\user\.stmcufinder\plugins\mcufinder//mcu/
2023-12-21 22:27:40,384 [WARN] DbFile:41 - Overriding database path with different value: C:\Users\user\.stmcufinder\plugins\mcufinder/ => C:\Users\user\.stmcufinder\plugins\mcufinder
2023-12-21 22:27:40,384 [WARN] DbFile:41 - Overriding database path with different value: C:\Users\user\.stmcufinder\plugins\mcufinder/ => C:\Users\user\.stmcufinder\plugins\mcufinder
2023-12-21 22:27:40,384 [INFO] CrossReferenceDbSqlite:203 - Set database path to: C:\Users\user\.stmcufinder\plugins\mcufinder//mcu/cs/
2023-12-21 22:27:40,397 [INFO] ApplicationProperties:184 - Using Application install path: I:\programy\ST\STM32CubeIDE_1.14.0\STM32CubeIDE\plugins\com.st.stm32cube.common.mx_6.10.0.202311202037
2023-12-21 22:27:40,398 [INFO] PluginManage:196 - Search for loadable plugins [exclusion list=, ]
2023-12-21 22:27:40,399 [INFO] PluginManage:310 - Check plugin analytics
2023-12-21 22:27:40,537 [INFO] AnalyticsPlugin:253 - Accepted Software Licenses: 
2023-12-21 22:27:40,538 [INFO] AnalyticsPlugin:255 - Accepted CMSIS Pack Licenses: STMicroelectronics.X-CUBE-AZRTOS-WB.2.0.0
2023-12-21 22:27:40,538 [INFO] AnalyticsPlugin:257 - Accepted Firmware Licenses: FW.G4.1.5.0,FW.F7.1.17.0,FW.WBA.1.0.0,FW.WB.1.16.0
2023-12-21 22:27:40,539 [INFO] PluginManage:359 - Loaded plugin analytics (category:tool,tabindex:-1)
2023-12-21 22:27:40,539 [INFO] PluginManage:310 - Check plugin cadmodel
2023-12-21 22:27:40,544 [INFO] CADModel:105 - Init CAD model plugin
2023-12-21 22:27:40,544 [INFO] PluginManage:359 - Loaded plugin cadmodel (category:power,tabindex:5)
2023-12-21 22:27:40,545 [INFO] PluginManage:310 - Check plugin clock
2023-12-21 22:27:40,555 [INFO] PluginManage:359 - Loaded plugin clock (category:base,tabindex:2)
2023-12-21 22:27:40,555 [INFO] PluginManage:310 - Check plugin ddr
2023-12-21 22:27:40,557 [INFO] PluginManage:359 - Loaded plugin ddr (category:tool,tabindex:6)
2023-12-21 22:27:40,558 [INFO] PluginManage:310 - Check plugin filemanager
2023-12-21 22:27:40,675 [INFO] PluginManage:359 - Loaded plugin filemanager (category:base,tabindex:10)
2023-12-21 22:27:40,675 [INFO] PluginManage:310 - Check plugin ipmanager
2023-12-21 22:27:40,681 [INFO] PluginManage:359 - Loaded plugin ipmanager (category:base,tabindex:5)
2023-12-21 22:27:40,681 [INFO] PluginManage:310 - Check plugin lpbam
2023-12-21 22:27:40,688 [INFO] PluginManage:359 - Loaded plugin lpbam (category:base,tabindex:0)
2023-12-21 22:27:40,688 [INFO] PluginManage:310 - Check plugin memorymap
2023-12-21 22:27:40,701 [INFO] PluginManage:359 - Loaded plugin memorymap (category:base,tabindex:4)
2023-12-21 22:27:40,701 [INFO] PluginManage:310 - Check plugin pinoutandconfiguration
2023-12-21 22:27:40,708 [INFO] PluginManage:359 - Loaded plugin pinoutandconfiguration (category:base,tabindex:1)
2023-12-21 22:27:40,708 [INFO] PluginManage:310 - Check plugin pinoutconfig
2023-12-21 22:27:40,781 [WARN] SupportedApi:132 - Cannot load RTOS API schema: s4s-elt-must-match.1: The content of 'definitions' must match (annotation?, (simpleType | complexType)?, (unique | key | keyref)*)). A problem was found starting at: attribute.
2023-12-21 22:27:40,892 [INFO] PluginManage:359 - Loaded plugin pinoutconfig (category:base,tabindex:0)
2023-12-21 22:27:40,892 [INFO] PluginManage:310 - Check plugin power
2023-12-21 22:27:40,901 [INFO] PluginManage:359 - Loaded plugin power (category:power,tabindex:4)
2023-12-21 22:27:40,901 [INFO] PluginManage:310 - Check plugin projectmanager
2023-12-21 22:27:40,913 [INFO] PluginManage:359 - Loaded plugin projectmanager (category:projectmanager,tabindex:3)
2023-12-21 22:27:40,914 [INFO] PluginManage:310 - Check plugin thirdparty
2023-12-21 22:27:41,009 [INFO] PluginManage:359 - Loaded plugin thirdparty (category:base,tabindex:-1)
2023-12-21 22:27:41,009 [WARN] IntegrityCheckThread:84 - waiting for thirdparty lock release [integrity check]
2023-12-21 22:27:41,009 [INFO] PluginManage:310 - Check plugin tools
2023-12-21 22:27:41,009 [INFO] IntegrityCheckThread:86 - entering critical section [integrity check]
2023-12-21 22:27:41,009 [INFO] ThirdPartyUpdaterWithRetryManager:70 - Updater plugin not ready yet. [1/15]
2023-12-21 22:27:41,011 [INFO] PluginManage:359 - Loaded plugin tools (category:base,tabindex:7)
2023-12-21 22:27:41,011 [INFO] PluginManage:310 - Check plugin tutovideos
2023-12-21 22:27:41,184 [INFO] PluginManage:359 - Loaded plugin tutovideos (category:base,tabindex:-1)
2023-12-21 22:27:41,184 [INFO] PluginManage:310 - Check plugin updater
2023-12-21 22:27:41,193 [INFO] PluginManage:359 - Loaded plugin updater (category:base,tabindex:12)
2023-12-21 22:27:41,193 [INFO] PluginManage:310 - Check plugin userauth
2023-12-21 22:27:41,198 [INFO] UserAuth:114 - Init User Auth plugin
2023-12-21 22:27:41,198 [INFO] PluginManage:359 - Loaded plugin userauth (category:base,tabindex:14)
2023-12-21 22:27:41,198 [INFO] PluginManage:283 - PluginManage : Loaded plugins [17]
2023-12-21 22:27:41,394 [INFO] PinOutPanel:1499 - setPackage(No Configuration,No Configuration)
2023-12-21 22:27:41,458 [INFO] CADModel:165 - CPN selected for project level
2023-12-21 22:27:41,458 [INFO] CADModel:114 - Register for checkConnection events
2023-12-21 22:27:41,474 [INFO] IPUIPlugin:80 - create IPUIPlugin
2023-12-21 22:27:41,474 [INFO] PluginManager:220 - loadIPPluginJar : add adc
2023-12-21 22:27:41,476 [INFO] IPUIPlugin:80 - create IPUIPlugin
2023-12-21 22:27:41,477 [INFO] PluginManager:220 - loadIPPluginJar : add aes
2023-12-21 22:27:41,479 [INFO] IPUIPlugin:80 - create IPUIPlugin
2023-12-21 22:27:41,479 [INFO] PluginManager:220 - loadIPPluginJar : add can
2023-12-21 22:27:41,481 [INFO] IPUIPlugin:80 - create IPUIPlugin
2023-12-21 22:27:41,481 [INFO] PluginManager:220 - loadIPPluginJar : add comp
2023-12-21 22:27:41,483 [INFO] IPUIPlugin:80 - create IPUIPlugin
2023-12-21 22:27:41,483 [INFO] PluginManager:220 - loadIPPluginJar : add cryp
2023-12-21 22:27:41,485 [INFO] IPUIPlugin:80 - create IPUIPlugin
2023-12-21 22:27:41,485 [INFO] PluginManager:220 - loadIPPluginJar : add dfsdm
2023-12-21 22:27:41,490 [INFO] IPUIPlugin:80 - create IPUIPlugin
2023-12-21 22:27:41,491 [INFO] PluginManager:220 - loadIPPluginJar : add dma
2023-12-21 22:27:41,493 [INFO] IPUIPlugin:80 - create IPUIPlugin
2023-12-21 22:27:41,493 [INFO] PluginManager:220 - loadIPPluginJar : add dma3
2023-12-21 22:27:41,495 [INFO] IPUIPlugin:80 - create IPUIPlugin
2023-12-21 22:27:41,495 [INFO] PluginManager:220 - loadIPPluginJar : add fatfs
2023-12-21 22:27:41,499 [INFO] IPUIPlugin:80 - create IPUIPlugin
2023-12-21 22:27:41,499 [INFO] PluginManager:220 - loadIPPluginJar : add fmc
2023-12-21 22:27:41,504 [INFO] IPUIPlugin:80 - create IPUIPlugin
2023-12-21 22:27:41,504 [INFO] PluginManager:220 - loadIPPluginJar : add freertos
2023-12-21 22:27:41,506 [INFO] IPUIPlugin:80 - create IPUIPlugin
2023-12-21 22:27:41,506 [INFO] PluginManager:220 - loadIPPluginJar : add genericplugin
2023-12-21 22:27:41,508 [INFO] IPUIPlugin:80 - create IPUIPlugin
2023-12-21 22:27:41,508 [INFO] PluginManager:220 - loadIPPluginJar : add gfxmmu
2023-12-21 22:27:41,512 [INFO] IPUIPlugin:80 - create IPUIPlugin
2023-12-21 22:27:41,513 [INFO] PluginManager:220 - loadIPPluginJar : add gic
2023-12-21 22:27:41,516 [INFO] IPUIPlugin:80 - create IPUIPlugin
2023-12-21 22:27:41,516 [INFO] PluginManager:220 - loadIPPluginJar : add gpio
2023-12-21 22:27:41,519 [INFO] IPUIPlugin:80 - create IPUIPlugin
2023-12-21 22:27:41,519 [INFO] PluginManager:220 - loadIPPluginJar : add gtzc
2023-12-21 22:27:41,521 [INFO] IPUIPlugin:80 - create IPUIPlugin
2023-12-21 22:27:41,521 [INFO] PluginManager:220 - loadIPPluginJar : add hash
2023-12-21 22:27:41,523 [INFO] IPUIPlugin:80 - create IPUIPlugin
2023-12-21 22:27:41,523 [INFO] PluginManager:220 - loadIPPluginJar : add i2c
2023-12-21 22:27:41,526 [INFO] IPUIPlugin:80 - create IPUIPlugin
2023-12-21 22:27:41,526 [INFO] PluginManager:220 - loadIPPluginJar : add i2s
2023-12-21 22:27:41,528 [INFO] IPUIPlugin:80 - create IPUIPlugin
2023-12-21 22:27:41,528 [INFO] PluginManager:220 - loadIPPluginJar : add i3c
2023-12-21 22:27:41,531 [INFO] IPUIPlugin:80 - create IPUIPlugin
2023-12-21 22:27:41,531 [INFO] PluginManager:220 - loadIPPluginJar : add ipddr
2023-12-21 22:27:41,536 [INFO] IPUIPlugin:80 - create IPUIPlugin
2023-12-21 22:27:41,537 [INFO] PluginManager:220 - loadIPPluginJar : add linkedlist
2023-12-21 22:27:41,539 [INFO] IPUIPlugin:80 - create IPUIPlugin
2023-12-21 22:27:41,539 [INFO] PluginManager:220 - loadIPPluginJar : add lorawan
2023-12-21 22:27:41,541 [INFO] IPUIPlugin:80 - create IPUIPlugin
2023-12-21 22:27:41,541 [INFO] PluginManager:220 - loadIPPluginJar : add ltdc
2023-12-21 22:27:41,546 [INFO] IPUIPlugin:80 - create IPUIPlugin
2023-12-21 22:27:41,546 [INFO] PluginManager:220 - loadIPPluginJar : add mdma
2023-12-21 22:27:41,549 [INFO] IPUIPlugin:80 - create IPUIPlugin
2023-12-21 22:27:41,550 [INFO] PluginManager:220 - loadIPPluginJar : add nvic
2023-12-21 22:27:41,552 [INFO] IPUIPlugin:80 - create IPUIPlugin
2023-12-21 22:27:41,552 [INFO] PluginManager:220 - loadIPPluginJar : add opamp
2023-12-21 22:27:41,555 [INFO] IPUIPlugin:80 - create IPUIPlugin
2023-12-21 22:27:41,555 [INFO] PluginManager:220 - loadIPPluginJar : add openamp
2023-12-21 22:27:41,558 [INFO] IPUIPlugin:80 - create IPUIPlugin
2023-12-21 22:27:41,558 [INFO] PluginManager:220 - loadIPPluginJar : add pdm2pcm
2023-12-21 22:27:41,563 [INFO] IPUIPlugin:80 - create IPUIPlugin
2023-12-21 22:27:41,565 [INFO] PluginManager:220 - loadIPPluginJar : add plateformsettings
2023-12-21 22:27:41,567 [INFO] IPUIPlugin:80 - create IPUIPlugin
2023-12-21 22:27:41,567 [INFO] PluginManager:220 - loadIPPluginJar : add quadspi
2023-12-21 22:27:41,570 [INFO] IPUIPlugin:80 - create IPUIPlugin
2023-12-21 22:27:41,570 [INFO] PluginManager:220 - loadIPPluginJar : add resmgrutility
2023-12-21 22:27:41,573 [INFO] IPUIPlugin:80 - create IPUIPlugin
2023-12-21 22:27:41,573 [INFO] PluginManager:220 - loadIPPluginJar : add sai
2023-12-21 22:27:41,575 [INFO] IPUIPlugin:80 - create IPUIPlugin
2023-12-21 22:27:41,575 [INFO] PluginManager:220 - loadIPPluginJar : add spi
2023-12-21 22:27:41,583 [INFO] IPUIPlugin:80 - create IPUIPlugin
2023-12-21 22:27:41,583 [INFO] PluginManager:220 - loadIPPluginJar : add stm32_wpan
2023-12-21 22:27:41,585 [INFO] IPUIPlugin:80 - create IPUIPlugin
2023-12-21 22:27:41,585 [INFO] PluginManager:220 - loadIPPluginJar : add tim
2023-12-21 22:27:41,588 [INFO] IPUIPlugin:80 - create IPUIPlugin
2023-12-21 22:27:41,588 [INFO] PluginManager:220 - loadIPPluginJar : add touchsensing
2023-12-21 22:27:41,590 [INFO] IPUIPlugin:80 - create IPUIPlugin
2023-12-21 22:27:41,590 [INFO] PluginManager:220 - loadIPPluginJar : add tracer_emb
2023-12-21 22:27:41,592 [INFO] IPUIPlugin:80 - create IPUIPlugin
2023-12-21 22:27:41,592 [INFO] PluginManager:220 - loadIPPluginJar : add ts
2023-12-21 22:27:41,593 [INFO] IPUIPlugin:80 - create IPUIPlugin
2023-12-21 22:27:41,593 [INFO] PluginManager:220 - loadIPPluginJar : add tsc
2023-12-21 22:27:41,595 [INFO] IPUIPlugin:80 - create IPUIPlugin
2023-12-21 22:27:41,595 [INFO] PluginManager:220 - loadIPPluginJar : add ucpd
2023-12-21 22:27:41,597 [INFO] IPUIPlugin:80 - create IPUIPlugin
2023-12-21 22:27:41,597 [INFO] PluginManager:220 - loadIPPluginJar : add usart
2023-12-21 22:27:41,599 [INFO] IPUIPlugin:80 - create IPUIPlugin
2023-12-21 22:27:41,600 [INFO] PluginManager:220 - loadIPPluginJar : add usbx
2023-12-21 22:27:41,724 [INFO] CADModel:165 - CPN selected for project level
2023-12-21 22:27:41,724 [INFO] CADModel:114 - Register for checkConnection events
2023-12-21 22:27:41,724 [FATAL] Updater:308 - Updater called before beeing initialized
2023-12-21 22:27:41,724 [ERROR] CADModel:125 - Updater not yet initialized, retry later 
2023-12-21 22:27:41,831 [INFO] CADModel:165 - CPN selected for project level
2023-12-21 22:27:41,831 [INFO] CADModel:114 - Register for checkConnection events
2023-12-21 22:27:41,831 [FATAL] Updater:308 - Updater called before beeing initialized
2023-12-21 22:27:41,831 [ERROR] CADModel:125 - Updater not yet initialized, retry later 
2023-12-21 22:27:41,833 [FATAL] Updater:308 - Updater called before beeing initialized
2023-12-21 22:27:41,916 [FATAL] Updater:308 - Updater called before beeing initialized
2023-12-21 22:27:41,924 [INFO] DbMcusAds:53 - JSON generation date=Wed Nov 29 11:52:27 CET 2023 (1701255147349)
2023-12-21 22:27:41,924 [FATAL] Updater:308 - Updater called before beeing initialized
2023-12-21 22:27:41,959 [WARN] DetailPanel:346 - Failed to get advertising image, set to default
2023-12-21 22:27:42,030 [FATAL] Updater:308 - Updater called before beeing initialized
2023-12-21 22:27:42,031 [FATAL] Updater:308 - Updater called before beeing initialized
2023-12-21 22:27:42,031 [FATAL] Updater:308 - Updater called before beeing initialized
2023-12-21 22:27:42,031 [WARN] DetailPanel:346 - Failed to get advertising image, set to default
2023-12-21 22:27:42,032 [FATAL] Updater:308 - Updater called before beeing initialized
2023-12-21 22:27:42,067 [ERROR] Updater:1120 - MainUpdater not yet initialized. External WinMGr cannot be set.
2023-12-21 22:27:42,069 [INFO] Updater:1056 - Updater Version found : 6.10.0
2023-12-21 22:27:42,081 [INFO] ApplicationProperties:184 - Using Application install path: I:\programy\ST\STM32CubeIDE_1.14.0\STM32CubeIDE\plugins\com.st.stm32cube.common.mx_6.10.0.202311202037
